[1.369s] Invoking command in '/home/ubuntu/ros_ws/build/wc_bringup': PYTHONPATH=/home/ubuntu/ros_ws/build/wc_bringup/prefix_override:/usr/lib/python3/dist-packages/colcon_core/task/python/colcon_distutils_commands:/home/ubuntu/ros_ws/install/wc_bringup/lib/python3.10/site-packages:${PYTHONPATH} /usr/bin/python3 -W ignore:setup.py install is deprecated -W ignore:easy_install command is deprecated setup.py develop --editable --build-directory /home/ubuntu/ros_ws/build/wc_bringup/build --no-deps symlink_data --force
[1.797s] running develop
[2.005s] running egg_info
[2.005s] writing wc_bringup.egg-info/PKG-INFO
[2.005s] writing dependency_links to wc_bringup.egg-info/dependency_links.txt
[2.005s] writing entry points to wc_bringup.egg-info/entry_points.txt
[2.005s] writing requirements to wc_bringup.egg-info/requires.txt
[2.005s] writing top-level names to wc_bringup.egg-info/top_level.txt
[2.010s] reading manifest file 'wc_bringup.egg-info/SOURCES.txt'
[2.010s] writing manifest file 'wc_bringup.egg-info/SOURCES.txt'
[2.013s] running build_ext
[2.014s] Creating /home/ubuntu/ros_ws/install/wc_bringup/lib/python3.10/site-packages/wc-bringup.egg-link (link to .)
[2.015s] 
[2.015s] Installed /home/ubuntu/ros_ws/build/wc_bringup
[2.015s] running symlink_data
[2.015s] symbolically linking /home/ubuntu/ros_ws/build/wc_bringup/resource/wc_bringup -> /home/ubuntu/ros_ws/install/wc_bringup/share/ament_index/resource_index/packages
[2.015s] symbolically linking /home/ubuntu/ros_ws/build/wc_bringup/package.xml -> /home/ubuntu/ros_ws/install/wc_bringup/share/wc_bringup
[2.015s] symbolically linking /home/ubuntu/ros_ws/build/wc_bringup/launch/bringup.launch.py -> /home/ubuntu/ros_ws/install/wc_bringup/share/wc_bringup/launch
[2.019s] symbolically linking /home/ubuntu/ros_ws/build/wc_bringup/config/robots.yaml -> /home/ubuntu/ros_ws/install/wc_bringup/share/wc_bringup/config
[2.051s] Invoked command in '/home/ubuntu/ros_ws/build/wc_bringup' returned '0': PYTHONPATH=/home/ubuntu/ros_ws/build/wc_bringup/prefix_override:/usr/lib/python3/dist-packages/colcon_core/task/python/colcon_distutils_commands:/home/ubuntu/ros_ws/install/wc_bringup/lib/python3.10/site-packages:${PYTHONPATH} /usr/bin/python3 -W ignore:setup.py install is deprecated -W ignore:easy_install command is deprecated setup.py develop --editable --build-directory /home/ubuntu/ros_ws/build/wc_bringup/build --no-deps symlink_data --force
