running develop
running egg_info
creating wc_bringup.egg-info
writing wc_bringup.egg-info/PKG-INFO
writing dependency_links to wc_bringup.egg-info/dependency_links.txt
writing entry points to wc_bringup.egg-info/entry_points.txt
writing requirements to wc_bringup.egg-info/requires.txt
writing top-level names to wc_bringup.egg-info/top_level.txt
writing manifest file 'wc_bringup.egg-info/SOURCES.txt'
reading manifest file 'wc_bringup.egg-info/SOURCES.txt'
writing manifest file 'wc_bringup.egg-info/SOURCES.txt'
running build_ext
Creating /home/ubuntu/ros_ws/install/wc_bringup/lib/python3.10/site-packages/wc-bringup.egg-link (link to .)

Installed /home/ubuntu/ros_ws/build/wc_bringup
running symlink_data
creating /home/ubuntu/ros_ws/install/wc_bringup/share/ament_index
creating /home/ubuntu/ros_ws/install/wc_bringup/share/ament_index/resource_index
creating /home/ubuntu/ros_ws/install/wc_bringup/share/ament_index/resource_index/packages
symbolically linking /home/ubuntu/ros_ws/build/wc_bringup/resource/wc_bringup -> /home/ubuntu/ros_ws/install/wc_bringup/share/ament_index/resource_index/packages
symbolically linking /home/ubuntu/ros_ws/build/wc_bringup/package.xml -> /home/ubuntu/ros_ws/install/wc_bringup/share/wc_bringup
creating /home/ubuntu/ros_ws/install/wc_bringup/share/wc_bringup/launch
symbolically linking /home/ubuntu/ros_ws/build/wc_bringup/launch/bringup.launch.py -> /home/ubuntu/ros_ws/install/wc_bringup/share/wc_bringup/launch
creating /home/ubuntu/ros_ws/install/wc_bringup/share/wc_bringup/config
symbolically linking /home/ubuntu/ros_ws/build/wc_bringup/config/robots.yaml -> /home/ubuntu/ros_ws/install/wc_bringup/share/wc_bringup/config
