[1.104s] Invoking command in '/home/ubuntu/ros_ws/build/wc_mission_manager': PYTHONPATH=/home/ubuntu/ros_ws/build/wc_mission_manager/prefix_override:/usr/lib/python3/dist-packages/colcon_core/task/python/colcon_distutils_commands:/home/ubuntu/ros_ws/install/wc_mission_manager/lib/python3.10/site-packages:${PYTHONPATH} /usr/bin/python3 -W ignore:setup.py install is deprecated -W ignore:easy_install command is deprecated setup.py develop --uninstall --editable --build-directory /home/ubuntu/ros_ws/build/wc_mission_manager/build
[1.401s] running develop
[1.609s] Removing /home/ubuntu/ros_ws/install/wc_mission_manager/lib/python3.10/site-packages/wc-mission-manager.egg-link (link to .)
[1.665s] Invoked command in '/home/ubuntu/ros_ws/build/wc_mission_manager' returned '0': PYTHONPATH=/home/ubuntu/ros_ws/build/wc_mission_manager/prefix_override:/usr/lib/python3/dist-packages/colcon_core/task/python/colcon_distutils_commands:/home/ubuntu/ros_ws/install/wc_mission_manager/lib/python3.10/site-packages:${PYTHONPATH} /usr/bin/python3 -W ignore:setup.py install is deprecated -W ignore:easy_install command is deprecated setup.py develop --uninstall --editable --build-directory /home/ubuntu/ros_ws/build/wc_mission_manager/build
[1.665s] Invoking command in '/home/ubuntu/ros_ws/src/wc_mission_manager': PYTHONPATH=/home/ubuntu/ros_ws/build/wc_mission_manager/prefix_override:/usr/lib/python3/dist-packages/colcon_core/task/python/colcon_distutils_commands:/home/ubuntu/ros_ws/install/wc_mission_manager/lib/python3.10/site-packages:${PYTHONPATH} /usr/bin/python3 -W ignore:setup.py install is deprecated -W ignore:easy_install command is deprecated setup.py egg_info --egg-base ../../build/wc_mission_manager build --build-base /home/ubuntu/ros_ws/build/wc_mission_manager/build install --record /home/ubuntu/ros_ws/build/wc_mission_manager/install.log --single-version-externally-managed install_data --force
[1.968s] running egg_info
[1.968s] writing ../../build/wc_mission_manager/wc_mission_manager.egg-info/PKG-INFO
[1.968s] writing dependency_links to ../../build/wc_mission_manager/wc_mission_manager.egg-info/dependency_links.txt
[1.968s] writing entry points to ../../build/wc_mission_manager/wc_mission_manager.egg-info/entry_points.txt
[1.968s] writing requirements to ../../build/wc_mission_manager/wc_mission_manager.egg-info/requires.txt
[1.969s] writing top-level names to ../../build/wc_mission_manager/wc_mission_manager.egg-info/top_level.txt
[1.970s] reading manifest file '../../build/wc_mission_manager/wc_mission_manager.egg-info/SOURCES.txt'
[1.970s] writing manifest file '../../build/wc_mission_manager/wc_mission_manager.egg-info/SOURCES.txt'
[1.970s] running build
[1.970s] running build_py
[1.970s] copying wc_mission_manager/mission_manager.py -> /home/ubuntu/ros_ws/build/wc_mission_manager/build/lib/wc_mission_manager
[1.970s] running install
[1.971s] running install_lib
[1.971s] creating /home/ubuntu/ros_ws/install/wc_mission_manager/lib/python3.10/site-packages/wc_mission_manager
[1.971s] copying /home/ubuntu/ros_ws/build/wc_mission_manager/build/lib/wc_mission_manager/__init__.py -> /home/ubuntu/ros_ws/install/wc_mission_manager/lib/python3.10/site-packages/wc_mission_manager
[1.971s] copying /home/ubuntu/ros_ws/build/wc_mission_manager/build/lib/wc_mission_manager/mission_manager.py -> /home/ubuntu/ros_ws/install/wc_mission_manager/lib/python3.10/site-packages/wc_mission_manager
[1.972s] byte-compiling /home/ubuntu/ros_ws/install/wc_mission_manager/lib/python3.10/site-packages/wc_mission_manager/__init__.py to __init__.cpython-310.pyc
[1.972s] byte-compiling /home/ubuntu/ros_ws/install/wc_mission_manager/lib/python3.10/site-packages/wc_mission_manager/mission_manager.py to mission_manager.cpython-310.pyc
[1.973s] running install_data
[1.974s] copying resource/wc_mission_manager -> /home/ubuntu/ros_ws/install/wc_mission_manager/share/ament_index/resource_index/packages
[1.974s] copying package.xml -> /home/ubuntu/ros_ws/install/wc_mission_manager/share/wc_mission_manager
[1.974s] running install_egg_info
[1.976s] Copying ../../build/wc_mission_manager/wc_mission_manager.egg-info to /home/ubuntu/ros_ws/install/wc_mission_manager/lib/python3.10/site-packages/wc_mission_manager-0.0.0-py3.10.egg-info
[1.976s] running install_scripts
[2.007s] Installing mission_manager script to /home/ubuntu/ros_ws/install/wc_mission_manager/lib/wc_mission_manager
[2.007s] writing list of installed files to '/home/ubuntu/ros_ws/build/wc_mission_manager/install.log'
[2.034s] Invoked command in '/home/ubuntu/ros_ws/src/wc_mission_manager' returned '0': PYTHONPATH=/home/ubuntu/ros_ws/build/wc_mission_manager/prefix_override:/usr/lib/python3/dist-packages/colcon_core/task/python/colcon_distutils_commands:/home/ubuntu/ros_ws/install/wc_mission_manager/lib/python3.10/site-packages:${PYTHONPATH} /usr/bin/python3 -W ignore:setup.py install is deprecated -W ignore:easy_install command is deprecated setup.py egg_info --egg-base ../../build/wc_mission_manager build --build-base /home/ubuntu/ros_ws/build/wc_mission_manager/build install --record /home/ubuntu/ros_ws/build/wc_mission_manager/install.log --single-version-externally-managed install_data --force
