[1.477s] Invoking command in '/home/ubuntu/ros_ws/build/wc_mission_manager': PYTHONPATH=/home/ubuntu/ros_ws/build/wc_mission_manager/prefix_override:/usr/lib/python3/dist-packages/colcon_core/task/python/colcon_distutils_commands:/home/ubuntu/ros_ws/install/wc_mission_manager/lib/python3.10/site-packages:${PYTHONPATH} /usr/bin/python3 -W ignore:setup.py install is deprecated -W ignore:easy_install command is deprecated setup.py develop --uninstall --editable --build-directory /home/ubuntu/ros_ws/build/wc_mission_manager/build
[1.960s] running develop
[2.232s] Removing /home/ubuntu/ros_ws/install/wc_mission_manager/lib/python3.10/site-packages/wc-mission-manager.egg-link (link to .)
[2.291s] Invoked command in '/home/ubuntu/ros_ws/build/wc_mission_manager' returned '0': PYTHONPATH=/home/ubuntu/ros_ws/build/wc_mission_manager/prefix_override:/usr/lib/python3/dist-packages/colcon_core/task/python/colcon_distutils_commands:/home/ubuntu/ros_ws/install/wc_mission_manager/lib/python3.10/site-packages:${PYTHONPATH} /usr/bin/python3 -W ignore:setup.py install is deprecated -W ignore:easy_install command is deprecated setup.py develop --uninstall --editable --build-directory /home/ubuntu/ros_ws/build/wc_mission_manager/build
[2.291s] Invoking command in '/home/ubuntu/ros_ws/src/wc_mission_manager': PYTHONPATH=/home/ubuntu/ros_ws/build/wc_mission_manager/prefix_override:/usr/lib/python3/dist-packages/colcon_core/task/python/colcon_distutils_commands:/home/ubuntu/ros_ws/install/wc_mission_manager/lib/python3.10/site-packages:${PYTHONPATH} /usr/bin/python3 -W ignore:setup.py install is deprecated -W ignore:easy_install command is deprecated setup.py egg_info --egg-base ../../build/wc_mission_manager build --build-base /home/ubuntu/ros_ws/build/wc_mission_manager/build install --record /home/ubuntu/ros_ws/build/wc_mission_manager/install.log --single-version-externally-managed install_data --force
[2.725s] running egg_info
[2.728s] writing ../../build/wc_mission_manager/wc_mission_manager.egg-info/PKG-INFO
[2.729s] writing dependency_links to ../../build/wc_mission_manager/wc_mission_manager.egg-info/dependency_links.txt
[2.729s] writing entry points to ../../build/wc_mission_manager/wc_mission_manager.egg-info/entry_points.txt
[2.729s] writing requirements to ../../build/wc_mission_manager/wc_mission_manager.egg-info/requires.txt
[2.729s] writing top-level names to ../../build/wc_mission_manager/wc_mission_manager.egg-info/top_level.txt
[2.731s] reading manifest file '../../build/wc_mission_manager/wc_mission_manager.egg-info/SOURCES.txt'
[2.735s] writing manifest file '../../build/wc_mission_manager/wc_mission_manager.egg-info/SOURCES.txt'
[2.735s] running build
[2.735s] running build_py
[2.735s] copying wc_mission_manager/mission_manager.py -> /home/ubuntu/ros_ws/build/wc_mission_manager/build/lib/wc_mission_manager
[2.735s] running install
[2.735s] running install_lib
[2.738s] creating /home/ubuntu/ros_ws/install/wc_mission_manager/lib/python3.10/site-packages/wc_mission_manager
[2.738s] copying /home/ubuntu/ros_ws/build/wc_mission_manager/build/lib/wc_mission_manager/__init__.py -> /home/ubuntu/ros_ws/install/wc_mission_manager/lib/python3.10/site-packages/wc_mission_manager
[2.738s] copying /home/ubuntu/ros_ws/build/wc_mission_manager/build/lib/wc_mission_manager/mission_manager.py -> /home/ubuntu/ros_ws/install/wc_mission_manager/lib/python3.10/site-packages/wc_mission_manager
[2.740s] byte-compiling /home/ubuntu/ros_ws/install/wc_mission_manager/lib/python3.10/site-packages/wc_mission_manager/__init__.py to __init__.cpython-310.pyc
[2.740s] byte-compiling /home/ubuntu/ros_ws/install/wc_mission_manager/lib/python3.10/site-packages/wc_mission_manager/mission_manager.py to mission_manager.cpython-310.pyc
[2.749s] running install_data
[2.749s] copying resource/wc_mission_manager -> /home/ubuntu/ros_ws/install/wc_mission_manager/share/ament_index/resource_index/packages
[2.749s] copying package.xml -> /home/ubuntu/ros_ws/install/wc_mission_manager/share/wc_mission_manager
[2.749s] running install_egg_info
[2.749s] Copying ../../build/wc_mission_manager/wc_mission_manager.egg-info to /home/ubuntu/ros_ws/install/wc_mission_manager/lib/python3.10/site-packages/wc_mission_manager-0.0.0-py3.10.egg-info
[2.750s] running install_scripts
[2.781s] Installing mission_manager script to /home/ubuntu/ros_ws/install/wc_mission_manager/lib/wc_mission_manager
[2.789s] writing list of installed files to '/home/ubuntu/ros_ws/build/wc_mission_manager/install.log'
[2.837s] Invoked command in '/home/ubuntu/ros_ws/src/wc_mission_manager' returned '0': PYTHONPATH=/home/ubuntu/ros_ws/build/wc_mission_manager/prefix_override:/usr/lib/python3/dist-packages/colcon_core/task/python/colcon_distutils_commands:/home/ubuntu/ros_ws/install/wc_mission_manager/lib/python3.10/site-packages:${PYTHONPATH} /usr/bin/python3 -W ignore:setup.py install is deprecated -W ignore:easy_install command is deprecated setup.py egg_info --egg-base ../../build/wc_mission_manager build --build-base /home/ubuntu/ros_ws/build/wc_mission_manager/build install --record /home/ubuntu/ros_ws/build/wc_mission_manager/install.log --single-version-externally-managed install_data --force
