[0.011s] Invoking command in '/home/ubuntu/project/Project-Hospital-Autonomous-Wheelchair/Hospital_WheelChair/hospital_ws/build/hospital_description': CMAKE_PREFIX_PATH=${CMAKE_PREFIX_PATH}:/home/ubuntu/turtlebot3_ws/install/turtlebot3_teleop:/home/ubuntu/turtlebot3_ws/install/turtlebot3_example:/home/ubuntu/turtlebot3_ws/install/my_comm_pkg:/opt/ros/humble /usr/bin/cmake /home/ubuntu/project/Project-Hospital-Autonomous-Wheelchair/Hospital_WheelChair/hospital_ws/src/hospital_description -DAMENT_CMAKE_SYMLINK_INSTALL=1 -DCMAKE_INSTALL_PREFIX=/home/ubuntu/project/Project-Hospital-Autonomous-Wheelchair/Hospital_WheelChair/hospital_ws/install/hospital_description
[0.050s] -- The C compiler identification is GNU 11.4.0
[0.088s] -- The CXX compiler identification is GNU 11.4.0
[0.092s] -- Detecting C compiler ABI info
[0.147s] -- Detecting C compiler ABI info - done
[0.150s] -- Check for working C compiler: /usr/bin/cc - skipped
[0.150s] -- Detecting C compile features
[0.150s] -- Detecting C compile features - done
[0.152s] -- Detecting CXX compiler ABI info
[0.214s] -- Detecting CXX compiler ABI info - done
[0.218s] -- Check for working CXX compiler: /usr/bin/c++ - skipped
[0.218s] -- Detecting CXX compile features
[0.219s] -- Detecting CXX compile features - done
[0.222s] -- Found ament_cmake: 1.3.12 (/opt/ros/humble/share/ament_cmake/cmake)
[0.329s] -- Found Python3: /usr/bin/python3 (found version "3.10.12") found components: Interpreter 
[0.376s] -- Override CMake install command with custom implementation using symlinks instead of copying resources
[0.452s] -- Configuring done
[0.453s] -- Generating done
[0.453s] -- Build files have been written to: /home/ubuntu/project/Project-Hospital-Autonomous-Wheelchair/Hospital_WheelChair/hospital_ws/build/hospital_description
[0.456s] Invoked command in '/home/ubuntu/project/Project-Hospital-Autonomous-Wheelchair/Hospital_WheelChair/hospital_ws/build/hospital_description' returned '0': CMAKE_PREFIX_PATH=${CMAKE_PREFIX_PATH}:/home/ubuntu/turtlebot3_ws/install/turtlebot3_teleop:/home/ubuntu/turtlebot3_ws/install/turtlebot3_example:/home/ubuntu/turtlebot3_ws/install/my_comm_pkg:/opt/ros/humble /usr/bin/cmake /home/ubuntu/project/Project-Hospital-Autonomous-Wheelchair/Hospital_WheelChair/hospital_ws/src/hospital_description -DAMENT_CMAKE_SYMLINK_INSTALL=1 -DCMAKE_INSTALL_PREFIX=/home/ubuntu/project/Project-Hospital-Autonomous-Wheelchair/Hospital_WheelChair/hospital_ws/install/hospital_description
[0.458s] Invoking command in '/home/ubuntu/project/Project-Hospital-Autonomous-Wheelchair/Hospital_WheelChair/hospital_ws/build/hospital_description': CMAKE_PREFIX_PATH=${CMAKE_PREFIX_PATH}:/home/ubuntu/turtlebot3_ws/install/turtlebot3_teleop:/home/ubuntu/turtlebot3_ws/install/turtlebot3_example:/home/ubuntu/turtlebot3_ws/install/my_comm_pkg:/opt/ros/humble /usr/bin/cmake --build /home/ubuntu/project/Project-Hospital-Autonomous-Wheelchair/Hospital_WheelChair/hospital_ws/build/hospital_description -- -j2 -l2
[0.489s] Invoked command in '/home/ubuntu/project/Project-Hospital-Autonomous-Wheelchair/Hospital_WheelChair/hospital_ws/build/hospital_description' returned '0': CMAKE_PREFIX_PATH=${CMAKE_PREFIX_PATH}:/home/ubuntu/turtlebot3_ws/install/turtlebot3_teleop:/home/ubuntu/turtlebot3_ws/install/turtlebot3_example:/home/ubuntu/turtlebot3_ws/install/my_comm_pkg:/opt/ros/humble /usr/bin/cmake --build /home/ubuntu/project/Project-Hospital-Autonomous-Wheelchair/Hospital_WheelChair/hospital_ws/build/hospital_description -- -j2 -l2
[0.494s] Invoking command in '/home/ubuntu/project/Project-Hospital-Autonomous-Wheelchair/Hospital_WheelChair/hospital_ws/build/hospital_description': CMAKE_PREFIX_PATH=${CMAKE_PREFIX_PATH}:/home/ubuntu/turtlebot3_ws/install/turtlebot3_teleop:/home/ubuntu/turtlebot3_ws/install/turtlebot3_example:/home/ubuntu/turtlebot3_ws/install/my_comm_pkg:/opt/ros/humble /usr/bin/cmake --install /home/ubuntu/project/Project-Hospital-Autonomous-Wheelchair/Hospital_WheelChair/hospital_ws/build/hospital_description
[0.500s] -- Install configuration: ""
[0.501s] -- Execute custom install script
[0.501s] -- Symlinking: /home/ubuntu/project/Project-Hospital-Autonomous-Wheelchair/Hospital_WheelChair/hospital_ws/install/hospital_description/share/hospital_description/meshes/bases/burger_1.stl
[0.508s] -- Symlinking: /home/ubuntu/project/Project-Hospital-Autonomous-Wheelchair/Hospital_WheelChair/hospital_ws/install/hospital_description/share/hospital_description/meshes/bases/burger_5.stl
[0.516s] -- Symlinking: /home/ubuntu/project/Project-Hospital-Autonomous-Wheelchair/Hospital_WheelChair/hospital_ws/install/hospital_description/share/hospital_description/meshes/bases/burger_base.stl
[0.522s] -- Symlinking: /home/ubuntu/project/Project-Hospital-Autonomous-Wheelchair/Hospital_WheelChair/hospital_ws/install/hospital_description/share/hospital_description/meshes/bases/top_plate.stl
[0.528s] -- Symlinking: /home/ubuntu/project/Project-Hospital-Autonomous-Wheelchair/Hospital_WheelChair/hospital_ws/install/hospital_description/share/hospital_description/meshes/bases/waffle_base.stl
[0.534s] -- Symlinking: /home/ubuntu/project/Project-Hospital-Autonomous-Wheelchair/Hospital_WheelChair/hospital_ws/install/hospital_description/share/hospital_description/meshes/bases/waffle_pi_base.stl
[0.540s] -- Symlinking: /home/ubuntu/project/Project-Hospital-Autonomous-Wheelchair/Hospital_WheelChair/hospital_ws/install/hospital_description/share/hospital_description/meshes/chair/chair.stl
[0.545s] -- Symlinking: /home/ubuntu/project/Project-Hospital-Autonomous-Wheelchair/Hospital_WheelChair/hospital_ws/install/hospital_description/share/hospital_description/meshes/sensors/astra.dae
[0.552s] -- Symlinking: /home/ubuntu/project/Project-Hospital-Autonomous-Wheelchair/Hospital_WheelChair/hospital_ws/install/hospital_description/share/hospital_description/meshes/sensors/astra.jpg
[0.558s] -- Symlinking: /home/ubuntu/project/Project-Hospital-Autonomous-Wheelchair/Hospital_WheelChair/hospital_ws/install/hospital_description/share/hospital_description/meshes/sensors/lds.stl
[0.565s] -- Symlinking: /home/ubuntu/project/Project-Hospital-Autonomous-Wheelchair/Hospital_WheelChair/hospital_ws/install/hospital_description/share/hospital_description/meshes/sensors/r200.dae
[0.571s] -- Symlinking: /home/ubuntu/project/Project-Hospital-Autonomous-Wheelchair/Hospital_WheelChair/hospital_ws/install/hospital_description/share/hospital_description/meshes/sensors/r200.jpg
[0.577s] -- Symlinking: /home/ubuntu/project/Project-Hospital-Autonomous-Wheelchair/Hospital_WheelChair/hospital_ws/install/hospital_description/share/hospital_description/meshes/wheels/left_tire.stl
[0.583s] -- Symlinking: /home/ubuntu/project/Project-Hospital-Autonomous-Wheelchair/Hospital_WheelChair/hospital_ws/install/hospital_description/share/hospital_description/meshes/wheels/right_tire.stl
[0.590s] -- Symlinking: /home/ubuntu/project/Project-Hospital-Autonomous-Wheelchair/Hospital_WheelChair/hospital_ws/install/hospital_description/share/hospital_description/urdf/turtlebot3_burger_Hospital_fixed.urdf
[0.596s] -- Symlinking: /home/ubuntu/project/Project-Hospital-Autonomous-Wheelchair/Hospital_WheelChair/hospital_ws/install/hospital_description/share/ament_index/resource_index/package_run_dependencies/hospital_description
[0.602s] -- Symlinking: /home/ubuntu/project/Project-Hospital-Autonomous-Wheelchair/Hospital_WheelChair/hospital_ws/install/hospital_description/share/ament_index/resource_index/parent_prefix_path/hospital_description
[0.608s] -- Symlinking: /home/ubuntu/project/Project-Hospital-Autonomous-Wheelchair/Hospital_WheelChair/hospital_ws/install/hospital_description/share/hospital_description/environment/ament_prefix_path.sh
[0.616s] -- Symlinking: /home/ubuntu/project/Project-Hospital-Autonomous-Wheelchair/Hospital_WheelChair/hospital_ws/install/hospital_description/share/hospital_description/environment/ament_prefix_path.dsv
[0.622s] -- Symlinking: /home/ubuntu/project/Project-Hospital-Autonomous-Wheelchair/Hospital_WheelChair/hospital_ws/install/hospital_description/share/hospital_description/environment/path.sh
[0.628s] -- Symlinking: /home/ubuntu/project/Project-Hospital-Autonomous-Wheelchair/Hospital_WheelChair/hospital_ws/install/hospital_description/share/hospital_description/environment/path.dsv
[0.635s] -- Symlinking: /home/ubuntu/project/Project-Hospital-Autonomous-Wheelchair/Hospital_WheelChair/hospital_ws/install/hospital_description/share/hospital_description/local_setup.bash
[0.641s] -- Symlinking: /home/ubuntu/project/Project-Hospital-Autonomous-Wheelchair/Hospital_WheelChair/hospital_ws/install/hospital_description/share/hospital_description/local_setup.sh
[0.647s] -- Symlinking: /home/ubuntu/project/Project-Hospital-Autonomous-Wheelchair/Hospital_WheelChair/hospital_ws/install/hospital_description/share/hospital_description/local_setup.zsh
[0.653s] -- Symlinking: /home/ubuntu/project/Project-Hospital-Autonomous-Wheelchair/Hospital_WheelChair/hospital_ws/install/hospital_description/share/hospital_description/local_setup.dsv
[0.659s] -- Symlinking: /home/ubuntu/project/Project-Hospital-Autonomous-Wheelchair/Hospital_WheelChair/hospital_ws/install/hospital_description/share/hospital_description/package.dsv
[0.666s] -- Symlinking: /home/ubuntu/project/Project-Hospital-Autonomous-Wheelchair/Hospital_WheelChair/hospital_ws/install/hospital_description/share/ament_index/resource_index/packages/hospital_description
[0.672s] -- Symlinking: /home/ubuntu/project/Project-Hospital-Autonomous-Wheelchair/Hospital_WheelChair/hospital_ws/install/hospital_description/share/hospital_description/cmake/hospital_descriptionConfig.cmake
[0.678s] -- Symlinking: /home/ubuntu/project/Project-Hospital-Autonomous-Wheelchair/Hospital_WheelChair/hospital_ws/install/hospital_description/share/hospital_description/cmake/hospital_descriptionConfig-version.cmake
[0.685s] -- Symlinking: /home/ubuntu/project/Project-Hospital-Autonomous-Wheelchair/Hospital_WheelChair/hospital_ws/install/hospital_description/share/hospital_description/package.xml
[0.691s] Invoked command in '/home/ubuntu/project/Project-Hospital-Autonomous-Wheelchair/Hospital_WheelChair/hospital_ws/build/hospital_description' returned '0': CMAKE_PREFIX_PATH=${CMAKE_PREFIX_PATH}:/home/ubuntu/turtlebot3_ws/install/turtlebot3_teleop:/home/ubuntu/turtlebot3_ws/install/turtlebot3_example:/home/ubuntu/turtlebot3_ws/install/my_comm_pkg:/opt/ros/humble /usr/bin/cmake --install /home/ubuntu/project/Project-Hospital-Autonomous-Wheelchair/Hospital_WheelChair/hospital_ws/build/hospital_description
