[1.761s] Invoking command in '/home/ubuntu/ros_ws/src/wc_stm_driver': PYTHONPATH=/home/ubuntu/ros_ws/build/wc_stm_driver/prefix_override:/usr/lib/python3/dist-packages/colcon_core/task/python/colcon_distutils_commands:/home/ubuntu/ros_ws/install/wc_stm_driver/lib/python3.10/site-packages:${PYTHONPATH} /usr/bin/python3 -W ignore:setup.py install is deprecated -W ignore:easy_install command is deprecated setup.py egg_info --egg-base ../../build/wc_stm_driver build --build-base /home/ubuntu/ros_ws/build/wc_stm_driver/build install --record /home/ubuntu/ros_ws/build/wc_stm_driver/install.log --single-version-externally-managed install_data
[2.118s] running egg_info
[2.118s] writing ../../build/wc_stm_driver/wc_stm_driver.egg-info/PKG-INFO
[2.118s] writing dependency_links to ../../build/wc_stm_driver/wc_stm_driver.egg-info/dependency_links.txt
[2.118s] writing entry points to ../../build/wc_stm_driver/wc_stm_driver.egg-info/entry_points.txt
[2.118s] writing requirements to ../../build/wc_stm_driver/wc_stm_driver.egg-info/requires.txt
[2.118s] writing top-level names to ../../build/wc_stm_driver/wc_stm_driver.egg-info/top_level.txt
[2.119s] reading manifest file '../../build/wc_stm_driver/wc_stm_driver.egg-info/SOURCES.txt'
[2.120s] writing manifest file '../../build/wc_stm_driver/wc_stm_driver.egg-info/SOURCES.txt'
[2.120s] running build
[2.120s] running build_py
[2.120s] running install
[2.120s] running install_lib
[2.122s] running install_data
[2.122s] running install_egg_info
[2.123s] removing '/home/ubuntu/ros_ws/install/wc_stm_driver/lib/python3.10/site-packages/wc_stm_driver-0.0.0-py3.10.egg-info' (and everything under it)
[2.124s] Copying ../../build/wc_stm_driver/wc_stm_driver.egg-info to /home/ubuntu/ros_ws/install/wc_stm_driver/lib/python3.10/site-packages/wc_stm_driver-0.0.0-py3.10.egg-info
[2.124s] running install_scripts
[2.150s] Installing stm_driver script to /home/ubuntu/ros_ws/install/wc_stm_driver/lib/wc_stm_driver
[2.150s] writing list of installed files to '/home/ubuntu/ros_ws/build/wc_stm_driver/install.log'
[2.174s] Invoked command in '/home/ubuntu/ros_ws/src/wc_stm_driver' returned '0': PYTHONPATH=/home/ubuntu/ros_ws/build/wc_stm_driver/prefix_override:/usr/lib/python3/dist-packages/colcon_core/task/python/colcon_distutils_commands:/home/ubuntu/ros_ws/install/wc_stm_driver/lib/python3.10/site-packages:${PYTHONPATH} /usr/bin/python3 -W ignore:setup.py install is deprecated -W ignore:easy_install command is deprecated setup.py egg_info --egg-base ../../build/wc_stm_driver build --build-base /home/ubuntu/ros_ws/build/wc_stm_driver/build install --record /home/ubuntu/ros_ws/build/wc_stm_driver/install.log --single-version-externally-managed install_data
