[1.641s] Invoking command in '/home/ubuntu/ros_ws/src/wc_server_bridge': PYTHONPATH=/home/ubuntu/ros_ws/build/wc_server_bridge/prefix_override:/usr/lib/python3/dist-packages/colcon_core/task/python/colcon_distutils_commands:/home/ubuntu/ros_ws/install/wc_server_bridge/lib/python3.10/site-packages:${PYTHONPATH} /usr/bin/python3 -W ignore:setup.py install is deprecated -W ignore:easy_install command is deprecated setup.py egg_info --egg-base ../../build/wc_server_bridge build --build-base /home/ubuntu/ros_ws/build/wc_server_bridge/build install --record /home/ubuntu/ros_ws/build/wc_server_bridge/install.log --single-version-externally-managed install_data
[2.054s] running egg_info
[2.055s] writing ../../build/wc_server_bridge/wc_server_bridge.egg-info/PKG-INFO
[2.055s] writing dependency_links to ../../build/wc_server_bridge/wc_server_bridge.egg-info/dependency_links.txt
[2.055s] writing entry points to ../../build/wc_server_bridge/wc_server_bridge.egg-info/entry_points.txt
[2.055s] writing requirements to ../../build/wc_server_bridge/wc_server_bridge.egg-info/requires.txt
[2.055s] writing top-level names to ../../build/wc_server_bridge/wc_server_bridge.egg-info/top_level.txt
[2.055s] reading manifest file '../../build/wc_server_bridge/wc_server_bridge.egg-info/SOURCES.txt'
[2.059s] writing manifest file '../../build/wc_server_bridge/wc_server_bridge.egg-info/SOURCES.txt'
[2.059s] running build
[2.059s] running build_py
[2.059s] running install
[2.059s] running install_lib
[2.061s] running install_data
[2.061s] running install_egg_info
[2.067s] removing '/home/ubuntu/ros_ws/install/wc_server_bridge/lib/python3.10/site-packages/wc_server_bridge-0.0.0-py3.10.egg-info' (and everything under it)
[2.067s] Copying ../../build/wc_server_bridge/wc_server_bridge.egg-info to /home/ubuntu/ros_ws/install/wc_server_bridge/lib/python3.10/site-packages/wc_server_bridge-0.0.0-py3.10.egg-info
[2.068s] running install_scripts
[2.093s] Installing tcp_bridge script to /home/ubuntu/ros_ws/install/wc_server_bridge/lib/wc_server_bridge
[2.093s] writing list of installed files to '/home/ubuntu/ros_ws/build/wc_server_bridge/install.log'
[2.152s] Invoked command in '/home/ubuntu/ros_ws/src/wc_server_bridge' returned '0': PYTHONPATH=/home/ubuntu/ros_ws/build/wc_server_bridge/prefix_override:/usr/lib/python3/dist-packages/colcon_core/task/python/colcon_distutils_commands:/home/ubuntu/ros_ws/install/wc_server_bridge/lib/python3.10/site-packages:${PYTHONPATH} /usr/bin/python3 -W ignore:setup.py install is deprecated -W ignore:easy_install command is deprecated setup.py egg_info --egg-base ../../build/wc_server_bridge build --build-base /home/ubuntu/ros_ws/build/wc_server_bridge/build install --record /home/ubuntu/ros_ws/build/wc_server_bridge/install.log --single-version-externally-managed install_data
