[1.056s] Invoking command in '/home/ubuntu/ros_ws/src/wc_bringup': PYTHONPATH=/home/ubuntu/ros_ws/build/wc_bringup/prefix_override:/usr/lib/python3/dist-packages/colcon_core/task/python/colcon_distutils_commands:/home/ubuntu/ros_ws/install/wc_bringup/lib/python3.10/site-packages:${PYTHONPATH} /usr/bin/python3 -W ignore:setup.py install is deprecated -W ignore:easy_install command is deprecated setup.py egg_info --egg-base ../../build/wc_bringup build --build-base /home/ubuntu/ros_ws/build/wc_bringup/build install --record /home/ubuntu/ros_ws/build/wc_bringup/install.log --single-version-externally-managed install_data
[1.380s] running egg_info
[1.381s] writing ../../build/wc_bringup/wc_bringup.egg-info/PKG-INFO
[1.381s] writing dependency_links to ../../build/wc_bringup/wc_bringup.egg-info/dependency_links.txt
[1.381s] writing entry points to ../../build/wc_bringup/wc_bringup.egg-info/entry_points.txt
[1.381s] writing requirements to ../../build/wc_bringup/wc_bringup.egg-info/requires.txt
[1.381s] writing top-level names to ../../build/wc_bringup/wc_bringup.egg-info/top_level.txt
[1.381s] reading manifest file '../../build/wc_bringup/wc_bringup.egg-info/SOURCES.txt'
[1.390s] writing manifest file '../../build/wc_bringup/wc_bringup.egg-info/SOURCES.txt'
[1.390s] running build
[1.390s] running build_py
[1.390s] running install
[1.392s] running install_lib
[1.393s] running install_data
[1.394s] running install_egg_info
[1.398s] removing '/home/ubuntu/ros_ws/install/wc_bringup/lib/python3.10/site-packages/wc_bringup-0.0.0-py3.10.egg-info' (and everything under it)
[1.399s] Copying ../../build/wc_bringup/wc_bringup.egg-info to /home/ubuntu/ros_ws/install/wc_bringup/lib/python3.10/site-packages/wc_bringup-0.0.0-py3.10.egg-info
[1.399s] running install_scripts
[1.488s] writing list of installed files to '/home/ubuntu/ros_ws/build/wc_bringup/install.log'
[1.564s] Invoked command in '/home/ubuntu/ros_ws/src/wc_bringup' returned '0': PYTHONPATH=/home/ubuntu/ros_ws/build/wc_bringup/prefix_override:/usr/lib/python3/dist-packages/colcon_core/task/python/colcon_distutils_commands:/home/ubuntu/ros_ws/install/wc_bringup/lib/python3.10/site-packages:${PYTHONPATH} /usr/bin/python3 -W ignore:setup.py install is deprecated -W ignore:easy_install command is deprecated setup.py egg_info --egg-base ../../build/wc_bringup build --build-base /home/ubuntu/ros_ws/build/wc_bringup/build install --record /home/ubuntu/ros_ws/build/wc_bringup/install.log --single-version-externally-managed install_data
