[2.648s] Invoking command in '/home/ubuntu/ros_ws/src/wc_server_bridge': PYTHONPATH=/home/ubuntu/ros_ws/build/wc_server_bridge/prefix_override:/usr/lib/python3/dist-packages/colcon_core/task/python/colcon_distutils_commands:/home/ubuntu/ros_ws/install/wc_server_bridge/lib/python3.10/site-packages:${PYTHONPATH} /usr/bin/python3 -W ignore:setup.py install is deprecated -W ignore:easy_install command is deprecated setup.py egg_info --egg-base ../../build/wc_server_bridge build --build-base /home/ubuntu/ros_ws/build/wc_server_bridge/build install --record /home/ubuntu/ros_ws/build/wc_server_bridge/install.log --single-version-externally-managed install_data
[3.793s] running egg_info
[3.798s] writing ../../build/wc_server_bridge/wc_server_bridge.egg-info/PKG-INFO
[3.798s] writing dependency_links to ../../build/wc_server_bridge/wc_server_bridge.egg-info/dependency_links.txt
[3.798s] writing entry points to ../../build/wc_server_bridge/wc_server_bridge.egg-info/entry_points.txt
[3.798s] writing requirements to ../../build/wc_server_bridge/wc_server_bridge.egg-info/requires.txt
[3.801s] writing top-level names to ../../build/wc_server_bridge/wc_server_bridge.egg-info/top_level.txt
[3.808s] reading manifest file '../../build/wc_server_bridge/wc_server_bridge.egg-info/SOURCES.txt'
[3.810s] writing manifest file '../../build/wc_server_bridge/wc_server_bridge.egg-info/SOURCES.txt'
[3.813s] running build
[3.813s] running build_py
[3.814s] running install
[3.823s] running install_lib
[3.835s] running install_data
[3.835s] running install_egg_info
[3.841s] removing '/home/ubuntu/ros_ws/install/wc_server_bridge/lib/python3.10/site-packages/wc_server_bridge-0.0.0-py3.10.egg-info' (and everything under it)
[3.841s] Copying ../../build/wc_server_bridge/wc_server_bridge.egg-info to /home/ubuntu/ros_ws/install/wc_server_bridge/lib/python3.10/site-packages/wc_server_bridge-0.0.0-py3.10.egg-info
[3.842s] running install_scripts
[3.943s] Installing tcp_bridge script to /home/ubuntu/ros_ws/install/wc_server_bridge/lib/wc_server_bridge
[3.943s] writing list of installed files to '/home/ubuntu/ros_ws/build/wc_server_bridge/install.log'
[4.059s] Invoked command in '/home/ubuntu/ros_ws/src/wc_server_bridge' returned '0': PYTHONPATH=/home/ubuntu/ros_ws/build/wc_server_bridge/prefix_override:/usr/lib/python3/dist-packages/colcon_core/task/python/colcon_distutils_commands:/home/ubuntu/ros_ws/install/wc_server_bridge/lib/python3.10/site-packages:${PYTHONPATH} /usr/bin/python3 -W ignore:setup.py install is deprecated -W ignore:easy_install command is deprecated setup.py egg_info --egg-base ../../build/wc_server_bridge build --build-base /home/ubuntu/ros_ws/build/wc_server_bridge/build install --record /home/ubuntu/ros_ws/build/wc_server_bridge/install.log --single-version-externally-managed install_data
