[0.100s] DEBUG:colcon:Command line arguments: ['/usr/bin/colcon', 'build']
[0.100s] DEBUG:colcon:Parsed command line arguments: Namespace(log_base=None, log_level=None, verb_name='build', build_base='build', install_base='install', merge_install=False, symlink_install=False, test_result_base=None, continue_on_error=False, executor='parallel', parallel_workers=4, event_handlers=None, ignore_user_meta=False, metas=['./colcon.meta'], base_paths=['.'], packages_ignore=None, packages_ignore_regex=None, paths=None, packages_up_to=None, packages_up_to_regex=None, packages_above=None, packages_above_and_dependencies=None, packages_above_depth=None, packages_select_by_dep=None, packages_skip_by_dep=None, packages_skip_up_to=None, packages_select_build_failed=False, packages_skip_build_finished=False, packages_select_test_failures=False, packages_skip_test_passed=False, packages_select=None, packages_skip=None, packages_select_regex=None, packages_skip_regex=None, packages_start=None, packages_end=None, allow_overriding=[], cmake_args=None, cmake_target=None, cmake_target_skip_unavailable=False, cmake_clean_cache=False, cmake_clean_first=False, cmake_force_configure=False, ament_cmake_args=None, catkin_cmake_args=None, catkin_skip_building_tests=False, mixin_files=None, mixin=None, verb_parser=<colcon_mixin.mixin.mixin_argument.MixinArgumentDecorator object at 0x7ff3d847f610>, verb_extension=<colcon_core.verb.build.BuildVerb object at 0x7ff3d85c8550>, main=<bound method BuildVerb.main of <colcon_core.verb.build.BuildVerb object at 0x7ff3d85c8550>>, mixin_verb=('build',))
[0.231s] Level 1:colcon.colcon_core.package_discovery:discover_packages(colcon_meta) check parameters
[0.231s] Level 1:colcon.colcon_core.package_discovery:discover_packages(recursive) check parameters
[0.231s] Level 1:colcon.colcon_core.package_discovery:discover_packages(ignore) check parameters
[0.231s] Level 1:colcon.colcon_core.package_discovery:discover_packages(path) check parameters
[0.231s] Level 1:colcon.colcon_core.package_discovery:discover_packages(colcon_meta) discover
[0.231s] Level 1:colcon.colcon_core.package_discovery:discover_packages(recursive) discover
[0.231s] INFO:colcon.colcon_core.package_discovery:Crawling recursively for packages in '/home/ubuntu/ros_ws'
[0.231s] Level 1:colcon.colcon_core.package_identification:_identify(.) by extensions ['ignore', 'ignore_ament_install']
[0.231s] Level 1:colcon.colcon_core.package_identification:_identify(.) by extension 'ignore'
[0.231s] Level 1:colcon.colcon_core.package_identification:_identify(.) by extension 'ignore_ament_install'
[0.231s] Level 1:colcon.colcon_core.package_identification:_identify(.) by extensions ['colcon_pkg']
[0.231s] Level 1:colcon.colcon_core.package_identification:_identify(.) by extension 'colcon_pkg'
[0.231s] Level 1:colcon.colcon_core.package_identification:_identify(.) by extensions ['colcon_meta']
[0.231s] Level 1:colcon.colcon_core.package_identification:_identify(.) by extension 'colcon_meta'
[0.231s] Level 1:colcon.colcon_core.package_identification:_identify(.) by extensions ['ros']
[0.231s] Level 1:colcon.colcon_core.package_identification:_identify(.) by extension 'ros'
[0.246s] Level 1:colcon.colcon_core.package_identification:_identify(.) by extensions ['cmake', 'python']
[0.247s] Level 1:colcon.colcon_core.package_identification:_identify(.) by extension 'cmake'
[0.247s] Level 1:colcon.colcon_core.package_identification:_identify(.) by extension 'python'
[0.247s] Level 1:colcon.colcon_core.package_identification:_identify(.) by extensions ['python_setup_py']
[0.247s] Level 1:colcon.colcon_core.package_identification:_identify(.) by extension 'python_setup_py'
[0.247s] Level 1:colcon.colcon_core.package_identification:_identify(build) by extensions ['ignore', 'ignore_ament_install']
[0.247s] Level 1:colcon.colcon_core.package_identification:_identify(build) by extension 'ignore'
[0.247s] Level 1:colcon.colcon_core.package_identification:_identify(build) ignored
[0.247s] Level 1:colcon.colcon_core.package_identification:_identify(install) by extensions ['ignore', 'ignore_ament_install']
[0.247s] Level 1:colcon.colcon_core.package_identification:_identify(install) by extension 'ignore'
[0.247s] Level 1:colcon.colcon_core.package_identification:_identify(install) ignored
[0.247s] Level 1:colcon.colcon_core.package_identification:_identify(log) by extensions ['ignore', 'ignore_ament_install']
[0.247s] Level 1:colcon.colcon_core.package_identification:_identify(log) by extension 'ignore'
[0.247s] Level 1:colcon.colcon_core.package_identification:_identify(log) ignored
[0.247s] Level 1:colcon.colcon_core.package_identification:_identify(src) by extensions ['ignore', 'ignore_ament_install']
[0.247s] Level 1:colcon.colcon_core.package_identification:_identify(src) by extension 'ignore'
[0.247s] Level 1:colcon.colcon_core.package_identification:_identify(src) by extension 'ignore_ament_install'
[0.247s] Level 1:colcon.colcon_core.package_identification:_identify(src) by extensions ['colcon_pkg']
[0.247s] Level 1:colcon.colcon_core.package_identification:_identify(src) by extension 'colcon_pkg'
[0.247s] Level 1:colcon.colcon_core.package_identification:_identify(src) by extensions ['colcon_meta']
[0.247s] Level 1:colcon.colcon_core.package_identification:_identify(src) by extension 'colcon_meta'
[0.247s] Level 1:colcon.colcon_core.package_identification:_identify(src) by extensions ['ros']
[0.247s] Level 1:colcon.colcon_core.package_identification:_identify(src) by extension 'ros'
[0.247s] Level 1:colcon.colcon_core.package_identification:_identify(src) by extensions ['cmake', 'python']
[0.247s] Level 1:colcon.colcon_core.package_identification:_identify(src) by extension 'cmake'
[0.247s] Level 1:colcon.colcon_core.package_identification:_identify(src) by extension 'python'
[0.248s] Level 1:colcon.colcon_core.package_identification:_identify(src) by extensions ['python_setup_py']
[0.248s] Level 1:colcon.colcon_core.package_identification:_identify(src) by extension 'python_setup_py'
[0.248s] Level 1:colcon.colcon_core.package_identification:_identify(src/wc_bringup) by extensions ['ignore', 'ignore_ament_install']
[0.248s] Level 1:colcon.colcon_core.package_identification:_identify(src/wc_bringup) by extension 'ignore'
[0.248s] Level 1:colcon.colcon_core.package_identification:_identify(src/wc_bringup) by extension 'ignore_ament_install'
[0.248s] Level 1:colcon.colcon_core.package_identification:_identify(src/wc_bringup) by extensions ['colcon_pkg']
[0.248s] Level 1:colcon.colcon_core.package_identification:_identify(src/wc_bringup) by extension 'colcon_pkg'
[0.248s] Level 1:colcon.colcon_core.package_identification:_identify(src/wc_bringup) by extensions ['colcon_meta']
[0.248s] Level 1:colcon.colcon_core.package_identification:_identify(src/wc_bringup) by extension 'colcon_meta'
[0.248s] Level 1:colcon.colcon_core.package_identification:_identify(src/wc_bringup) by extensions ['ros']
[0.248s] Level 1:colcon.colcon_core.package_identification:_identify(src/wc_bringup) by extension 'ros'
[0.250s] DEBUG:colcon.colcon_core.package_identification:Package 'src/wc_bringup' with type 'ros.ament_python' and name 'wc_bringup'
[0.250s] Level 1:colcon.colcon_core.package_identification:_identify(src/wc_mission_manager) by extensions ['ignore', 'ignore_ament_install']
[0.250s] Level 1:colcon.colcon_core.package_identification:_identify(src/wc_mission_manager) by extension 'ignore'
[0.250s] Level 1:colcon.colcon_core.package_identification:_identify(src/wc_mission_manager) by extension 'ignore_ament_install'
[0.250s] Level 1:colcon.colcon_core.package_identification:_identify(src/wc_mission_manager) by extensions ['colcon_pkg']
[0.250s] Level 1:colcon.colcon_core.package_identification:_identify(src/wc_mission_manager) by extension 'colcon_pkg'
[0.250s] Level 1:colcon.colcon_core.package_identification:_identify(src/wc_mission_manager) by extensions ['colcon_meta']
[0.250s] Level 1:colcon.colcon_core.package_identification:_identify(src/wc_mission_manager) by extension 'colcon_meta'
[0.250s] Level 1:colcon.colcon_core.package_identification:_identify(src/wc_mission_manager) by extensions ['ros']
[0.250s] Level 1:colcon.colcon_core.package_identification:_identify(src/wc_mission_manager) by extension 'ros'
[0.251s] DEBUG:colcon.colcon_core.package_identification:Package 'src/wc_mission_manager' with type 'ros.ament_python' and name 'wc_mission_manager'
[0.251s] Level 1:colcon.colcon_core.package_identification:_identify(src/wc_server_bridge) by extensions ['ignore', 'ignore_ament_install']
[0.251s] Level 1:colcon.colcon_core.package_identification:_identify(src/wc_server_bridge) by extension 'ignore'
[0.251s] Level 1:colcon.colcon_core.package_identification:_identify(src/wc_server_bridge) by extension 'ignore_ament_install'
[0.251s] Level 1:colcon.colcon_core.package_identification:_identify(src/wc_server_bridge) by extensions ['colcon_pkg']
[0.251s] Level 1:colcon.colcon_core.package_identification:_identify(src/wc_server_bridge) by extension 'colcon_pkg'
[0.251s] Level 1:colcon.colcon_core.package_identification:_identify(src/wc_server_bridge) by extensions ['colcon_meta']
[0.251s] Level 1:colcon.colcon_core.package_identification:_identify(src/wc_server_bridge) by extension 'colcon_meta'
[0.251s] Level 1:colcon.colcon_core.package_identification:_identify(src/wc_server_bridge) by extensions ['ros']
[0.251s] Level 1:colcon.colcon_core.package_identification:_identify(src/wc_server_bridge) by extension 'ros'
[0.251s] DEBUG:colcon.colcon_core.package_identification:Package 'src/wc_server_bridge' with type 'ros.ament_python' and name 'wc_server_bridge'
[0.251s] Level 1:colcon.colcon_core.package_discovery:discover_packages(recursive) using defaults
[0.251s] Level 1:colcon.colcon_core.package_discovery:discover_packages(ignore) discover
[0.251s] Level 1:colcon.colcon_core.package_discovery:discover_packages(ignore) using defaults
[0.251s] Level 1:colcon.colcon_core.package_discovery:discover_packages(path) discover
[0.251s] Level 1:colcon.colcon_core.package_discovery:discover_packages(path) using defaults
[0.266s] Level 1:colcon.colcon_core.package_discovery:discover_packages(prefix_path) check parameters
[0.266s] Level 1:colcon.colcon_core.package_discovery:discover_packages(prefix_path) discover
[0.268s] DEBUG:colcon.colcon_installed_package_information.package_discovery:Found 3 installed packages in /home/ubuntu/ros_ws/install
[0.268s] DEBUG:colcon.colcon_installed_package_information.package_discovery:Found 25 installed packages in /home/ubuntu/turtlebot3_ws/install
[0.269s] DEBUG:colcon.colcon_installed_package_information.package_discovery:Found 1 installed packages in /home/ubuntu/project_ws/install
[0.270s] DEBUG:colcon.colcon_installed_package_information.package_discovery:Found 462 installed packages in /opt/ros/humble
[0.272s] Level 1:colcon.colcon_core.package_discovery:discover_packages(prefix_path) using defaults
[0.305s] Level 5:colcon.colcon_core.verb:set package 'wc_bringup' build argument 'cmake_args' from command line to 'None'
[0.306s] Level 5:colcon.colcon_core.verb:set package 'wc_bringup' build argument 'cmake_target' from command line to 'None'
[0.306s] Level 5:colcon.colcon_core.verb:set package 'wc_bringup' build argument 'cmake_target_skip_unavailable' from command line to 'False'
[0.306s] Level 5:colcon.colcon_core.verb:set package 'wc_bringup' build argument 'cmake_clean_cache' from command line to 'False'
[0.306s] Level 5:colcon.colcon_core.verb:set package 'wc_bringup' build argument 'cmake_clean_first' from command line to 'False'
[0.306s] Level 5:colcon.colcon_core.verb:set package 'wc_bringup' build argument 'cmake_force_configure' from command line to 'False'
[0.306s] Level 5:colcon.colcon_core.verb:set package 'wc_bringup' build argument 'ament_cmake_args' from command line to 'None'
[0.306s] Level 5:colcon.colcon_core.verb:set package 'wc_bringup' build argument 'catkin_cmake_args' from command line to 'None'
[0.306s] Level 5:colcon.colcon_core.verb:set package 'wc_bringup' build argument 'catkin_skip_building_tests' from command line to 'False'
[0.306s] DEBUG:colcon.colcon_core.verb:Building package 'wc_bringup' with the following arguments: {'ament_cmake_args': None, 'build_base': '/home/ubuntu/ros_ws/build/wc_bringup', 'catkin_cmake_args': None, 'catkin_skip_building_tests': False, 'cmake_args': None, 'cmake_clean_cache': False, 'cmake_clean_first': False, 'cmake_force_configure': False, 'cmake_target': None, 'cmake_target_skip_unavailable': False, 'install_base': '/home/ubuntu/ros_ws/install/wc_bringup', 'merge_install': False, 'path': '/home/ubuntu/ros_ws/src/wc_bringup', 'symlink_install': False, 'test_result_base': None}
[0.306s] Level 5:colcon.colcon_core.verb:set package 'wc_mission_manager' build argument 'cmake_args' from command line to 'None'
[0.306s] Level 5:colcon.colcon_core.verb:set package 'wc_mission_manager' build argument 'cmake_target' from command line to 'None'
[0.306s] Level 5:colcon.colcon_core.verb:set package 'wc_mission_manager' build argument 'cmake_target_skip_unavailable' from command line to 'False'
[0.306s] Level 5:colcon.colcon_core.verb:set package 'wc_mission_manager' build argument 'cmake_clean_cache' from command line to 'False'
[0.306s] Level 5:colcon.colcon_core.verb:set package 'wc_mission_manager' build argument 'cmake_clean_first' from command line to 'False'
[0.306s] Level 5:colcon.colcon_core.verb:set package 'wc_mission_manager' build argument 'cmake_force_configure' from command line to 'False'
[0.306s] Level 5:colcon.colcon_core.verb:set package 'wc_mission_manager' build argument 'ament_cmake_args' from command line to 'None'
[0.306s] Level 5:colcon.colcon_core.verb:set package 'wc_mission_manager' build argument 'catkin_cmake_args' from command line to 'None'
[0.306s] Level 5:colcon.colcon_core.verb:set package 'wc_mission_manager' build argument 'catkin_skip_building_tests' from command line to 'False'
[0.306s] DEBUG:colcon.colcon_core.verb:Building package 'wc_mission_manager' with the following arguments: {'ament_cmake_args': None, 'build_base': '/home/ubuntu/ros_ws/build/wc_mission_manager', 'catkin_cmake_args': None, 'catkin_skip_building_tests': False, 'cmake_args': None, 'cmake_clean_cache': False, 'cmake_clean_first': False, 'cmake_force_configure': False, 'cmake_target': None, 'cmake_target_skip_unavailable': False, 'install_base': '/home/ubuntu/ros_ws/install/wc_mission_manager', 'merge_install': False, 'path': '/home/ubuntu/ros_ws/src/wc_mission_manager', 'symlink_install': False, 'test_result_base': None}
[0.306s] Level 5:colcon.colcon_core.verb:set package 'wc_server_bridge' build argument 'cmake_args' from command line to 'None'
[0.306s] Level 5:colcon.colcon_core.verb:set package 'wc_server_bridge' build argument 'cmake_target' from command line to 'None'
[0.306s] Level 5:colcon.colcon_core.verb:set package 'wc_server_bridge' build argument 'cmake_target_skip_unavailable' from command line to 'False'
[0.306s] Level 5:colcon.colcon_core.verb:set package 'wc_server_bridge' build argument 'cmake_clean_cache' from command line to 'False'
[0.306s] Level 5:colcon.colcon_core.verb:set package 'wc_server_bridge' build argument 'cmake_clean_first' from command line to 'False'
[0.306s] Level 5:colcon.colcon_core.verb:set package 'wc_server_bridge' build argument 'cmake_force_configure' from command line to 'False'
[0.306s] Level 5:colcon.colcon_core.verb:set package 'wc_server_bridge' build argument 'ament_cmake_args' from command line to 'None'
[0.306s] Level 5:colcon.colcon_core.verb:set package 'wc_server_bridge' build argument 'catkin_cmake_args' from command line to 'None'
[0.306s] Level 5:colcon.colcon_core.verb:set package 'wc_server_bridge' build argument 'catkin_skip_building_tests' from command line to 'False'
[0.306s] DEBUG:colcon.colcon_core.verb:Building package 'wc_server_bridge' with the following arguments: {'ament_cmake_args': None, 'build_base': '/home/ubuntu/ros_ws/build/wc_server_bridge', 'catkin_cmake_args': None, 'catkin_skip_building_tests': False, 'cmake_args': None, 'cmake_clean_cache': False, 'cmake_clean_first': False, 'cmake_force_configure': False, 'cmake_target': None, 'cmake_target_skip_unavailable': False, 'install_base': '/home/ubuntu/ros_ws/install/wc_server_bridge', 'merge_install': False, 'path': '/home/ubuntu/ros_ws/src/wc_server_bridge', 'symlink_install': False, 'test_result_base': None}
[0.306s] INFO:colcon.colcon_core.executor:Executing jobs using 'parallel' executor
[0.307s] DEBUG:colcon.colcon_parallel_executor.executor.parallel:run_until_complete
[0.308s] INFO:colcon.colcon_ros.task.ament_python.build:Building ROS package in '/home/ubuntu/ros_ws/src/wc_bringup' with build type 'ament_python'
[0.308s] Level 1:colcon.colcon_core.shell:create_environment_hook('wc_bringup', 'ament_prefix_path')
[0.309s] INFO:colcon.colcon_core.plugin_system:Skipping extension 'colcon_core.shell.bat': Not used on non-Windows systems
[0.309s] INFO:colcon.colcon_core.shell:Creating environment hook '/home/ubuntu/ros_ws/install/wc_bringup/share/wc_bringup/hook/ament_prefix_path.ps1'
[0.310s] INFO:colcon.colcon_core.shell:Creating environment descriptor '/home/ubuntu/ros_ws/install/wc_bringup/share/wc_bringup/hook/ament_prefix_path.dsv'
[0.310s] INFO:colcon.colcon_core.shell:Creating environment hook '/home/ubuntu/ros_ws/install/wc_bringup/share/wc_bringup/hook/ament_prefix_path.sh'
[0.311s] INFO:colcon.colcon_core.shell:Skip shell extension 'powershell' for command environment: Not usable outside of PowerShell
[0.311s] DEBUG:colcon.colcon_core.shell:Skip shell extension 'dsv' for command environment
[0.316s] INFO:colcon.colcon_ros.task.ament_python.build:Building ROS package in '/home/ubuntu/ros_ws/src/wc_mission_manager' with build type 'ament_python'
[0.316s] Level 1:colcon.colcon_core.shell:create_environment_hook('wc_mission_manager', 'ament_prefix_path')
[0.316s] INFO:colcon.colcon_core.shell:Creating environment hook '/home/ubuntu/ros_ws/install/wc_mission_manager/share/wc_mission_manager/hook/ament_prefix_path.ps1'
[0.316s] INFO:colcon.colcon_core.shell:Creating environment descriptor '/home/ubuntu/ros_ws/install/wc_mission_manager/share/wc_mission_manager/hook/ament_prefix_path.dsv'
[0.317s] INFO:colcon.colcon_core.shell:Creating environment hook '/home/ubuntu/ros_ws/install/wc_mission_manager/share/wc_mission_manager/hook/ament_prefix_path.sh'
[0.317s] INFO:colcon.colcon_core.shell:Skip shell extension 'powershell' for command environment: Not usable outside of PowerShell
[0.318s] DEBUG:colcon.colcon_core.shell:Skip shell extension 'dsv' for command environment
[0.321s] INFO:colcon.colcon_ros.task.ament_python.build:Building ROS package in '/home/ubuntu/ros_ws/src/wc_server_bridge' with build type 'ament_python'
[0.321s] Level 1:colcon.colcon_core.shell:create_environment_hook('wc_server_bridge', 'ament_prefix_path')
[0.321s] INFO:colcon.colcon_core.shell:Creating environment hook '/home/ubuntu/ros_ws/install/wc_server_bridge/share/wc_server_bridge/hook/ament_prefix_path.ps1'
[0.322s] INFO:colcon.colcon_core.shell:Creating environment descriptor '/home/ubuntu/ros_ws/install/wc_server_bridge/share/wc_server_bridge/hook/ament_prefix_path.dsv'
[0.322s] INFO:colcon.colcon_core.shell:Creating environment hook '/home/ubuntu/ros_ws/install/wc_server_bridge/share/wc_server_bridge/hook/ament_prefix_path.sh'
[0.322s] INFO:colcon.colcon_core.shell:Skip shell extension 'powershell' for command environment: Not usable outside of PowerShell
[0.322s] DEBUG:colcon.colcon_core.shell:Skip shell extension 'dsv' for command environment
[0.520s] INFO:colcon.colcon_core.task.python.build:Building Python package in '/home/ubuntu/ros_ws/src/wc_bringup'
[0.520s] INFO:colcon.colcon_core.shell:Skip shell extension 'powershell' for command environment: Not usable outside of PowerShell
[0.520s] DEBUG:colcon.colcon_core.shell:Skip shell extension 'dsv' for command environment
[0.710s] INFO:colcon.colcon_core.task.python.build:Building Python package in '/home/ubuntu/ros_ws/src/wc_mission_manager'
[0.711s] INFO:colcon.colcon_core.shell:Skip shell extension 'powershell' for command environment: Not usable outside of PowerShell
[0.711s] DEBUG:colcon.colcon_core.shell:Skip shell extension 'dsv' for command environment
[0.909s] INFO:colcon.colcon_core.task.python.build:Building Python package in '/home/ubuntu/ros_ws/src/wc_server_bridge'
[0.909s] INFO:colcon.colcon_core.shell:Skip shell extension 'powershell' for command environment: Not usable outside of PowerShell
[0.909s] DEBUG:colcon.colcon_core.shell:Skip shell extension 'dsv' for command environment
[1.467s] DEBUG:colcon.colcon_core.event_handler.log_command:Invoking command in '/home/ubuntu/ros_ws/src/wc_mission_manager': PYTHONPATH=/home/ubuntu/ros_ws/build/wc_mission_manager/prefix_override:/usr/lib/python3/dist-packages/colcon_core/task/python/colcon_distutils_commands:/home/ubuntu/ros_ws/install/wc_mission_manager/lib/python3.10/site-packages:${PYTHONPATH} /usr/bin/python3 -W ignore:setup.py install is deprecated -W ignore:easy_install command is deprecated setup.py egg_info --egg-base ../../build/wc_mission_manager build --build-base /home/ubuntu/ros_ws/build/wc_mission_manager/build install --record /home/ubuntu/ros_ws/build/wc_mission_manager/install.log --single-version-externally-managed install_data
[1.517s] DEBUG:colcon.colcon_core.event_handler.log_command:Invoking command in '/home/ubuntu/ros_ws/src/wc_bringup': PYTHONPATH=/home/ubuntu/ros_ws/build/wc_bringup/prefix_override:/usr/lib/python3/dist-packages/colcon_core/task/python/colcon_distutils_commands:/home/ubuntu/ros_ws/install/wc_bringup/lib/python3.10/site-packages:${PYTHONPATH} /usr/bin/python3 -W ignore:setup.py install is deprecated -W ignore:easy_install command is deprecated setup.py egg_info --egg-base ../../build/wc_bringup build --build-base /home/ubuntu/ros_ws/build/wc_bringup/build install --record /home/ubuntu/ros_ws/build/wc_bringup/install.log --single-version-externally-managed install_data
[1.585s] DEBUG:colcon.colcon_core.event_handler.log_command:Invoking command in '/home/ubuntu/ros_ws/src/wc_server_bridge': PYTHONPATH=/home/ubuntu/ros_ws/build/wc_server_bridge/prefix_override:/usr/lib/python3/dist-packages/colcon_core/task/python/colcon_distutils_commands:/home/ubuntu/ros_ws/install/wc_server_bridge/lib/python3.10/site-packages:${PYTHONPATH} /usr/bin/python3 -W ignore:setup.py install is deprecated -W ignore:easy_install command is deprecated setup.py egg_info --egg-base ../../build/wc_server_bridge build --build-base /home/ubuntu/ros_ws/build/wc_server_bridge/build install --record /home/ubuntu/ros_ws/build/wc_server_bridge/install.log --single-version-externally-managed install_data
[2.017s] DEBUG:colcon.colcon_core.event_handler.log_command:Invoked command in '/home/ubuntu/ros_ws/src/wc_mission_manager' returned '0': PYTHONPATH=/home/ubuntu/ros_ws/build/wc_mission_manager/prefix_override:/usr/lib/python3/dist-packages/colcon_core/task/python/colcon_distutils_commands:/home/ubuntu/ros_ws/install/wc_mission_manager/lib/python3.10/site-packages:${PYTHONPATH} /usr/bin/python3 -W ignore:setup.py install is deprecated -W ignore:easy_install command is deprecated setup.py egg_info --egg-base ../../build/wc_mission_manager build --build-base /home/ubuntu/ros_ws/build/wc_mission_manager/build install --record /home/ubuntu/ros_ws/build/wc_mission_manager/install.log --single-version-externally-managed install_data
[2.019s] Level 1:colcon.colcon_core.environment:checking '/home/ubuntu/ros_ws/install/wc_mission_manager' for CMake module files
[2.019s] Level 1:colcon.colcon_core.environment:checking '/home/ubuntu/ros_ws/install/wc_mission_manager' for CMake config files
[2.020s] Level 1:colcon.colcon_core.environment:checking '/home/ubuntu/ros_ws/install/wc_mission_manager/lib'
[2.020s] Level 1:colcon.colcon_core.environment:checking '/home/ubuntu/ros_ws/install/wc_mission_manager/bin'
[2.020s] Level 1:colcon.colcon_core.environment:checking '/home/ubuntu/ros_ws/install/wc_mission_manager/lib/pkgconfig/wc_mission_manager.pc'
[2.020s] Level 1:colcon.colcon_core.environment:checking '/home/ubuntu/ros_ws/install/wc_mission_manager/lib/python3.10/site-packages'
[2.020s] Level 1:colcon.colcon_core.shell:create_environment_hook('wc_mission_manager', 'pythonpath')
[2.020s] INFO:colcon.colcon_core.shell:Creating environment hook '/home/ubuntu/ros_ws/install/wc_mission_manager/share/wc_mission_manager/hook/pythonpath.ps1'
[2.029s] INFO:colcon.colcon_core.shell:Creating environment descriptor '/home/ubuntu/ros_ws/install/wc_mission_manager/share/wc_mission_manager/hook/pythonpath.dsv'
[2.032s] INFO:colcon.colcon_core.shell:Creating environment hook '/home/ubuntu/ros_ws/install/wc_mission_manager/share/wc_mission_manager/hook/pythonpath.sh'
[2.035s] Level 1:colcon.colcon_core.environment:checking '/home/ubuntu/ros_ws/install/wc_mission_manager/bin'
[2.036s] Level 1:colcon.colcon_core.environment:create_environment_scripts_only(wc_mission_manager)
[2.036s] INFO:colcon.colcon_core.shell:Creating package script '/home/ubuntu/ros_ws/install/wc_mission_manager/share/wc_mission_manager/package.ps1'
[2.038s] INFO:colcon.colcon_core.shell:Creating package descriptor '/home/ubuntu/ros_ws/install/wc_mission_manager/share/wc_mission_manager/package.dsv'
[2.040s] INFO:colcon.colcon_core.shell:Creating package script '/home/ubuntu/ros_ws/install/wc_mission_manager/share/wc_mission_manager/package.sh'
[2.041s] INFO:colcon.colcon_core.shell:Creating package script '/home/ubuntu/ros_ws/install/wc_mission_manager/share/wc_mission_manager/package.bash'
[2.043s] INFO:colcon.colcon_core.shell:Creating package script '/home/ubuntu/ros_ws/install/wc_mission_manager/share/wc_mission_manager/package.zsh'
[2.043s] Level 1:colcon.colcon_core.environment:create_file_with_runtime_dependencies(/home/ubuntu/ros_ws/install/wc_mission_manager/share/colcon-core/packages/wc_mission_manager)
[2.133s] Level 1:colcon.colcon_core.environment:checking '/home/ubuntu/ros_ws/install/wc_bringup' for CMake module files
[2.134s] Level 1:colcon.colcon_core.environment:checking '/home/ubuntu/ros_ws/install/wc_bringup' for CMake config files
[2.134s] DEBUG:colcon.colcon_core.event_handler.log_command:Invoked command in '/home/ubuntu/ros_ws/src/wc_bringup' returned '0': PYTHONPATH=/home/ubuntu/ros_ws/build/wc_bringup/prefix_override:/usr/lib/python3/dist-packages/colcon_core/task/python/colcon_distutils_commands:/home/ubuntu/ros_ws/install/wc_bringup/lib/python3.10/site-packages:${PYTHONPATH} /usr/bin/python3 -W ignore:setup.py install is deprecated -W ignore:easy_install command is deprecated setup.py egg_info --egg-base ../../build/wc_bringup build --build-base /home/ubuntu/ros_ws/build/wc_bringup/build install --record /home/ubuntu/ros_ws/build/wc_bringup/install.log --single-version-externally-managed install_data
[2.135s] Level 1:colcon.colcon_core.environment:checking '/home/ubuntu/ros_ws/install/wc_bringup/lib'
[2.135s] Level 1:colcon.colcon_core.environment:checking '/home/ubuntu/ros_ws/install/wc_bringup/bin'
[2.135s] Level 1:colcon.colcon_core.environment:checking '/home/ubuntu/ros_ws/install/wc_bringup/lib/pkgconfig/wc_bringup.pc'
[2.135s] Level 1:colcon.colcon_core.environment:checking '/home/ubuntu/ros_ws/install/wc_bringup/lib/python3.10/site-packages'
[2.135s] Level 1:colcon.colcon_core.shell:create_environment_hook('wc_bringup', 'pythonpath')
[2.136s] INFO:colcon.colcon_core.shell:Creating environment hook '/home/ubuntu/ros_ws/install/wc_bringup/share/wc_bringup/hook/pythonpath.ps1'
[2.137s] INFO:colcon.colcon_core.shell:Creating environment descriptor '/home/ubuntu/ros_ws/install/wc_bringup/share/wc_bringup/hook/pythonpath.dsv'
[2.138s] INFO:colcon.colcon_core.shell:Creating environment hook '/home/ubuntu/ros_ws/install/wc_bringup/share/wc_bringup/hook/pythonpath.sh'
[2.140s] Level 1:colcon.colcon_core.environment:checking '/home/ubuntu/ros_ws/install/wc_bringup/bin'
[2.140s] Level 1:colcon.colcon_core.environment:create_environment_scripts_only(wc_bringup)
[2.140s] INFO:colcon.colcon_core.shell:Creating package script '/home/ubuntu/ros_ws/install/wc_bringup/share/wc_bringup/package.ps1'
[2.142s] INFO:colcon.colcon_core.shell:Creating package descriptor '/home/ubuntu/ros_ws/install/wc_bringup/share/wc_bringup/package.dsv'
[2.142s] INFO:colcon.colcon_core.shell:Creating package script '/home/ubuntu/ros_ws/install/wc_bringup/share/wc_bringup/package.sh'
[2.143s] INFO:colcon.colcon_core.shell:Creating package script '/home/ubuntu/ros_ws/install/wc_bringup/share/wc_bringup/package.bash'
[2.143s] INFO:colcon.colcon_core.shell:Creating package script '/home/ubuntu/ros_ws/install/wc_bringup/share/wc_bringup/package.zsh'
[2.144s] Level 1:colcon.colcon_core.environment:create_file_with_runtime_dependencies(/home/ubuntu/ros_ws/install/wc_bringup/share/colcon-core/packages/wc_bringup)
[2.165s] Level 1:colcon.colcon_core.environment:checking '/home/ubuntu/ros_ws/install/wc_server_bridge' for CMake module files
[2.166s] DEBUG:colcon.colcon_core.event_handler.log_command:Invoked command in '/home/ubuntu/ros_ws/src/wc_server_bridge' returned '0': PYTHONPATH=/home/ubuntu/ros_ws/build/wc_server_bridge/prefix_override:/usr/lib/python3/dist-packages/colcon_core/task/python/colcon_distutils_commands:/home/ubuntu/ros_ws/install/wc_server_bridge/lib/python3.10/site-packages:${PYTHONPATH} /usr/bin/python3 -W ignore:setup.py install is deprecated -W ignore:easy_install command is deprecated setup.py egg_info --egg-base ../../build/wc_server_bridge build --build-base /home/ubuntu/ros_ws/build/wc_server_bridge/build install --record /home/ubuntu/ros_ws/build/wc_server_bridge/install.log --single-version-externally-managed install_data
[2.166s] Level 1:colcon.colcon_core.environment:checking '/home/ubuntu/ros_ws/install/wc_server_bridge' for CMake config files
[2.166s] Level 1:colcon.colcon_core.environment:checking '/home/ubuntu/ros_ws/install/wc_server_bridge/lib'
[2.167s] Level 1:colcon.colcon_core.environment:checking '/home/ubuntu/ros_ws/install/wc_server_bridge/bin'
[2.167s] Level 1:colcon.colcon_core.environment:checking '/home/ubuntu/ros_ws/install/wc_server_bridge/lib/pkgconfig/wc_server_bridge.pc'
[2.167s] Level 1:colcon.colcon_core.environment:checking '/home/ubuntu/ros_ws/install/wc_server_bridge/lib/python3.10/site-packages'
[2.167s] Level 1:colcon.colcon_core.shell:create_environment_hook('wc_server_bridge', 'pythonpath')
[2.167s] INFO:colcon.colcon_core.shell:Creating environment hook '/home/ubuntu/ros_ws/install/wc_server_bridge/share/wc_server_bridge/hook/pythonpath.ps1'
[2.168s] INFO:colcon.colcon_core.shell:Creating environment descriptor '/home/ubuntu/ros_ws/install/wc_server_bridge/share/wc_server_bridge/hook/pythonpath.dsv'
[2.169s] INFO:colcon.colcon_core.shell:Creating environment hook '/home/ubuntu/ros_ws/install/wc_server_bridge/share/wc_server_bridge/hook/pythonpath.sh'
[2.170s] Level 1:colcon.colcon_core.environment:checking '/home/ubuntu/ros_ws/install/wc_server_bridge/bin'
[2.172s] Level 1:colcon.colcon_core.environment:create_environment_scripts_only(wc_server_bridge)
[2.172s] INFO:colcon.colcon_core.shell:Creating package script '/home/ubuntu/ros_ws/install/wc_server_bridge/share/wc_server_bridge/package.ps1'
[2.173s] INFO:colcon.colcon_core.shell:Creating package descriptor '/home/ubuntu/ros_ws/install/wc_server_bridge/share/wc_server_bridge/package.dsv'
[2.174s] INFO:colcon.colcon_core.shell:Creating package script '/home/ubuntu/ros_ws/install/wc_server_bridge/share/wc_server_bridge/package.sh'
[2.176s] INFO:colcon.colcon_core.shell:Creating package script '/home/ubuntu/ros_ws/install/wc_server_bridge/share/wc_server_bridge/package.bash'
[2.176s] INFO:colcon.colcon_core.shell:Creating package script '/home/ubuntu/ros_ws/install/wc_server_bridge/share/wc_server_bridge/package.zsh'
[2.176s] Level 1:colcon.colcon_core.environment:create_file_with_runtime_dependencies(/home/ubuntu/ros_ws/install/wc_server_bridge/share/colcon-core/packages/wc_server_bridge)
[2.177s] DEBUG:colcon.colcon_parallel_executor.executor.parallel:closing loop
[2.177s] DEBUG:colcon.colcon_parallel_executor.executor.parallel:loop closed
[2.177s] DEBUG:colcon.colcon_parallel_executor.executor.parallel:run_until_complete finished with '0'
[2.177s] DEBUG:colcon.colcon_core.event_reactor:joining thread
[2.185s] INFO:colcon.colcon_core.plugin_system:Skipping extension 'colcon_notification.desktop_notification.terminal_notifier': Not used on non-Darwin systems
[2.186s] INFO:colcon.colcon_core.plugin_system:Skipping extension 'colcon_notification.desktop_notification.win32': Not used on non-Windows systems
[2.186s] INFO:colcon.colcon_notification.desktop_notification:Sending desktop notification using 'notify2'
[2.212s] DEBUG:colcon.colcon_core.event_reactor:joined thread
[2.213s] INFO:colcon.colcon_core.shell:Creating prefix script '/home/ubuntu/ros_ws/install/local_setup.ps1'
[2.215s] INFO:colcon.colcon_core.shell:Creating prefix util module '/home/ubuntu/ros_ws/install/_local_setup_util_ps1.py'
[2.216s] INFO:colcon.colcon_core.shell:Creating prefix chain script '/home/ubuntu/ros_ws/install/setup.ps1'
[2.218s] INFO:colcon.colcon_core.shell:Creating prefix script '/home/ubuntu/ros_ws/install/local_setup.sh'
[2.219s] INFO:colcon.colcon_core.shell:Creating prefix util module '/home/ubuntu/ros_ws/install/_local_setup_util_sh.py'
[2.220s] INFO:colcon.colcon_core.shell:Creating prefix chain script '/home/ubuntu/ros_ws/install/setup.sh'
[2.222s] INFO:colcon.colcon_core.shell:Creating prefix script '/home/ubuntu/ros_ws/install/local_setup.bash'
[2.223s] INFO:colcon.colcon_core.shell:Creating prefix chain script '/home/ubuntu/ros_ws/install/setup.bash'
[2.224s] INFO:colcon.colcon_core.shell:Creating prefix script '/home/ubuntu/ros_ws/install/local_setup.zsh'
[2.225s] INFO:colcon.colcon_core.shell:Creating prefix chain script '/home/ubuntu/ros_ws/install/setup.zsh'
