[1.544s] Invoking command in '/home/ubuntu/ros_ws/build/wc_server_bridge': PYTHONPATH=/home/ubuntu/ros_ws/build/wc_server_bridge/prefix_override:/usr/lib/python3/dist-packages/colcon_core/task/python/colcon_distutils_commands:/home/ubuntu/ros_ws/install/wc_server_bridge/lib/python3.10/site-packages:${PYTHONPATH} /usr/bin/python3 -W ignore:setup.py install is deprecated -W ignore:easy_install command is deprecated setup.py develop --uninstall --editable --build-directory /home/ubuntu/ros_ws/build/wc_server_bridge/build
[2.052s] running develop
[2.333s] Removing /home/ubuntu/ros_ws/install/wc_server_bridge/lib/python3.10/site-packages/wc-server-bridge.egg-link (link to .)
[2.389s] Invoked command in '/home/ubuntu/ros_ws/build/wc_server_bridge' returned '0': PYTHONPATH=/home/ubuntu/ros_ws/build/wc_server_bridge/prefix_override:/usr/lib/python3/dist-packages/colcon_core/task/python/colcon_distutils_commands:/home/ubuntu/ros_ws/install/wc_server_bridge/lib/python3.10/site-packages:${PYTHONPATH} /usr/bin/python3 -W ignore:setup.py install is deprecated -W ignore:easy_install command is deprecated setup.py develop --uninstall --editable --build-directory /home/ubuntu/ros_ws/build/wc_server_bridge/build
[2.389s] Invoking command in '/home/ubuntu/ros_ws/src/wc_server_bridge': PYTHONPATH=/home/ubuntu/ros_ws/build/wc_server_bridge/prefix_override:/usr/lib/python3/dist-packages/colcon_core/task/python/colcon_distutils_commands:/home/ubuntu/ros_ws/install/wc_server_bridge/lib/python3.10/site-packages:${PYTHONPATH} /usr/bin/python3 -W ignore:setup.py install is deprecated -W ignore:easy_install command is deprecated setup.py egg_info --egg-base ../../build/wc_server_bridge build --build-base /home/ubuntu/ros_ws/build/wc_server_bridge/build install --record /home/ubuntu/ros_ws/build/wc_server_bridge/install.log --single-version-externally-managed install_data --force
[2.821s] running egg_info
[2.821s] writing ../../build/wc_server_bridge/wc_server_bridge.egg-info/PKG-INFO
[2.821s] writing dependency_links to ../../build/wc_server_bridge/wc_server_bridge.egg-info/dependency_links.txt
[2.822s] writing entry points to ../../build/wc_server_bridge/wc_server_bridge.egg-info/entry_points.txt
[2.822s] writing requirements to ../../build/wc_server_bridge/wc_server_bridge.egg-info/requires.txt
[2.822s] writing top-level names to ../../build/wc_server_bridge/wc_server_bridge.egg-info/top_level.txt
[2.823s] reading manifest file '../../build/wc_server_bridge/wc_server_bridge.egg-info/SOURCES.txt'
[2.829s] writing manifest file '../../build/wc_server_bridge/wc_server_bridge.egg-info/SOURCES.txt'
[2.829s] running build
[2.829s] running build_py
[2.829s] copying wc_server_bridge/tcp_bridge.py -> /home/ubuntu/ros_ws/build/wc_server_bridge/build/lib/wc_server_bridge
[2.829s] running install
[2.829s] running install_lib
[2.830s] creating /home/ubuntu/ros_ws/install/wc_server_bridge/lib/python3.10/site-packages/wc_server_bridge
[2.830s] copying /home/ubuntu/ros_ws/build/wc_server_bridge/build/lib/wc_server_bridge/__init__.py -> /home/ubuntu/ros_ws/install/wc_server_bridge/lib/python3.10/site-packages/wc_server_bridge
[2.830s] copying /home/ubuntu/ros_ws/build/wc_server_bridge/build/lib/wc_server_bridge/tcp_bridge.py -> /home/ubuntu/ros_ws/install/wc_server_bridge/lib/python3.10/site-packages/wc_server_bridge
[2.830s] byte-compiling /home/ubuntu/ros_ws/install/wc_server_bridge/lib/python3.10/site-packages/wc_server_bridge/__init__.py to __init__.cpython-310.pyc
[2.830s] byte-compiling /home/ubuntu/ros_ws/install/wc_server_bridge/lib/python3.10/site-packages/wc_server_bridge/tcp_bridge.py to tcp_bridge.cpython-310.pyc
[2.831s] running install_data
[2.831s] copying resource/wc_server_bridge -> /home/ubuntu/ros_ws/install/wc_server_bridge/share/ament_index/resource_index/packages
[2.831s] copying package.xml -> /home/ubuntu/ros_ws/install/wc_server_bridge/share/wc_server_bridge
[2.831s] running install_egg_info
[2.836s] Copying ../../build/wc_server_bridge/wc_server_bridge.egg-info to /home/ubuntu/ros_ws/install/wc_server_bridge/lib/python3.10/site-packages/wc_server_bridge-0.0.0-py3.10.egg-info
[2.836s] running install_scripts
[2.869s] Installing tcp_bridge script to /home/ubuntu/ros_ws/install/wc_server_bridge/lib/wc_server_bridge
[2.869s] writing list of installed files to '/home/ubuntu/ros_ws/build/wc_server_bridge/install.log'
[2.896s] Invoked command in '/home/ubuntu/ros_ws/src/wc_server_bridge' returned '0': PYTHONPATH=/home/ubuntu/ros_ws/build/wc_server_bridge/prefix_override:/usr/lib/python3/dist-packages/colcon_core/task/python/colcon_distutils_commands:/home/ubuntu/ros_ws/install/wc_server_bridge/lib/python3.10/site-packages:${PYTHONPATH} /usr/bin/python3 -W ignore:setup.py install is deprecated -W ignore:easy_install command is deprecated setup.py egg_info --egg-base ../../build/wc_server_bridge build --build-base /home/ubuntu/ros_ws/build/wc_server_bridge/build install --record /home/ubuntu/ros_ws/build/wc_server_bridge/install.log --single-version-externally-managed install_data --force
