[0.172s] DEBUG:colcon:Command line arguments: ['/usr/bin/colcon', 'build']
[0.172s] DEBUG:colcon:Parsed command line arguments: Namespace(log_base=None, log_level=None, verb_name='build', build_base='build', install_base='install', merge_install=False, symlink_install=False, test_result_base=None, continue_on_error=False, executor='parallel', parallel_workers=8, event_handlers=None, ignore_user_meta=False, metas=['./colcon.meta'], base_paths=['.'], packages_ignore=None, packages_ignore_regex=None, paths=None, packages_up_to=None, packages_up_to_regex=None, packages_above=None, packages_above_and_dependencies=None, packages_above_depth=None, packages_select_by_dep=None, packages_skip_by_dep=None, packages_skip_up_to=None, packages_select_build_failed=False, packages_skip_build_finished=False, packages_select_test_failures=False, packages_skip_test_passed=False, packages_select=None, packages_skip=None, packages_select_regex=None, packages_skip_regex=None, packages_start=None, packages_end=None, allow_overriding=[], cmake_args=None, cmake_target=None, cmake_target_skip_unavailable=False, cmake_clean_cache=False, cmake_clean_first=False, cmake_force_configure=False, ament_cmake_args=None, catkin_cmake_args=None, catkin_skip_building_tests=False, mixin_files=None, mixin=None, verb_parser=<colcon_mixin.mixin.mixin_argument.MixinArgumentDecorator object at 0x70bc46882fb0>, verb_extension=<colcon_core.verb.build.BuildVerb object at 0x70bc46977e20>, main=<bound method BuildVerb.main of <colcon_core.verb.build.BuildVerb object at 0x70bc46977e20>>, mixin_verb=('build',))
[0.323s] Level 1:colcon.colcon_core.package_discovery:discover_packages(colcon_meta) check parameters
[0.324s] Level 1:colcon.colcon_core.package_discovery:discover_packages(recursive) check parameters
[0.324s] Level 1:colcon.colcon_core.package_discovery:discover_packages(ignore) check parameters
[0.324s] Level 1:colcon.colcon_core.package_discovery:discover_packages(path) check parameters
[0.324s] Level 1:colcon.colcon_core.package_discovery:discover_packages(colcon_meta) discover
[0.324s] Level 1:colcon.colcon_core.package_discovery:discover_packages(recursive) discover
[0.324s] INFO:colcon.colcon_core.package_discovery:Crawling recursively for packages in '/home/ubuntu/ros_ws'
[0.324s] Level 1:colcon.colcon_core.package_identification:_identify(.) by extensions ['ignore', 'ignore_ament_install']
[0.324s] Level 1:colcon.colcon_core.package_identification:_identify(.) by extension 'ignore'
[0.324s] Level 1:colcon.colcon_core.package_identification:_identify(.) by extension 'ignore_ament_install'
[0.324s] Level 1:colcon.colcon_core.package_identification:_identify(.) by extensions ['colcon_pkg']
[0.324s] Level 1:colcon.colcon_core.package_identification:_identify(.) by extension 'colcon_pkg'
[0.324s] Level 1:colcon.colcon_core.package_identification:_identify(.) by extensions ['colcon_meta']
[0.324s] Level 1:colcon.colcon_core.package_identification:_identify(.) by extension 'colcon_meta'
[0.324s] Level 1:colcon.colcon_core.package_identification:_identify(.) by extensions ['ros']
[0.324s] Level 1:colcon.colcon_core.package_identification:_identify(.) by extension 'ros'
[0.345s] Level 1:colcon.colcon_core.package_identification:_identify(.) by extensions ['cmake', 'python']
[0.345s] Level 1:colcon.colcon_core.package_identification:_identify(.) by extension 'cmake'
[0.345s] Level 1:colcon.colcon_core.package_identification:_identify(.) by extension 'python'
[0.345s] Level 1:colcon.colcon_core.package_identification:_identify(.) by extensions ['python_setup_py']
[0.345s] Level 1:colcon.colcon_core.package_identification:_identify(.) by extension 'python_setup_py'
[0.345s] Level 1:colcon.colcon_core.package_identification:_identify(build) by extensions ['ignore', 'ignore_ament_install']
[0.345s] Level 1:colcon.colcon_core.package_identification:_identify(build) by extension 'ignore'
[0.345s] Level 1:colcon.colcon_core.package_identification:_identify(build) ignored
[0.345s] Level 1:colcon.colcon_core.package_identification:_identify(install) by extensions ['ignore', 'ignore_ament_install']
[0.345s] Level 1:colcon.colcon_core.package_identification:_identify(install) by extension 'ignore'
[0.345s] Level 1:colcon.colcon_core.package_identification:_identify(install) ignored
[0.345s] Level 1:colcon.colcon_core.package_identification:_identify(log) by extensions ['ignore', 'ignore_ament_install']
[0.345s] Level 1:colcon.colcon_core.package_identification:_identify(log) by extension 'ignore'
[0.345s] Level 1:colcon.colcon_core.package_identification:_identify(log) ignored
[0.345s] Level 1:colcon.colcon_core.package_identification:_identify(src) by extensions ['ignore', 'ignore_ament_install']
[0.345s] Level 1:colcon.colcon_core.package_identification:_identify(src) by extension 'ignore'
[0.345s] Level 1:colcon.colcon_core.package_identification:_identify(src) by extension 'ignore_ament_install'
[0.345s] Level 1:colcon.colcon_core.package_identification:_identify(src) by extensions ['colcon_pkg']
[0.345s] Level 1:colcon.colcon_core.package_identification:_identify(src) by extension 'colcon_pkg'
[0.346s] Level 1:colcon.colcon_core.package_identification:_identify(src) by extensions ['colcon_meta']
[0.346s] Level 1:colcon.colcon_core.package_identification:_identify(src) by extension 'colcon_meta'
[0.346s] Level 1:colcon.colcon_core.package_identification:_identify(src) by extensions ['ros']
[0.346s] Level 1:colcon.colcon_core.package_identification:_identify(src) by extension 'ros'
[0.346s] Level 1:colcon.colcon_core.package_identification:_identify(src) by extensions ['cmake', 'python']
[0.346s] Level 1:colcon.colcon_core.package_identification:_identify(src) by extension 'cmake'
[0.346s] Level 1:colcon.colcon_core.package_identification:_identify(src) by extension 'python'
[0.346s] Level 1:colcon.colcon_core.package_identification:_identify(src) by extensions ['python_setup_py']
[0.346s] Level 1:colcon.colcon_core.package_identification:_identify(src) by extension 'python_setup_py'
[0.346s] Level 1:colcon.colcon_core.package_identification:_identify(src/wc_bringup) by extensions ['ignore', 'ignore_ament_install']
[0.346s] Level 1:colcon.colcon_core.package_identification:_identify(src/wc_bringup) by extension 'ignore'
[0.346s] Level 1:colcon.colcon_core.package_identification:_identify(src/wc_bringup) by extension 'ignore_ament_install'
[0.346s] Level 1:colcon.colcon_core.package_identification:_identify(src/wc_bringup) by extensions ['colcon_pkg']
[0.346s] Level 1:colcon.colcon_core.package_identification:_identify(src/wc_bringup) by extension 'colcon_pkg'
[0.346s] Level 1:colcon.colcon_core.package_identification:_identify(src/wc_bringup) by extensions ['colcon_meta']
[0.346s] Level 1:colcon.colcon_core.package_identification:_identify(src/wc_bringup) by extension 'colcon_meta'
[0.346s] Level 1:colcon.colcon_core.package_identification:_identify(src/wc_bringup) by extensions ['ros']
[0.346s] Level 1:colcon.colcon_core.package_identification:_identify(src/wc_bringup) by extension 'ros'
[0.348s] DEBUG:colcon.colcon_core.package_identification:Package 'src/wc_bringup' with type 'ros.ament_python' and name 'wc_bringup'
[0.348s] Level 1:colcon.colcon_core.package_identification:_identify(src/wc_mission_manager) by extensions ['ignore', 'ignore_ament_install']
[0.348s] Level 1:colcon.colcon_core.package_identification:_identify(src/wc_mission_manager) by extension 'ignore'
[0.348s] Level 1:colcon.colcon_core.package_identification:_identify(src/wc_mission_manager) by extension 'ignore_ament_install'
[0.348s] Level 1:colcon.colcon_core.package_identification:_identify(src/wc_mission_manager) by extensions ['colcon_pkg']
[0.348s] Level 1:colcon.colcon_core.package_identification:_identify(src/wc_mission_manager) by extension 'colcon_pkg'
[0.349s] Level 1:colcon.colcon_core.package_identification:_identify(src/wc_mission_manager) by extensions ['colcon_meta']
[0.349s] Level 1:colcon.colcon_core.package_identification:_identify(src/wc_mission_manager) by extension 'colcon_meta'
[0.349s] Level 1:colcon.colcon_core.package_identification:_identify(src/wc_mission_manager) by extensions ['ros']
[0.349s] Level 1:colcon.colcon_core.package_identification:_identify(src/wc_mission_manager) by extension 'ros'
[0.349s] DEBUG:colcon.colcon_core.package_identification:Package 'src/wc_mission_manager' with type 'ros.ament_python' and name 'wc_mission_manager'
[0.349s] Level 1:colcon.colcon_core.package_identification:_identify(src/wc_server_bridge) by extensions ['ignore', 'ignore_ament_install']
[0.349s] Level 1:colcon.colcon_core.package_identification:_identify(src/wc_server_bridge) by extension 'ignore'
[0.349s] Level 1:colcon.colcon_core.package_identification:_identify(src/wc_server_bridge) by extension 'ignore_ament_install'
[0.350s] Level 1:colcon.colcon_core.package_identification:_identify(src/wc_server_bridge) by extensions ['colcon_pkg']
[0.350s] Level 1:colcon.colcon_core.package_identification:_identify(src/wc_server_bridge) by extension 'colcon_pkg'
[0.350s] Level 1:colcon.colcon_core.package_identification:_identify(src/wc_server_bridge) by extensions ['colcon_meta']
[0.350s] Level 1:colcon.colcon_core.package_identification:_identify(src/wc_server_bridge) by extension 'colcon_meta'
[0.350s] Level 1:colcon.colcon_core.package_identification:_identify(src/wc_server_bridge) by extensions ['ros']
[0.350s] Level 1:colcon.colcon_core.package_identification:_identify(src/wc_server_bridge) by extension 'ros'
[0.350s] DEBUG:colcon.colcon_core.package_identification:Package 'src/wc_server_bridge' with type 'ros.ament_python' and name 'wc_server_bridge'
[0.350s] Level 1:colcon.colcon_core.package_identification:_identify(src/wc_stm_driver) by extensions ['ignore', 'ignore_ament_install']
[0.350s] Level 1:colcon.colcon_core.package_identification:_identify(src/wc_stm_driver) by extension 'ignore'
[0.350s] Level 1:colcon.colcon_core.package_identification:_identify(src/wc_stm_driver) by extension 'ignore_ament_install'
[0.350s] Level 1:colcon.colcon_core.package_identification:_identify(src/wc_stm_driver) by extensions ['colcon_pkg']
[0.351s] Level 1:colcon.colcon_core.package_identification:_identify(src/wc_stm_driver) by extension 'colcon_pkg'
[0.351s] Level 1:colcon.colcon_core.package_identification:_identify(src/wc_stm_driver) by extensions ['colcon_meta']
[0.351s] Level 1:colcon.colcon_core.package_identification:_identify(src/wc_stm_driver) by extension 'colcon_meta'
[0.351s] Level 1:colcon.colcon_core.package_identification:_identify(src/wc_stm_driver) by extensions ['ros']
[0.351s] Level 1:colcon.colcon_core.package_identification:_identify(src/wc_stm_driver) by extension 'ros'
[0.351s] DEBUG:colcon.colcon_core.package_identification:Package 'src/wc_stm_driver' with type 'ros.ament_python' and name 'wc_stm_driver'
[0.351s] Level 1:colcon.colcon_core.package_discovery:discover_packages(recursive) using defaults
[0.351s] Level 1:colcon.colcon_core.package_discovery:discover_packages(ignore) discover
[0.351s] Level 1:colcon.colcon_core.package_discovery:discover_packages(ignore) using defaults
[0.351s] Level 1:colcon.colcon_core.package_discovery:discover_packages(path) discover
[0.351s] Level 1:colcon.colcon_core.package_discovery:discover_packages(path) using defaults
[0.373s] Level 1:colcon.colcon_core.package_discovery:discover_packages(prefix_path) check parameters
[0.373s] Level 1:colcon.colcon_core.package_discovery:discover_packages(prefix_path) discover
[0.379s] DEBUG:colcon.colcon_installed_package_information.package_discovery:Found 3 installed packages in /home/ubuntu/ros_ws/install
[0.379s] DEBUG:colcon.colcon_installed_package_information.package_discovery:Found 26 installed packages in /home/ubuntu/turtlebot3_ws/install
[0.380s] DEBUG:colcon.colcon_installed_package_information.package_discovery:Found 1 installed packages in /home/ubuntu/project_ws/install
[0.381s] DEBUG:colcon.colcon_installed_package_information.package_discovery:Found 462 installed packages in /opt/ros/humble
[0.384s] Level 1:colcon.colcon_core.package_discovery:discover_packages(prefix_path) using defaults
[0.439s] Level 5:colcon.colcon_core.verb:set package 'wc_bringup' build argument 'cmake_args' from command line to 'None'
[0.439s] Level 5:colcon.colcon_core.verb:set package 'wc_bringup' build argument 'cmake_target' from command line to 'None'
[0.439s] Level 5:colcon.colcon_core.verb:set package 'wc_bringup' build argument 'cmake_target_skip_unavailable' from command line to 'False'
[0.439s] Level 5:colcon.colcon_core.verb:set package 'wc_bringup' build argument 'cmake_clean_cache' from command line to 'False'
[0.439s] Level 5:colcon.colcon_core.verb:set package 'wc_bringup' build argument 'cmake_clean_first' from command line to 'False'
[0.439s] Level 5:colcon.colcon_core.verb:set package 'wc_bringup' build argument 'cmake_force_configure' from command line to 'False'
[0.439s] Level 5:colcon.colcon_core.verb:set package 'wc_bringup' build argument 'ament_cmake_args' from command line to 'None'
[0.439s] Level 5:colcon.colcon_core.verb:set package 'wc_bringup' build argument 'catkin_cmake_args' from command line to 'None'
[0.439s] Level 5:colcon.colcon_core.verb:set package 'wc_bringup' build argument 'catkin_skip_building_tests' from command line to 'False'
[0.439s] DEBUG:colcon.colcon_core.verb:Building package 'wc_bringup' with the following arguments: {'ament_cmake_args': None, 'build_base': '/home/ubuntu/ros_ws/build/wc_bringup', 'catkin_cmake_args': None, 'catkin_skip_building_tests': False, 'cmake_args': None, 'cmake_clean_cache': False, 'cmake_clean_first': False, 'cmake_force_configure': False, 'cmake_target': None, 'cmake_target_skip_unavailable': False, 'install_base': '/home/ubuntu/ros_ws/install/wc_bringup', 'merge_install': False, 'path': '/home/ubuntu/ros_ws/src/wc_bringup', 'symlink_install': False, 'test_result_base': None}
[0.439s] Level 5:colcon.colcon_core.verb:set package 'wc_mission_manager' build argument 'cmake_args' from command line to 'None'
[0.439s] Level 5:colcon.colcon_core.verb:set package 'wc_mission_manager' build argument 'cmake_target' from command line to 'None'
[0.439s] Level 5:colcon.colcon_core.verb:set package 'wc_mission_manager' build argument 'cmake_target_skip_unavailable' from command line to 'False'
[0.439s] Level 5:colcon.colcon_core.verb:set package 'wc_mission_manager' build argument 'cmake_clean_cache' from command line to 'False'
[0.439s] Level 5:colcon.colcon_core.verb:set package 'wc_mission_manager' build argument 'cmake_clean_first' from command line to 'False'
[0.439s] Level 5:colcon.colcon_core.verb:set package 'wc_mission_manager' build argument 'cmake_force_configure' from command line to 'False'
[0.439s] Level 5:colcon.colcon_core.verb:set package 'wc_mission_manager' build argument 'ament_cmake_args' from command line to 'None'
[0.439s] Level 5:colcon.colcon_core.verb:set package 'wc_mission_manager' build argument 'catkin_cmake_args' from command line to 'None'
[0.439s] Level 5:colcon.colcon_core.verb:set package 'wc_mission_manager' build argument 'catkin_skip_building_tests' from command line to 'False'
[0.439s] DEBUG:colcon.colcon_core.verb:Building package 'wc_mission_manager' with the following arguments: {'ament_cmake_args': None, 'build_base': '/home/ubuntu/ros_ws/build/wc_mission_manager', 'catkin_cmake_args': None, 'catkin_skip_building_tests': False, 'cmake_args': None, 'cmake_clean_cache': False, 'cmake_clean_first': False, 'cmake_force_configure': False, 'cmake_target': None, 'cmake_target_skip_unavailable': False, 'install_base': '/home/ubuntu/ros_ws/install/wc_mission_manager', 'merge_install': False, 'path': '/home/ubuntu/ros_ws/src/wc_mission_manager', 'symlink_install': False, 'test_result_base': None}
[0.439s] Level 5:colcon.colcon_core.verb:set package 'wc_server_bridge' build argument 'cmake_args' from command line to 'None'
[0.440s] Level 5:colcon.colcon_core.verb:set package 'wc_server_bridge' build argument 'cmake_target' from command line to 'None'
[0.440s] Level 5:colcon.colcon_core.verb:set package 'wc_server_bridge' build argument 'cmake_target_skip_unavailable' from command line to 'False'
[0.440s] Level 5:colcon.colcon_core.verb:set package 'wc_server_bridge' build argument 'cmake_clean_cache' from command line to 'False'
[0.440s] Level 5:colcon.colcon_core.verb:set package 'wc_server_bridge' build argument 'cmake_clean_first' from command line to 'False'
[0.440s] Level 5:colcon.colcon_core.verb:set package 'wc_server_bridge' build argument 'cmake_force_configure' from command line to 'False'
[0.440s] Level 5:colcon.colcon_core.verb:set package 'wc_server_bridge' build argument 'ament_cmake_args' from command line to 'None'
[0.440s] Level 5:colcon.colcon_core.verb:set package 'wc_server_bridge' build argument 'catkin_cmake_args' from command line to 'None'
[0.440s] Level 5:colcon.colcon_core.verb:set package 'wc_server_bridge' build argument 'catkin_skip_building_tests' from command line to 'False'
[0.440s] DEBUG:colcon.colcon_core.verb:Building package 'wc_server_bridge' with the following arguments: {'ament_cmake_args': None, 'build_base': '/home/ubuntu/ros_ws/build/wc_server_bridge', 'catkin_cmake_args': None, 'catkin_skip_building_tests': False, 'cmake_args': None, 'cmake_clean_cache': False, 'cmake_clean_first': False, 'cmake_force_configure': False, 'cmake_target': None, 'cmake_target_skip_unavailable': False, 'install_base': '/home/ubuntu/ros_ws/install/wc_server_bridge', 'merge_install': False, 'path': '/home/ubuntu/ros_ws/src/wc_server_bridge', 'symlink_install': False, 'test_result_base': None}
[0.440s] Level 5:colcon.colcon_core.verb:set package 'wc_stm_driver' build argument 'cmake_args' from command line to 'None'
[0.440s] Level 5:colcon.colcon_core.verb:set package 'wc_stm_driver' build argument 'cmake_target' from command line to 'None'
[0.440s] Level 5:colcon.colcon_core.verb:set package 'wc_stm_driver' build argument 'cmake_target_skip_unavailable' from command line to 'False'
[0.440s] Level 5:colcon.colcon_core.verb:set package 'wc_stm_driver' build argument 'cmake_clean_cache' from command line to 'False'
[0.440s] Level 5:colcon.colcon_core.verb:set package 'wc_stm_driver' build argument 'cmake_clean_first' from command line to 'False'
[0.440s] Level 5:colcon.colcon_core.verb:set package 'wc_stm_driver' build argument 'cmake_force_configure' from command line to 'False'
[0.440s] Level 5:colcon.colcon_core.verb:set package 'wc_stm_driver' build argument 'ament_cmake_args' from command line to 'None'
[0.440s] Level 5:colcon.colcon_core.verb:set package 'wc_stm_driver' build argument 'catkin_cmake_args' from command line to 'None'
[0.440s] Level 5:colcon.colcon_core.verb:set package 'wc_stm_driver' build argument 'catkin_skip_building_tests' from command line to 'False'
[0.440s] DEBUG:colcon.colcon_core.verb:Building package 'wc_stm_driver' with the following arguments: {'ament_cmake_args': None, 'build_base': '/home/ubuntu/ros_ws/build/wc_stm_driver', 'catkin_cmake_args': None, 'catkin_skip_building_tests': False, 'cmake_args': None, 'cmake_clean_cache': False, 'cmake_clean_first': False, 'cmake_force_configure': False, 'cmake_target': None, 'cmake_target_skip_unavailable': False, 'install_base': '/home/ubuntu/ros_ws/install/wc_stm_driver', 'merge_install': False, 'path': '/home/ubuntu/ros_ws/src/wc_stm_driver', 'symlink_install': False, 'test_result_base': None}
[0.440s] INFO:colcon.colcon_core.executor:Executing jobs using 'parallel' executor
[0.441s] DEBUG:colcon.colcon_parallel_executor.executor.parallel:run_until_complete
[0.441s] INFO:colcon.colcon_ros.task.ament_python.build:Building ROS package in '/home/ubuntu/ros_ws/src/wc_bringup' with build type 'ament_python'
[0.441s] Level 1:colcon.colcon_core.shell:create_environment_hook('wc_bringup', 'ament_prefix_path')
[0.447s] INFO:colcon.colcon_core.plugin_system:Skipping extension 'colcon_core.shell.bat': Not used on non-Windows systems
[0.447s] INFO:colcon.colcon_core.shell:Creating environment hook '/home/ubuntu/ros_ws/install/wc_bringup/share/wc_bringup/hook/ament_prefix_path.ps1'
[0.448s] INFO:colcon.colcon_core.shell:Creating environment descriptor '/home/ubuntu/ros_ws/install/wc_bringup/share/wc_bringup/hook/ament_prefix_path.dsv'
[0.449s] INFO:colcon.colcon_core.shell:Creating environment hook '/home/ubuntu/ros_ws/install/wc_bringup/share/wc_bringup/hook/ament_prefix_path.sh'
[0.449s] INFO:colcon.colcon_core.shell:Skip shell extension 'powershell' for command environment: Not usable outside of PowerShell
[0.449s] DEBUG:colcon.colcon_core.shell:Skip shell extension 'dsv' for command environment
[0.453s] INFO:colcon.colcon_ros.task.ament_python.build:Building ROS package in '/home/ubuntu/ros_ws/src/wc_mission_manager' with build type 'ament_python'
[0.453s] Level 1:colcon.colcon_core.shell:create_environment_hook('wc_mission_manager', 'ament_prefix_path')
[0.453s] INFO:colcon.colcon_core.shell:Creating environment hook '/home/ubuntu/ros_ws/install/wc_mission_manager/share/wc_mission_manager/hook/ament_prefix_path.ps1'
[0.454s] INFO:colcon.colcon_core.shell:Creating environment descriptor '/home/ubuntu/ros_ws/install/wc_mission_manager/share/wc_mission_manager/hook/ament_prefix_path.dsv'
[0.454s] INFO:colcon.colcon_core.shell:Creating environment hook '/home/ubuntu/ros_ws/install/wc_mission_manager/share/wc_mission_manager/hook/ament_prefix_path.sh'
[0.454s] INFO:colcon.colcon_core.shell:Skip shell extension 'powershell' for command environment: Not usable outside of PowerShell
[0.454s] DEBUG:colcon.colcon_core.shell:Skip shell extension 'dsv' for command environment
[0.463s] INFO:colcon.colcon_ros.task.ament_python.build:Building ROS package in '/home/ubuntu/ros_ws/src/wc_server_bridge' with build type 'ament_python'
[0.463s] Level 1:colcon.colcon_core.shell:create_environment_hook('wc_server_bridge', 'ament_prefix_path')
[0.463s] INFO:colcon.colcon_core.shell:Creating environment hook '/home/ubuntu/ros_ws/install/wc_server_bridge/share/wc_server_bridge/hook/ament_prefix_path.ps1'
[0.464s] INFO:colcon.colcon_core.shell:Creating environment descriptor '/home/ubuntu/ros_ws/install/wc_server_bridge/share/wc_server_bridge/hook/ament_prefix_path.dsv'
[0.464s] INFO:colcon.colcon_core.shell:Creating environment hook '/home/ubuntu/ros_ws/install/wc_server_bridge/share/wc_server_bridge/hook/ament_prefix_path.sh'
[0.464s] INFO:colcon.colcon_core.shell:Skip shell extension 'powershell' for command environment: Not usable outside of PowerShell
[0.464s] DEBUG:colcon.colcon_core.shell:Skip shell extension 'dsv' for command environment
[0.469s] INFO:colcon.colcon_ros.task.ament_python.build:Building ROS package in '/home/ubuntu/ros_ws/src/wc_stm_driver' with build type 'ament_python'
[0.470s] Level 1:colcon.colcon_core.shell:create_environment_hook('wc_stm_driver', 'ament_prefix_path')
[0.470s] INFO:colcon.colcon_core.shell:Creating environment hook '/home/ubuntu/ros_ws/install/wc_stm_driver/share/wc_stm_driver/hook/ament_prefix_path.ps1'
[0.471s] INFO:colcon.colcon_core.shell:Creating environment descriptor '/home/ubuntu/ros_ws/install/wc_stm_driver/share/wc_stm_driver/hook/ament_prefix_path.dsv'
[0.471s] INFO:colcon.colcon_core.shell:Creating environment hook '/home/ubuntu/ros_ws/install/wc_stm_driver/share/wc_stm_driver/hook/ament_prefix_path.sh'
[0.471s] INFO:colcon.colcon_core.shell:Skip shell extension 'powershell' for command environment: Not usable outside of PowerShell
[0.471s] DEBUG:colcon.colcon_core.shell:Skip shell extension 'dsv' for command environment
[0.697s] INFO:colcon.colcon_core.task.python.build:Building Python package in '/home/ubuntu/ros_ws/src/wc_bringup'
[0.697s] INFO:colcon.colcon_core.shell:Skip shell extension 'powershell' for command environment: Not usable outside of PowerShell
[0.697s] DEBUG:colcon.colcon_core.shell:Skip shell extension 'dsv' for command environment
[0.915s] INFO:colcon.colcon_core.task.python.build:Building Python package in '/home/ubuntu/ros_ws/src/wc_mission_manager'
[0.916s] INFO:colcon.colcon_core.shell:Skip shell extension 'powershell' for command environment: Not usable outside of PowerShell
[0.916s] DEBUG:colcon.colcon_core.shell:Skip shell extension 'dsv' for command environment
[1.145s] INFO:colcon.colcon_core.task.python.build:Building Python package in '/home/ubuntu/ros_ws/src/wc_server_bridge'
[1.145s] INFO:colcon.colcon_core.shell:Skip shell extension 'powershell' for command environment: Not usable outside of PowerShell
[1.145s] DEBUG:colcon.colcon_core.shell:Skip shell extension 'dsv' for command environment
[1.364s] INFO:colcon.colcon_core.task.python.build:Building Python package in '/home/ubuntu/ros_ws/src/wc_stm_driver'
[1.364s] INFO:colcon.colcon_core.shell:Skip shell extension 'powershell' for command environment: Not usable outside of PowerShell
[1.364s] DEBUG:colcon.colcon_core.shell:Skip shell extension 'dsv' for command environment
[1.877s] DEBUG:colcon.colcon_core.event_handler.log_command:Invoking command in '/home/ubuntu/ros_ws/src/wc_server_bridge': PYTHONPATH=/home/ubuntu/ros_ws/build/wc_server_bridge/prefix_override:/usr/lib/python3/dist-packages/colcon_core/task/python/colcon_distutils_commands:/home/ubuntu/ros_ws/install/wc_server_bridge/lib/python3.10/site-packages:${PYTHONPATH} /usr/bin/python3 -W ignore:setup.py install is deprecated -W ignore:easy_install command is deprecated setup.py egg_info --egg-base ../../build/wc_server_bridge build --build-base /home/ubuntu/ros_ws/build/wc_server_bridge/build install --record /home/ubuntu/ros_ws/build/wc_server_bridge/install.log --single-version-externally-managed install_data
[1.886s] DEBUG:colcon.colcon_core.event_handler.log_command:Invoking command in '/home/ubuntu/ros_ws/src/wc_bringup': PYTHONPATH=/home/ubuntu/ros_ws/build/wc_bringup/prefix_override:/usr/lib/python3/dist-packages/colcon_core/task/python/colcon_distutils_commands:/home/ubuntu/ros_ws/install/wc_bringup/lib/python3.10/site-packages:${PYTHONPATH} /usr/bin/python3 -W ignore:setup.py install is deprecated -W ignore:easy_install command is deprecated setup.py egg_info --egg-base ../../build/wc_bringup build --build-base /home/ubuntu/ros_ws/build/wc_bringup/build install --record /home/ubuntu/ros_ws/build/wc_bringup/install.log --single-version-externally-managed install_data
[1.887s] DEBUG:colcon.colcon_core.event_handler.log_command:Invoking command in '/home/ubuntu/ros_ws/src/wc_mission_manager': PYTHONPATH=/home/ubuntu/ros_ws/build/wc_mission_manager/prefix_override:/usr/lib/python3/dist-packages/colcon_core/task/python/colcon_distutils_commands:/home/ubuntu/ros_ws/install/wc_mission_manager/lib/python3.10/site-packages:${PYTHONPATH} /usr/bin/python3 -W ignore:setup.py install is deprecated -W ignore:easy_install command is deprecated setup.py egg_info --egg-base ../../build/wc_mission_manager build --build-base /home/ubuntu/ros_ws/build/wc_mission_manager/build install --record /home/ubuntu/ros_ws/build/wc_mission_manager/install.log --single-version-externally-managed install_data
[1.893s] DEBUG:colcon.colcon_core.event_handler.log_command:Invoking command in '/home/ubuntu/ros_ws/src/wc_stm_driver': PYTHONPATH=/home/ubuntu/ros_ws/build/wc_stm_driver/prefix_override:/usr/lib/python3/dist-packages/colcon_core/task/python/colcon_distutils_commands:/home/ubuntu/ros_ws/install/wc_stm_driver/lib/python3.10/site-packages:${PYTHONPATH} /usr/bin/python3 -W ignore:setup.py install is deprecated -W ignore:easy_install command is deprecated setup.py egg_info --egg-base ../../build/wc_stm_driver build --build-base /home/ubuntu/ros_ws/build/wc_stm_driver/build install --record /home/ubuntu/ros_ws/build/wc_stm_driver/install.log --single-version-externally-managed install_data
[2.166s] DEBUG:colcon.colcon_core.event_handler.log_command:Invoked command in '/home/ubuntu/ros_ws/src/wc_server_bridge' returned '0': PYTHONPATH=/home/ubuntu/ros_ws/build/wc_server_bridge/prefix_override:/usr/lib/python3/dist-packages/colcon_core/task/python/colcon_distutils_commands:/home/ubuntu/ros_ws/install/wc_server_bridge/lib/python3.10/site-packages:${PYTHONPATH} /usr/bin/python3 -W ignore:setup.py install is deprecated -W ignore:easy_install command is deprecated setup.py egg_info --egg-base ../../build/wc_server_bridge build --build-base /home/ubuntu/ros_ws/build/wc_server_bridge/build install --record /home/ubuntu/ros_ws/build/wc_server_bridge/install.log --single-version-externally-managed install_data
[2.176s] Level 1:colcon.colcon_core.environment:checking '/home/ubuntu/ros_ws/install/wc_server_bridge' for CMake module files
[2.177s] Level 1:colcon.colcon_core.environment:checking '/home/ubuntu/ros_ws/install/wc_server_bridge' for CMake config files
[2.178s] Level 1:colcon.colcon_core.environment:checking '/home/ubuntu/ros_ws/install/wc_server_bridge/lib'
[2.178s] Level 1:colcon.colcon_core.environment:checking '/home/ubuntu/ros_ws/install/wc_server_bridge/bin'
[2.178s] Level 1:colcon.colcon_core.environment:checking '/home/ubuntu/ros_ws/install/wc_server_bridge/lib/pkgconfig/wc_server_bridge.pc'
[2.178s] Level 1:colcon.colcon_core.environment:checking '/home/ubuntu/ros_ws/install/wc_server_bridge/lib/python3.10/site-packages'
[2.179s] Level 1:colcon.colcon_core.shell:create_environment_hook('wc_server_bridge', 'pythonpath')
[2.179s] INFO:colcon.colcon_core.shell:Creating environment hook '/home/ubuntu/ros_ws/install/wc_server_bridge/share/wc_server_bridge/hook/pythonpath.ps1'
[2.180s] INFO:colcon.colcon_core.shell:Creating environment descriptor '/home/ubuntu/ros_ws/install/wc_server_bridge/share/wc_server_bridge/hook/pythonpath.dsv'
[2.180s] INFO:colcon.colcon_core.shell:Creating environment hook '/home/ubuntu/ros_ws/install/wc_server_bridge/share/wc_server_bridge/hook/pythonpath.sh'
[2.181s] Level 1:colcon.colcon_core.environment:checking '/home/ubuntu/ros_ws/install/wc_server_bridge/bin'
[2.181s] Level 1:colcon.colcon_core.environment:create_environment_scripts_only(wc_server_bridge)
[2.181s] INFO:colcon.colcon_core.shell:Creating package script '/home/ubuntu/ros_ws/install/wc_server_bridge/share/wc_server_bridge/package.ps1'
[2.183s] INFO:colcon.colcon_core.shell:Creating package descriptor '/home/ubuntu/ros_ws/install/wc_server_bridge/share/wc_server_bridge/package.dsv'
[2.183s] INFO:colcon.colcon_core.shell:Creating package script '/home/ubuntu/ros_ws/install/wc_server_bridge/share/wc_server_bridge/package.sh'
[2.184s] INFO:colcon.colcon_core.shell:Creating package script '/home/ubuntu/ros_ws/install/wc_server_bridge/share/wc_server_bridge/package.bash'
[2.185s] INFO:colcon.colcon_core.shell:Creating package script '/home/ubuntu/ros_ws/install/wc_server_bridge/share/wc_server_bridge/package.zsh'
[2.185s] Level 1:colcon.colcon_core.environment:create_file_with_runtime_dependencies(/home/ubuntu/ros_ws/install/wc_server_bridge/share/colcon-core/packages/wc_server_bridge)
[2.191s] Level 1:colcon.colcon_core.environment:checking '/home/ubuntu/ros_ws/install/wc_bringup' for CMake module files
[2.192s] DEBUG:colcon.colcon_core.event_handler.log_command:Invoked command in '/home/ubuntu/ros_ws/src/wc_bringup' returned '0': PYTHONPATH=/home/ubuntu/ros_ws/build/wc_bringup/prefix_override:/usr/lib/python3/dist-packages/colcon_core/task/python/colcon_distutils_commands:/home/ubuntu/ros_ws/install/wc_bringup/lib/python3.10/site-packages:${PYTHONPATH} /usr/bin/python3 -W ignore:setup.py install is deprecated -W ignore:easy_install command is deprecated setup.py egg_info --egg-base ../../build/wc_bringup build --build-base /home/ubuntu/ros_ws/build/wc_bringup/build install --record /home/ubuntu/ros_ws/build/wc_bringup/install.log --single-version-externally-managed install_data
[2.193s] Level 1:colcon.colcon_core.environment:checking '/home/ubuntu/ros_ws/install/wc_bringup' for CMake config files
[2.193s] Level 1:colcon.colcon_core.environment:checking '/home/ubuntu/ros_ws/install/wc_bringup/lib'
[2.193s] Level 1:colcon.colcon_core.environment:checking '/home/ubuntu/ros_ws/install/wc_bringup/bin'
[2.193s] Level 1:colcon.colcon_core.environment:checking '/home/ubuntu/ros_ws/install/wc_bringup/lib/pkgconfig/wc_bringup.pc'
[2.193s] Level 1:colcon.colcon_core.environment:checking '/home/ubuntu/ros_ws/install/wc_bringup/lib/python3.10/site-packages'
[2.193s] Level 1:colcon.colcon_core.shell:create_environment_hook('wc_bringup', 'pythonpath')
[2.198s] INFO:colcon.colcon_core.shell:Creating environment hook '/home/ubuntu/ros_ws/install/wc_bringup/share/wc_bringup/hook/pythonpath.ps1'
[2.200s] INFO:colcon.colcon_core.shell:Creating environment descriptor '/home/ubuntu/ros_ws/install/wc_bringup/share/wc_bringup/hook/pythonpath.dsv'
[2.200s] INFO:colcon.colcon_core.shell:Creating environment hook '/home/ubuntu/ros_ws/install/wc_bringup/share/wc_bringup/hook/pythonpath.sh'
[2.202s] Level 1:colcon.colcon_core.environment:checking '/home/ubuntu/ros_ws/install/wc_bringup/bin'
[2.202s] Level 1:colcon.colcon_core.environment:create_environment_scripts_only(wc_bringup)
[2.202s] INFO:colcon.colcon_core.shell:Creating package script '/home/ubuntu/ros_ws/install/wc_bringup/share/wc_bringup/package.ps1'
[2.204s] INFO:colcon.colcon_core.shell:Creating package descriptor '/home/ubuntu/ros_ws/install/wc_bringup/share/wc_bringup/package.dsv'
[2.205s] INFO:colcon.colcon_core.shell:Creating package script '/home/ubuntu/ros_ws/install/wc_bringup/share/wc_bringup/package.sh'
[2.205s] INFO:colcon.colcon_core.shell:Creating package script '/home/ubuntu/ros_ws/install/wc_bringup/share/wc_bringup/package.bash'
[2.205s] INFO:colcon.colcon_core.shell:Creating package script '/home/ubuntu/ros_ws/install/wc_bringup/share/wc_bringup/package.zsh'
[2.205s] Level 1:colcon.colcon_core.environment:create_file_with_runtime_dependencies(/home/ubuntu/ros_ws/install/wc_bringup/share/colcon-core/packages/wc_bringup)
[2.254s] Level 1:colcon.colcon_core.environment:checking '/home/ubuntu/ros_ws/install/wc_mission_manager' for CMake module files
[2.254s] DEBUG:colcon.colcon_core.event_handler.log_command:Invoked command in '/home/ubuntu/ros_ws/src/wc_mission_manager' returned '0': PYTHONPATH=/home/ubuntu/ros_ws/build/wc_mission_manager/prefix_override:/usr/lib/python3/dist-packages/colcon_core/task/python/colcon_distutils_commands:/home/ubuntu/ros_ws/install/wc_mission_manager/lib/python3.10/site-packages:${PYTHONPATH} /usr/bin/python3 -W ignore:setup.py install is deprecated -W ignore:easy_install command is deprecated setup.py egg_info --egg-base ../../build/wc_mission_manager build --build-base /home/ubuntu/ros_ws/build/wc_mission_manager/build install --record /home/ubuntu/ros_ws/build/wc_mission_manager/install.log --single-version-externally-managed install_data
[2.255s] Level 1:colcon.colcon_core.environment:checking '/home/ubuntu/ros_ws/install/wc_mission_manager' for CMake config files
[2.255s] Level 1:colcon.colcon_core.environment:checking '/home/ubuntu/ros_ws/install/wc_mission_manager/lib'
[2.255s] Level 1:colcon.colcon_core.environment:checking '/home/ubuntu/ros_ws/install/wc_mission_manager/bin'
[2.255s] Level 1:colcon.colcon_core.environment:checking '/home/ubuntu/ros_ws/install/wc_mission_manager/lib/pkgconfig/wc_mission_manager.pc'
[2.255s] Level 1:colcon.colcon_core.environment:checking '/home/ubuntu/ros_ws/install/wc_mission_manager/lib/python3.10/site-packages'
[2.255s] Level 1:colcon.colcon_core.shell:create_environment_hook('wc_mission_manager', 'pythonpath')
[2.256s] INFO:colcon.colcon_core.shell:Creating environment hook '/home/ubuntu/ros_ws/install/wc_mission_manager/share/wc_mission_manager/hook/pythonpath.ps1'
[2.256s] INFO:colcon.colcon_core.shell:Creating environment descriptor '/home/ubuntu/ros_ws/install/wc_mission_manager/share/wc_mission_manager/hook/pythonpath.dsv'
[2.257s] INFO:colcon.colcon_core.shell:Creating environment hook '/home/ubuntu/ros_ws/install/wc_mission_manager/share/wc_mission_manager/hook/pythonpath.sh'
[2.259s] Level 1:colcon.colcon_core.environment:checking '/home/ubuntu/ros_ws/install/wc_mission_manager/bin'
[2.259s] Level 1:colcon.colcon_core.environment:create_environment_scripts_only(wc_mission_manager)
[2.260s] INFO:colcon.colcon_core.shell:Creating package script '/home/ubuntu/ros_ws/install/wc_mission_manager/share/wc_mission_manager/package.ps1'
[2.260s] INFO:colcon.colcon_core.shell:Creating package descriptor '/home/ubuntu/ros_ws/install/wc_mission_manager/share/wc_mission_manager/package.dsv'
[2.261s] INFO:colcon.colcon_core.shell:Creating package script '/home/ubuntu/ros_ws/install/wc_mission_manager/share/wc_mission_manager/package.sh'
[2.261s] INFO:colcon.colcon_core.shell:Creating package script '/home/ubuntu/ros_ws/install/wc_mission_manager/share/wc_mission_manager/package.bash'
[2.261s] INFO:colcon.colcon_core.shell:Creating package script '/home/ubuntu/ros_ws/install/wc_mission_manager/share/wc_mission_manager/package.zsh'
[2.262s] Level 1:colcon.colcon_core.environment:create_file_with_runtime_dependencies(/home/ubuntu/ros_ws/install/wc_mission_manager/share/colcon-core/packages/wc_mission_manager)
[2.264s] Level 1:colcon.colcon_core.environment:checking '/home/ubuntu/ros_ws/install/wc_stm_driver' for CMake module files
[2.265s] Level 1:colcon.colcon_core.environment:checking '/home/ubuntu/ros_ws/install/wc_stm_driver' for CMake config files
[2.265s] DEBUG:colcon.colcon_core.event_handler.log_command:Invoked command in '/home/ubuntu/ros_ws/src/wc_stm_driver' returned '0': PYTHONPATH=/home/ubuntu/ros_ws/build/wc_stm_driver/prefix_override:/usr/lib/python3/dist-packages/colcon_core/task/python/colcon_distutils_commands:/home/ubuntu/ros_ws/install/wc_stm_driver/lib/python3.10/site-packages:${PYTHONPATH} /usr/bin/python3 -W ignore:setup.py install is deprecated -W ignore:easy_install command is deprecated setup.py egg_info --egg-base ../../build/wc_stm_driver build --build-base /home/ubuntu/ros_ws/build/wc_stm_driver/build install --record /home/ubuntu/ros_ws/build/wc_stm_driver/install.log --single-version-externally-managed install_data
[2.266s] Level 1:colcon.colcon_core.environment:checking '/home/ubuntu/ros_ws/install/wc_stm_driver/lib'
[2.266s] Level 1:colcon.colcon_core.environment:checking '/home/ubuntu/ros_ws/install/wc_stm_driver/bin'
[2.266s] Level 1:colcon.colcon_core.environment:checking '/home/ubuntu/ros_ws/install/wc_stm_driver/lib/pkgconfig/wc_stm_driver.pc'
[2.266s] Level 1:colcon.colcon_core.environment:checking '/home/ubuntu/ros_ws/install/wc_stm_driver/lib/python3.10/site-packages'
[2.267s] Level 1:colcon.colcon_core.shell:create_environment_hook('wc_stm_driver', 'pythonpath')
[2.267s] INFO:colcon.colcon_core.shell:Creating environment hook '/home/ubuntu/ros_ws/install/wc_stm_driver/share/wc_stm_driver/hook/pythonpath.ps1'
[2.267s] INFO:colcon.colcon_core.shell:Creating environment descriptor '/home/ubuntu/ros_ws/install/wc_stm_driver/share/wc_stm_driver/hook/pythonpath.dsv'
[2.267s] INFO:colcon.colcon_core.shell:Creating environment hook '/home/ubuntu/ros_ws/install/wc_stm_driver/share/wc_stm_driver/hook/pythonpath.sh'
[2.268s] Level 1:colcon.colcon_core.environment:checking '/home/ubuntu/ros_ws/install/wc_stm_driver/bin'
[2.268s] Level 1:colcon.colcon_core.environment:create_environment_scripts_only(wc_stm_driver)
[2.268s] INFO:colcon.colcon_core.shell:Creating package script '/home/ubuntu/ros_ws/install/wc_stm_driver/share/wc_stm_driver/package.ps1'
[2.268s] INFO:colcon.colcon_core.shell:Creating package descriptor '/home/ubuntu/ros_ws/install/wc_stm_driver/share/wc_stm_driver/package.dsv'
[2.269s] INFO:colcon.colcon_core.shell:Creating package script '/home/ubuntu/ros_ws/install/wc_stm_driver/share/wc_stm_driver/package.sh'
[2.269s] INFO:colcon.colcon_core.shell:Creating package script '/home/ubuntu/ros_ws/install/wc_stm_driver/share/wc_stm_driver/package.bash'
[2.269s] INFO:colcon.colcon_core.shell:Creating package script '/home/ubuntu/ros_ws/install/wc_stm_driver/share/wc_stm_driver/package.zsh'
[2.269s] Level 1:colcon.colcon_core.environment:create_file_with_runtime_dependencies(/home/ubuntu/ros_ws/install/wc_stm_driver/share/colcon-core/packages/wc_stm_driver)
[2.270s] DEBUG:colcon.colcon_parallel_executor.executor.parallel:closing loop
[2.270s] DEBUG:colcon.colcon_parallel_executor.executor.parallel:loop closed
[2.270s] DEBUG:colcon.colcon_parallel_executor.executor.parallel:run_until_complete finished with '0'
[2.270s] DEBUG:colcon.colcon_core.event_reactor:joining thread
[2.280s] INFO:colcon.colcon_core.plugin_system:Skipping extension 'colcon_notification.desktop_notification.terminal_notifier': Not used on non-Darwin systems
[2.280s] INFO:colcon.colcon_core.plugin_system:Skipping extension 'colcon_notification.desktop_notification.win32': Not used on non-Windows systems
[2.280s] INFO:colcon.colcon_notification.desktop_notification:Sending desktop notification using 'notify2'
[2.432s] DEBUG:colcon.colcon_core.event_reactor:joined thread
[2.433s] INFO:colcon.colcon_core.shell:Creating prefix script '/home/ubuntu/ros_ws/install/local_setup.ps1'
[2.434s] INFO:colcon.colcon_core.shell:Creating prefix util module '/home/ubuntu/ros_ws/install/_local_setup_util_ps1.py'
[2.438s] INFO:colcon.colcon_core.shell:Creating prefix chain script '/home/ubuntu/ros_ws/install/setup.ps1'
[2.440s] INFO:colcon.colcon_core.shell:Creating prefix script '/home/ubuntu/ros_ws/install/local_setup.sh'
[2.441s] INFO:colcon.colcon_core.shell:Creating prefix util module '/home/ubuntu/ros_ws/install/_local_setup_util_sh.py'
[2.441s] INFO:colcon.colcon_core.shell:Creating prefix chain script '/home/ubuntu/ros_ws/install/setup.sh'
[2.443s] INFO:colcon.colcon_core.shell:Creating prefix script '/home/ubuntu/ros_ws/install/local_setup.bash'
[2.445s] INFO:colcon.colcon_core.shell:Creating prefix chain script '/home/ubuntu/ros_ws/install/setup.bash'
[2.448s] INFO:colcon.colcon_core.shell:Creating prefix script '/home/ubuntu/ros_ws/install/local_setup.zsh'
[2.449s] INFO:colcon.colcon_core.shell:Creating prefix chain script '/home/ubuntu/ros_ws/install/setup.zsh'
