[1.100s] Invoking command in '/home/ubuntu/ros_ws/build/wc_bringup': PYTHONPATH=/home/ubuntu/ros_ws/build/wc_bringup/prefix_override:/usr/lib/python3/dist-packages/colcon_core/task/python/colcon_distutils_commands:/home/ubuntu/ros_ws/install/wc_bringup/lib/python3.10/site-packages:${PYTHONPATH} /usr/bin/python3 -W ignore:setup.py install is deprecated -W ignore:easy_install command is deprecated setup.py develop --uninstall --editable --build-directory /home/ubuntu/ros_ws/build/wc_bringup/build
[1.380s] running develop
[1.597s] Removing /home/ubuntu/ros_ws/install/wc_bringup/lib/python3.10/site-packages/wc-bringup.egg-link (link to .)
[1.631s] Invoked command in '/home/ubuntu/ros_ws/build/wc_bringup' returned '0': PYTHONPATH=/home/ubuntu/ros_ws/build/wc_bringup/prefix_override:/usr/lib/python3/dist-packages/colcon_core/task/python/colcon_distutils_commands:/home/ubuntu/ros_ws/install/wc_bringup/lib/python3.10/site-packages:${PYTHONPATH} /usr/bin/python3 -W ignore:setup.py install is deprecated -W ignore:easy_install command is deprecated setup.py develop --uninstall --editable --build-directory /home/ubuntu/ros_ws/build/wc_bringup/build
[1.642s] Invoking command in '/home/ubuntu/ros_ws/src/wc_bringup': PYTHONPATH=/home/ubuntu/ros_ws/build/wc_bringup/prefix_override:/usr/lib/python3/dist-packages/colcon_core/task/python/colcon_distutils_commands:/home/ubuntu/ros_ws/install/wc_bringup/lib/python3.10/site-packages:${PYTHONPATH} /usr/bin/python3 -W ignore:setup.py install is deprecated -W ignore:easy_install command is deprecated setup.py egg_info --egg-base ../../build/wc_bringup build --build-base /home/ubuntu/ros_ws/build/wc_bringup/build install --record /home/ubuntu/ros_ws/build/wc_bringup/install.log --single-version-externally-managed install_data --force
[1.973s] running egg_info
[1.974s] writing ../../build/wc_bringup/wc_bringup.egg-info/PKG-INFO
[1.974s] writing dependency_links to ../../build/wc_bringup/wc_bringup.egg-info/dependency_links.txt
[1.974s] writing entry points to ../../build/wc_bringup/wc_bringup.egg-info/entry_points.txt
[1.974s] writing requirements to ../../build/wc_bringup/wc_bringup.egg-info/requires.txt
[1.974s] writing top-level names to ../../build/wc_bringup/wc_bringup.egg-info/top_level.txt
[1.975s] reading manifest file '../../build/wc_bringup/wc_bringup.egg-info/SOURCES.txt'
[1.976s] writing manifest file '../../build/wc_bringup/wc_bringup.egg-info/SOURCES.txt'
[1.977s] running build
[1.977s] running build_py
[1.977s] running install
[1.977s] running install_lib
[1.979s] creating /home/ubuntu/ros_ws/install/wc_bringup/lib/python3.10/site-packages/wc_bringup
[1.979s] copying /home/ubuntu/ros_ws/build/wc_bringup/build/lib/wc_bringup/__init__.py -> /home/ubuntu/ros_ws/install/wc_bringup/lib/python3.10/site-packages/wc_bringup
[1.979s] byte-compiling /home/ubuntu/ros_ws/install/wc_bringup/lib/python3.10/site-packages/wc_bringup/__init__.py to __init__.cpython-310.pyc
[1.980s] running install_data
[1.980s] copying resource/wc_bringup -> /home/ubuntu/ros_ws/install/wc_bringup/share/ament_index/resource_index/packages
[1.980s] copying package.xml -> /home/ubuntu/ros_ws/install/wc_bringup/share/wc_bringup
[1.980s] copying launch/bringup.launch.py -> /home/ubuntu/ros_ws/install/wc_bringup/share/wc_bringup/launch
[1.980s] copying config/robots.yaml -> /home/ubuntu/ros_ws/install/wc_bringup/share/wc_bringup/config
[1.982s] running install_egg_info
[1.983s] Copying ../../build/wc_bringup/wc_bringup.egg-info to /home/ubuntu/ros_ws/install/wc_bringup/lib/python3.10/site-packages/wc_bringup-0.0.0-py3.10.egg-info
[1.983s] running install_scripts
[2.022s] writing list of installed files to '/home/ubuntu/ros_ws/build/wc_bringup/install.log'
[2.052s] Invoked command in '/home/ubuntu/ros_ws/src/wc_bringup' returned '0': PYTHONPATH=/home/ubuntu/ros_ws/build/wc_bringup/prefix_override:/usr/lib/python3/dist-packages/colcon_core/task/python/colcon_distutils_commands:/home/ubuntu/ros_ws/install/wc_bringup/lib/python3.10/site-packages:${PYTHONPATH} /usr/bin/python3 -W ignore:setup.py install is deprecated -W ignore:easy_install command is deprecated setup.py egg_info --egg-base ../../build/wc_bringup build --build-base /home/ubuntu/ros_ws/build/wc_bringup/build install --record /home/ubuntu/ros_ws/build/wc_bringup/install.log --single-version-externally-managed install_data --force
