running develop
Removing /home/ubuntu/ros_ws/install/wc_bringup/lib/python3.10/site-packages/wc-bringup.egg-link (link to .)
running egg_info
writing ../../build/wc_bringup/wc_bringup.egg-info/PKG-INFO
writing dependency_links to ../../build/wc_bringup/wc_bringup.egg-info/dependency_links.txt
writing entry points to ../../build/wc_bringup/wc_bringup.egg-info/entry_points.txt
writing requirements to ../../build/wc_bringup/wc_bringup.egg-info/requires.txt
writing top-level names to ../../build/wc_bringup/wc_bringup.egg-info/top_level.txt
reading manifest file '../../build/wc_bringup/wc_bringup.egg-info/SOURCES.txt'
writing manifest file '../../build/wc_bringup/wc_bringup.egg-info/SOURCES.txt'
running build
running build_py
creating /home/ubuntu/ros_ws/build/wc_bringup/build
creating /home/ubuntu/ros_ws/build/wc_bringup/build/lib
creating /home/ubuntu/ros_ws/build/wc_bringup/build/lib/wc_bringup
copying wc_bringup/__init__.py -> /home/ubuntu/ros_ws/build/wc_bringup/build/lib/wc_bringup
running install
running install_lib
creating /home/ubuntu/ros_ws/install/wc_bringup/lib/python3.10/site-packages/wc_bringup
copying /home/ubuntu/ros_ws/build/wc_bringup/build/lib/wc_bringup/__init__.py -> /home/ubuntu/ros_ws/install/wc_bringup/lib/python3.10/site-packages/wc_bringup
byte-compiling /home/ubuntu/ros_ws/install/wc_bringup/lib/python3.10/site-packages/wc_bringup/__init__.py to __init__.cpython-310.pyc
running install_data
copying resource/wc_bringup -> /home/ubuntu/ros_ws/install/wc_bringup/share/ament_index/resource_index/packages
copying package.xml -> /home/ubuntu/ros_ws/install/wc_bringup/share/wc_bringup
copying launch/bringup.launch.py -> /home/ubuntu/ros_ws/install/wc_bringup/share/wc_bringup/launch
copying config/robots.yaml -> /home/ubuntu/ros_ws/install/wc_bringup/share/wc_bringup/config
running install_egg_info
Copying ../../build/wc_bringup/wc_bringup.egg-info to /home/ubuntu/ros_ws/install/wc_bringup/lib/python3.10/site-packages/wc_bringup-0.0.0-py3.10.egg-info
running install_scripts
writing list of installed files to '/home/ubuntu/ros_ws/build/wc_bringup/install.log'
