[0.103s] DEBUG:colcon:Command line arguments: ['/usr/bin/colcon', 'build']
[0.103s] DEBUG:colcon:Parsed command line arguments: Namespace(log_base=None, log_level=None, verb_name='build', build_base='build', install_base='install', merge_install=False, symlink_install=False, test_result_base=None, continue_on_error=False, executor='parallel', parallel_workers=8, event_handlers=None, ignore_user_meta=False, metas=['./colcon.meta'], base_paths=['.'], packages_ignore=None, packages_ignore_regex=None, paths=None, packages_up_to=None, packages_up_to_regex=None, packages_above=None, packages_above_and_dependencies=None, packages_above_depth=None, packages_select_by_dep=None, packages_skip_by_dep=None, packages_skip_up_to=None, packages_select_build_failed=False, packages_skip_build_finished=False, packages_select_test_failures=False, packages_skip_test_passed=False, packages_select=None, packages_skip=None, packages_select_regex=None, packages_skip_regex=None, packages_start=None, packages_end=None, allow_overriding=[], cmake_args=None, cmake_target=None, cmake_target_skip_unavailable=False, cmake_clean_cache=False, cmake_clean_first=False, cmake_force_configure=False, ament_cmake_args=None, catkin_cmake_args=None, catkin_skip_building_tests=False, mixin_files=None, mixin=None, verb_parser=<colcon_mixin.mixin.mixin_argument.MixinArgumentDecorator object at 0x7ec9f187f2b0>, verb_extension=<colcon_core.verb.build.BuildVerb object at 0x7ec9f196f640>, main=<bound method BuildVerb.main of <colcon_core.verb.build.BuildVerb object at 0x7ec9f196f640>>, mixin_verb=('build',))
[0.239s] Level 1:colcon.colcon_core.package_discovery:discover_packages(colcon_meta) check parameters
[0.239s] Level 1:colcon.colcon_core.package_discovery:discover_packages(recursive) check parameters
[0.239s] Level 1:colcon.colcon_core.package_discovery:discover_packages(ignore) check parameters
[0.239s] Level 1:colcon.colcon_core.package_discovery:discover_packages(path) check parameters
[0.239s] Level 1:colcon.colcon_core.package_discovery:discover_packages(colcon_meta) discover
[0.239s] Level 1:colcon.colcon_core.package_discovery:discover_packages(recursive) discover
[0.239s] INFO:colcon.colcon_core.package_discovery:Crawling recursively for packages in '/home/ubuntu/ros_ws'
[0.239s] Level 1:colcon.colcon_core.package_identification:_identify(.) by extensions ['ignore', 'ignore_ament_install']
[0.239s] Level 1:colcon.colcon_core.package_identification:_identify(.) by extension 'ignore'
[0.239s] Level 1:colcon.colcon_core.package_identification:_identify(.) by extension 'ignore_ament_install'
[0.239s] Level 1:colcon.colcon_core.package_identification:_identify(.) by extensions ['colcon_pkg']
[0.239s] Level 1:colcon.colcon_core.package_identification:_identify(.) by extension 'colcon_pkg'
[0.239s] Level 1:colcon.colcon_core.package_identification:_identify(.) by extensions ['colcon_meta']
[0.239s] Level 1:colcon.colcon_core.package_identification:_identify(.) by extension 'colcon_meta'
[0.239s] Level 1:colcon.colcon_core.package_identification:_identify(.) by extensions ['ros']
[0.239s] Level 1:colcon.colcon_core.package_identification:_identify(.) by extension 'ros'
[0.264s] Level 1:colcon.colcon_core.package_identification:_identify(.) by extensions ['cmake', 'python']
[0.264s] Level 1:colcon.colcon_core.package_identification:_identify(.) by extension 'cmake'
[0.264s] Level 1:colcon.colcon_core.package_identification:_identify(.) by extension 'python'
[0.264s] Level 1:colcon.colcon_core.package_identification:_identify(.) by extensions ['python_setup_py']
[0.264s] Level 1:colcon.colcon_core.package_identification:_identify(.) by extension 'python_setup_py'
[0.264s] Level 1:colcon.colcon_core.package_identification:_identify(build) by extensions ['ignore', 'ignore_ament_install']
[0.264s] Level 1:colcon.colcon_core.package_identification:_identify(build) by extension 'ignore'
[0.264s] Level 1:colcon.colcon_core.package_identification:_identify(build) ignored
[0.264s] Level 1:colcon.colcon_core.package_identification:_identify(install) by extensions ['ignore', 'ignore_ament_install']
[0.264s] Level 1:colcon.colcon_core.package_identification:_identify(install) by extension 'ignore'
[0.264s] Level 1:colcon.colcon_core.package_identification:_identify(install) ignored
[0.264s] Level 1:colcon.colcon_core.package_identification:_identify(log) by extensions ['ignore', 'ignore_ament_install']
[0.264s] Level 1:colcon.colcon_core.package_identification:_identify(log) by extension 'ignore'
[0.264s] Level 1:colcon.colcon_core.package_identification:_identify(log) ignored
[0.264s] Level 1:colcon.colcon_core.package_identification:_identify(src) by extensions ['ignore', 'ignore_ament_install']
[0.264s] Level 1:colcon.colcon_core.package_identification:_identify(src) by extension 'ignore'
[0.264s] Level 1:colcon.colcon_core.package_identification:_identify(src) by extension 'ignore_ament_install'
[0.264s] Level 1:colcon.colcon_core.package_identification:_identify(src) by extensions ['colcon_pkg']
[0.264s] Level 1:colcon.colcon_core.package_identification:_identify(src) by extension 'colcon_pkg'
[0.264s] Level 1:colcon.colcon_core.package_identification:_identify(src) by extensions ['colcon_meta']
[0.264s] Level 1:colcon.colcon_core.package_identification:_identify(src) by extension 'colcon_meta'
[0.264s] Level 1:colcon.colcon_core.package_identification:_identify(src) by extensions ['ros']
[0.265s] Level 1:colcon.colcon_core.package_identification:_identify(src) by extension 'ros'
[0.265s] Level 1:colcon.colcon_core.package_identification:_identify(src) by extensions ['cmake', 'python']
[0.265s] Level 1:colcon.colcon_core.package_identification:_identify(src) by extension 'cmake'
[0.265s] Level 1:colcon.colcon_core.package_identification:_identify(src) by extension 'python'
[0.265s] Level 1:colcon.colcon_core.package_identification:_identify(src) by extensions ['python_setup_py']
[0.265s] Level 1:colcon.colcon_core.package_identification:_identify(src) by extension 'python_setup_py'
[0.265s] Level 1:colcon.colcon_core.package_identification:_identify(src/wc_bringup) by extensions ['ignore', 'ignore_ament_install']
[0.265s] Level 1:colcon.colcon_core.package_identification:_identify(src/wc_bringup) by extension 'ignore'
[0.265s] Level 1:colcon.colcon_core.package_identification:_identify(src/wc_bringup) by extension 'ignore_ament_install'
[0.265s] Level 1:colcon.colcon_core.package_identification:_identify(src/wc_bringup) by extensions ['colcon_pkg']
[0.265s] Level 1:colcon.colcon_core.package_identification:_identify(src/wc_bringup) by extension 'colcon_pkg'
[0.265s] Level 1:colcon.colcon_core.package_identification:_identify(src/wc_bringup) by extensions ['colcon_meta']
[0.265s] Level 1:colcon.colcon_core.package_identification:_identify(src/wc_bringup) by extension 'colcon_meta'
[0.265s] Level 1:colcon.colcon_core.package_identification:_identify(src/wc_bringup) by extensions ['ros']
[0.265s] Level 1:colcon.colcon_core.package_identification:_identify(src/wc_bringup) by extension 'ros'
[0.268s] DEBUG:colcon.colcon_core.package_identification:Package 'src/wc_bringup' with type 'ros.ament_python' and name 'wc_bringup'
[0.268s] Level 1:colcon.colcon_core.package_identification:_identify(src/wc_mission_manager) by extensions ['ignore', 'ignore_ament_install']
[0.268s] Level 1:colcon.colcon_core.package_identification:_identify(src/wc_mission_manager) by extension 'ignore'
[0.268s] Level 1:colcon.colcon_core.package_identification:_identify(src/wc_mission_manager) by extension 'ignore_ament_install'
[0.268s] Level 1:colcon.colcon_core.package_identification:_identify(src/wc_mission_manager) by extensions ['colcon_pkg']
[0.268s] Level 1:colcon.colcon_core.package_identification:_identify(src/wc_mission_manager) by extension 'colcon_pkg'
[0.268s] Level 1:colcon.colcon_core.package_identification:_identify(src/wc_mission_manager) by extensions ['colcon_meta']
[0.268s] Level 1:colcon.colcon_core.package_identification:_identify(src/wc_mission_manager) by extension 'colcon_meta'
[0.268s] Level 1:colcon.colcon_core.package_identification:_identify(src/wc_mission_manager) by extensions ['ros']
[0.268s] Level 1:colcon.colcon_core.package_identification:_identify(src/wc_mission_manager) by extension 'ros'
[0.269s] DEBUG:colcon.colcon_core.package_identification:Package 'src/wc_mission_manager' with type 'ros.ament_python' and name 'wc_mission_manager'
[0.269s] Level 1:colcon.colcon_core.package_identification:_identify(src/wc_server_bridge) by extensions ['ignore', 'ignore_ament_install']
[0.269s] Level 1:colcon.colcon_core.package_identification:_identify(src/wc_server_bridge) by extension 'ignore'
[0.269s] Level 1:colcon.colcon_core.package_identification:_identify(src/wc_server_bridge) by extension 'ignore_ament_install'
[0.269s] Level 1:colcon.colcon_core.package_identification:_identify(src/wc_server_bridge) by extensions ['colcon_pkg']
[0.269s] Level 1:colcon.colcon_core.package_identification:_identify(src/wc_server_bridge) by extension 'colcon_pkg'
[0.269s] Level 1:colcon.colcon_core.package_identification:_identify(src/wc_server_bridge) by extensions ['colcon_meta']
[0.269s] Level 1:colcon.colcon_core.package_identification:_identify(src/wc_server_bridge) by extension 'colcon_meta'
[0.269s] Level 1:colcon.colcon_core.package_identification:_identify(src/wc_server_bridge) by extensions ['ros']
[0.269s] Level 1:colcon.colcon_core.package_identification:_identify(src/wc_server_bridge) by extension 'ros'
[0.269s] DEBUG:colcon.colcon_core.package_identification:Package 'src/wc_server_bridge' with type 'ros.ament_python' and name 'wc_server_bridge'
[0.269s] Level 1:colcon.colcon_core.package_identification:_identify(src/wc_stm_driver) by extensions ['ignore', 'ignore_ament_install']
[0.269s] Level 1:colcon.colcon_core.package_identification:_identify(src/wc_stm_driver) by extension 'ignore'
[0.269s] Level 1:colcon.colcon_core.package_identification:_identify(src/wc_stm_driver) by extension 'ignore_ament_install'
[0.270s] Level 1:colcon.colcon_core.package_identification:_identify(src/wc_stm_driver) by extensions ['colcon_pkg']
[0.270s] Level 1:colcon.colcon_core.package_identification:_identify(src/wc_stm_driver) by extension 'colcon_pkg'
[0.270s] Level 1:colcon.colcon_core.package_identification:_identify(src/wc_stm_driver) by extensions ['colcon_meta']
[0.270s] Level 1:colcon.colcon_core.package_identification:_identify(src/wc_stm_driver) by extension 'colcon_meta'
[0.270s] Level 1:colcon.colcon_core.package_identification:_identify(src/wc_stm_driver) by extensions ['ros']
[0.270s] Level 1:colcon.colcon_core.package_identification:_identify(src/wc_stm_driver) by extension 'ros'
[0.270s] DEBUG:colcon.colcon_core.package_identification:Package 'src/wc_stm_driver' with type 'ros.ament_python' and name 'wc_stm_driver'
[0.270s] Level 1:colcon.colcon_core.package_discovery:discover_packages(recursive) using defaults
[0.270s] Level 1:colcon.colcon_core.package_discovery:discover_packages(ignore) discover
[0.270s] Level 1:colcon.colcon_core.package_discovery:discover_packages(ignore) using defaults
[0.270s] Level 1:colcon.colcon_core.package_discovery:discover_packages(path) discover
[0.270s] Level 1:colcon.colcon_core.package_discovery:discover_packages(path) using defaults
[0.289s] Level 1:colcon.colcon_core.package_discovery:discover_packages(prefix_path) check parameters
[0.289s] Level 1:colcon.colcon_core.package_discovery:discover_packages(prefix_path) discover
[0.291s] DEBUG:colcon.colcon_installed_package_information.package_discovery:Found 4 installed packages in /home/ubuntu/ros_ws/install
[0.292s] DEBUG:colcon.colcon_installed_package_information.package_discovery:Found 26 installed packages in /home/ubuntu/turtlebot3_ws/install
[0.292s] DEBUG:colcon.colcon_installed_package_information.package_discovery:Found 1 installed packages in /home/ubuntu/project_ws/install
[0.293s] DEBUG:colcon.colcon_installed_package_information.package_discovery:Found 462 installed packages in /opt/ros/humble
[0.296s] Level 1:colcon.colcon_core.package_discovery:discover_packages(prefix_path) using defaults
[0.336s] Level 5:colcon.colcon_core.verb:set package 'wc_bringup' build argument 'cmake_args' from command line to 'None'
[0.336s] Level 5:colcon.colcon_core.verb:set package 'wc_bringup' build argument 'cmake_target' from command line to 'None'
[0.336s] Level 5:colcon.colcon_core.verb:set package 'wc_bringup' build argument 'cmake_target_skip_unavailable' from command line to 'False'
[0.336s] Level 5:colcon.colcon_core.verb:set package 'wc_bringup' build argument 'cmake_clean_cache' from command line to 'False'
[0.336s] Level 5:colcon.colcon_core.verb:set package 'wc_bringup' build argument 'cmake_clean_first' from command line to 'False'
[0.336s] Level 5:colcon.colcon_core.verb:set package 'wc_bringup' build argument 'cmake_force_configure' from command line to 'False'
[0.336s] Level 5:colcon.colcon_core.verb:set package 'wc_bringup' build argument 'ament_cmake_args' from command line to 'None'
[0.336s] Level 5:colcon.colcon_core.verb:set package 'wc_bringup' build argument 'catkin_cmake_args' from command line to 'None'
[0.336s] Level 5:colcon.colcon_core.verb:set package 'wc_bringup' build argument 'catkin_skip_building_tests' from command line to 'False'
[0.336s] DEBUG:colcon.colcon_core.verb:Building package 'wc_bringup' with the following arguments: {'ament_cmake_args': None, 'build_base': '/home/ubuntu/ros_ws/build/wc_bringup', 'catkin_cmake_args': None, 'catkin_skip_building_tests': False, 'cmake_args': None, 'cmake_clean_cache': False, 'cmake_clean_first': False, 'cmake_force_configure': False, 'cmake_target': None, 'cmake_target_skip_unavailable': False, 'install_base': '/home/ubuntu/ros_ws/install/wc_bringup', 'merge_install': False, 'path': '/home/ubuntu/ros_ws/src/wc_bringup', 'symlink_install': False, 'test_result_base': None}
[0.337s] Level 5:colcon.colcon_core.verb:set package 'wc_mission_manager' build argument 'cmake_args' from command line to 'None'
[0.337s] Level 5:colcon.colcon_core.verb:set package 'wc_mission_manager' build argument 'cmake_target' from command line to 'None'
[0.337s] Level 5:colcon.colcon_core.verb:set package 'wc_mission_manager' build argument 'cmake_target_skip_unavailable' from command line to 'False'
[0.337s] Level 5:colcon.colcon_core.verb:set package 'wc_mission_manager' build argument 'cmake_clean_cache' from command line to 'False'
[0.337s] Level 5:colcon.colcon_core.verb:set package 'wc_mission_manager' build argument 'cmake_clean_first' from command line to 'False'
[0.337s] Level 5:colcon.colcon_core.verb:set package 'wc_mission_manager' build argument 'cmake_force_configure' from command line to 'False'
[0.337s] Level 5:colcon.colcon_core.verb:set package 'wc_mission_manager' build argument 'ament_cmake_args' from command line to 'None'
[0.337s] Level 5:colcon.colcon_core.verb:set package 'wc_mission_manager' build argument 'catkin_cmake_args' from command line to 'None'
[0.337s] Level 5:colcon.colcon_core.verb:set package 'wc_mission_manager' build argument 'catkin_skip_building_tests' from command line to 'False'
[0.337s] DEBUG:colcon.colcon_core.verb:Building package 'wc_mission_manager' with the following arguments: {'ament_cmake_args': None, 'build_base': '/home/ubuntu/ros_ws/build/wc_mission_manager', 'catkin_cmake_args': None, 'catkin_skip_building_tests': False, 'cmake_args': None, 'cmake_clean_cache': False, 'cmake_clean_first': False, 'cmake_force_configure': False, 'cmake_target': None, 'cmake_target_skip_unavailable': False, 'install_base': '/home/ubuntu/ros_ws/install/wc_mission_manager', 'merge_install': False, 'path': '/home/ubuntu/ros_ws/src/wc_mission_manager', 'symlink_install': False, 'test_result_base': None}
[0.337s] Level 5:colcon.colcon_core.verb:set package 'wc_server_bridge' build argument 'cmake_args' from command line to 'None'
[0.337s] Level 5:colcon.colcon_core.verb:set package 'wc_server_bridge' build argument 'cmake_target' from command line to 'None'
[0.337s] Level 5:colcon.colcon_core.verb:set package 'wc_server_bridge' build argument 'cmake_target_skip_unavailable' from command line to 'False'
[0.337s] Level 5:colcon.colcon_core.verb:set package 'wc_server_bridge' build argument 'cmake_clean_cache' from command line to 'False'
[0.337s] Level 5:colcon.colcon_core.verb:set package 'wc_server_bridge' build argument 'cmake_clean_first' from command line to 'False'
[0.337s] Level 5:colcon.colcon_core.verb:set package 'wc_server_bridge' build argument 'cmake_force_configure' from command line to 'False'
[0.337s] Level 5:colcon.colcon_core.verb:set package 'wc_server_bridge' build argument 'ament_cmake_args' from command line to 'None'
[0.337s] Level 5:colcon.colcon_core.verb:set package 'wc_server_bridge' build argument 'catkin_cmake_args' from command line to 'None'
[0.337s] Level 5:colcon.colcon_core.verb:set package 'wc_server_bridge' build argument 'catkin_skip_building_tests' from command line to 'False'
[0.337s] DEBUG:colcon.colcon_core.verb:Building package 'wc_server_bridge' with the following arguments: {'ament_cmake_args': None, 'build_base': '/home/ubuntu/ros_ws/build/wc_server_bridge', 'catkin_cmake_args': None, 'catkin_skip_building_tests': False, 'cmake_args': None, 'cmake_clean_cache': False, 'cmake_clean_first': False, 'cmake_force_configure': False, 'cmake_target': None, 'cmake_target_skip_unavailable': False, 'install_base': '/home/ubuntu/ros_ws/install/wc_server_bridge', 'merge_install': False, 'path': '/home/ubuntu/ros_ws/src/wc_server_bridge', 'symlink_install': False, 'test_result_base': None}
[0.337s] Level 5:colcon.colcon_core.verb:set package 'wc_stm_driver' build argument 'cmake_args' from command line to 'None'
[0.338s] Level 5:colcon.colcon_core.verb:set package 'wc_stm_driver' build argument 'cmake_target' from command line to 'None'
[0.338s] Level 5:colcon.colcon_core.verb:set package 'wc_stm_driver' build argument 'cmake_target_skip_unavailable' from command line to 'False'
[0.338s] Level 5:colcon.colcon_core.verb:set package 'wc_stm_driver' build argument 'cmake_clean_cache' from command line to 'False'
[0.338s] Level 5:colcon.colcon_core.verb:set package 'wc_stm_driver' build argument 'cmake_clean_first' from command line to 'False'
[0.338s] Level 5:colcon.colcon_core.verb:set package 'wc_stm_driver' build argument 'cmake_force_configure' from command line to 'False'
[0.338s] Level 5:colcon.colcon_core.verb:set package 'wc_stm_driver' build argument 'ament_cmake_args' from command line to 'None'
[0.338s] Level 5:colcon.colcon_core.verb:set package 'wc_stm_driver' build argument 'catkin_cmake_args' from command line to 'None'
[0.338s] Level 5:colcon.colcon_core.verb:set package 'wc_stm_driver' build argument 'catkin_skip_building_tests' from command line to 'False'
[0.338s] DEBUG:colcon.colcon_core.verb:Building package 'wc_stm_driver' with the following arguments: {'ament_cmake_args': None, 'build_base': '/home/ubuntu/ros_ws/build/wc_stm_driver', 'catkin_cmake_args': None, 'catkin_skip_building_tests': False, 'cmake_args': None, 'cmake_clean_cache': False, 'cmake_clean_first': False, 'cmake_force_configure': False, 'cmake_target': None, 'cmake_target_skip_unavailable': False, 'install_base': '/home/ubuntu/ros_ws/install/wc_stm_driver', 'merge_install': False, 'path': '/home/ubuntu/ros_ws/src/wc_stm_driver', 'symlink_install': False, 'test_result_base': None}
[0.338s] INFO:colcon.colcon_core.executor:Executing jobs using 'parallel' executor
[0.339s] DEBUG:colcon.colcon_parallel_executor.executor.parallel:run_until_complete
[0.339s] INFO:colcon.colcon_ros.task.ament_python.build:Building ROS package in '/home/ubuntu/ros_ws/src/wc_bringup' with build type 'ament_python'
[0.339s] Level 1:colcon.colcon_core.shell:create_environment_hook('wc_bringup', 'ament_prefix_path')
[0.341s] INFO:colcon.colcon_core.plugin_system:Skipping extension 'colcon_core.shell.bat': Not used on non-Windows systems
[0.341s] INFO:colcon.colcon_core.shell:Creating environment hook '/home/ubuntu/ros_ws/install/wc_bringup/share/wc_bringup/hook/ament_prefix_path.ps1'
[0.341s] INFO:colcon.colcon_core.shell:Creating environment descriptor '/home/ubuntu/ros_ws/install/wc_bringup/share/wc_bringup/hook/ament_prefix_path.dsv'
[0.342s] INFO:colcon.colcon_core.shell:Creating environment hook '/home/ubuntu/ros_ws/install/wc_bringup/share/wc_bringup/hook/ament_prefix_path.sh'
[0.342s] INFO:colcon.colcon_core.shell:Skip shell extension 'powershell' for command environment: Not usable outside of PowerShell
[0.342s] DEBUG:colcon.colcon_core.shell:Skip shell extension 'dsv' for command environment
[0.346s] INFO:colcon.colcon_ros.task.ament_python.build:Building ROS package in '/home/ubuntu/ros_ws/src/wc_mission_manager' with build type 'ament_python'
[0.347s] Level 1:colcon.colcon_core.shell:create_environment_hook('wc_mission_manager', 'ament_prefix_path')
[0.347s] INFO:colcon.colcon_core.shell:Creating environment hook '/home/ubuntu/ros_ws/install/wc_mission_manager/share/wc_mission_manager/hook/ament_prefix_path.ps1'
[0.347s] INFO:colcon.colcon_core.shell:Creating environment descriptor '/home/ubuntu/ros_ws/install/wc_mission_manager/share/wc_mission_manager/hook/ament_prefix_path.dsv'
[0.348s] INFO:colcon.colcon_core.shell:Creating environment hook '/home/ubuntu/ros_ws/install/wc_mission_manager/share/wc_mission_manager/hook/ament_prefix_path.sh'
[0.349s] INFO:colcon.colcon_core.shell:Skip shell extension 'powershell' for command environment: Not usable outside of PowerShell
[0.349s] DEBUG:colcon.colcon_core.shell:Skip shell extension 'dsv' for command environment
[0.355s] INFO:colcon.colcon_ros.task.ament_python.build:Building ROS package in '/home/ubuntu/ros_ws/src/wc_server_bridge' with build type 'ament_python'
[0.355s] Level 1:colcon.colcon_core.shell:create_environment_hook('wc_server_bridge', 'ament_prefix_path')
[0.355s] INFO:colcon.colcon_core.shell:Creating environment hook '/home/ubuntu/ros_ws/install/wc_server_bridge/share/wc_server_bridge/hook/ament_prefix_path.ps1'
[0.356s] INFO:colcon.colcon_core.shell:Creating environment descriptor '/home/ubuntu/ros_ws/install/wc_server_bridge/share/wc_server_bridge/hook/ament_prefix_path.dsv'
[0.356s] INFO:colcon.colcon_core.shell:Creating environment hook '/home/ubuntu/ros_ws/install/wc_server_bridge/share/wc_server_bridge/hook/ament_prefix_path.sh'
[0.357s] INFO:colcon.colcon_core.shell:Skip shell extension 'powershell' for command environment: Not usable outside of PowerShell
[0.357s] DEBUG:colcon.colcon_core.shell:Skip shell extension 'dsv' for command environment
[0.362s] INFO:colcon.colcon_ros.task.ament_python.build:Building ROS package in '/home/ubuntu/ros_ws/src/wc_stm_driver' with build type 'ament_python'
[0.362s] Level 1:colcon.colcon_core.shell:create_environment_hook('wc_stm_driver', 'ament_prefix_path')
[0.362s] INFO:colcon.colcon_core.shell:Creating environment hook '/home/ubuntu/ros_ws/install/wc_stm_driver/share/wc_stm_driver/hook/ament_prefix_path.ps1'
[0.363s] INFO:colcon.colcon_core.shell:Creating environment descriptor '/home/ubuntu/ros_ws/install/wc_stm_driver/share/wc_stm_driver/hook/ament_prefix_path.dsv'
[0.363s] INFO:colcon.colcon_core.shell:Creating environment hook '/home/ubuntu/ros_ws/install/wc_stm_driver/share/wc_stm_driver/hook/ament_prefix_path.sh'
[0.364s] INFO:colcon.colcon_core.shell:Skip shell extension 'powershell' for command environment: Not usable outside of PowerShell
[0.364s] DEBUG:colcon.colcon_core.shell:Skip shell extension 'dsv' for command environment
[0.629s] INFO:colcon.colcon_core.task.python.build:Building Python package in '/home/ubuntu/ros_ws/src/wc_bringup'
[0.630s] INFO:colcon.colcon_core.shell:Skip shell extension 'powershell' for command environment: Not usable outside of PowerShell
[0.630s] DEBUG:colcon.colcon_core.shell:Skip shell extension 'dsv' for command environment
[0.912s] INFO:colcon.colcon_core.task.python.build:Building Python package in '/home/ubuntu/ros_ws/src/wc_mission_manager'
[0.913s] INFO:colcon.colcon_core.shell:Skip shell extension 'powershell' for command environment: Not usable outside of PowerShell
[0.913s] DEBUG:colcon.colcon_core.shell:Skip shell extension 'dsv' for command environment
[1.172s] INFO:colcon.colcon_core.task.python.build:Building Python package in '/home/ubuntu/ros_ws/src/wc_server_bridge'
[1.172s] INFO:colcon.colcon_core.shell:Skip shell extension 'powershell' for command environment: Not usable outside of PowerShell
[1.172s] DEBUG:colcon.colcon_core.shell:Skip shell extension 'dsv' for command environment
[1.427s] INFO:colcon.colcon_core.task.python.build:Building Python package in '/home/ubuntu/ros_ws/src/wc_stm_driver'
[1.427s] INFO:colcon.colcon_core.shell:Skip shell extension 'powershell' for command environment: Not usable outside of PowerShell
[1.427s] DEBUG:colcon.colcon_core.shell:Skip shell extension 'dsv' for command environment
[1.923s] DEBUG:colcon.colcon_core.event_handler.log_command:Invoking command in '/home/ubuntu/ros_ws/src/wc_bringup': PYTHONPATH=/home/ubuntu/ros_ws/build/wc_bringup/prefix_override:/usr/lib/python3/dist-packages/colcon_core/task/python/colcon_distutils_commands:/home/ubuntu/ros_ws/install/wc_bringup/lib/python3.10/site-packages:${PYTHONPATH} /usr/bin/python3 -W ignore:setup.py install is deprecated -W ignore:easy_install command is deprecated setup.py egg_info --egg-base ../../build/wc_bringup build --build-base /home/ubuntu/ros_ws/build/wc_bringup/build install --record /home/ubuntu/ros_ws/build/wc_bringup/install.log --single-version-externally-managed install_data
[1.996s] DEBUG:colcon.colcon_core.event_handler.log_command:Invoking command in '/home/ubuntu/ros_ws/src/wc_server_bridge': PYTHONPATH=/home/ubuntu/ros_ws/build/wc_server_bridge/prefix_override:/usr/lib/python3/dist-packages/colcon_core/task/python/colcon_distutils_commands:/home/ubuntu/ros_ws/install/wc_server_bridge/lib/python3.10/site-packages:${PYTHONPATH} /usr/bin/python3 -W ignore:setup.py install is deprecated -W ignore:easy_install command is deprecated setup.py egg_info --egg-base ../../build/wc_server_bridge build --build-base /home/ubuntu/ros_ws/build/wc_server_bridge/build install --record /home/ubuntu/ros_ws/build/wc_server_bridge/install.log --single-version-externally-managed install_data
[2.002s] DEBUG:colcon.colcon_core.event_handler.log_command:Invoking command in '/home/ubuntu/ros_ws/src/wc_mission_manager': PYTHONPATH=/home/ubuntu/ros_ws/build/wc_mission_manager/prefix_override:/usr/lib/python3/dist-packages/colcon_core/task/python/colcon_distutils_commands:/home/ubuntu/ros_ws/install/wc_mission_manager/lib/python3.10/site-packages:${PYTHONPATH} /usr/bin/python3 -W ignore:setup.py install is deprecated -W ignore:easy_install command is deprecated setup.py egg_info --egg-base ../../build/wc_mission_manager build --build-base /home/ubuntu/ros_ws/build/wc_mission_manager/build install --record /home/ubuntu/ros_ws/build/wc_mission_manager/install.log --single-version-externally-managed install_data
[2.125s] DEBUG:colcon.colcon_core.event_handler.log_command:Invoking command in '/home/ubuntu/ros_ws/src/wc_stm_driver': PYTHONPATH=/home/ubuntu/ros_ws/build/wc_stm_driver/prefix_override:/usr/lib/python3/dist-packages/colcon_core/task/python/colcon_distutils_commands:/home/ubuntu/ros_ws/install/wc_stm_driver/lib/python3.10/site-packages:${PYTHONPATH} /usr/bin/python3 -W ignore:setup.py install is deprecated -W ignore:easy_install command is deprecated setup.py egg_info --egg-base ../../build/wc_stm_driver build --build-base /home/ubuntu/ros_ws/build/wc_stm_driver/build install --record /home/ubuntu/ros_ws/build/wc_stm_driver/install.log --single-version-externally-managed install_data
[2.388s] DEBUG:colcon.colcon_core.event_handler.log_command:Invoked command in '/home/ubuntu/ros_ws/src/wc_bringup' returned '0': PYTHONPATH=/home/ubuntu/ros_ws/build/wc_bringup/prefix_override:/usr/lib/python3/dist-packages/colcon_core/task/python/colcon_distutils_commands:/home/ubuntu/ros_ws/install/wc_bringup/lib/python3.10/site-packages:${PYTHONPATH} /usr/bin/python3 -W ignore:setup.py install is deprecated -W ignore:easy_install command is deprecated setup.py egg_info --egg-base ../../build/wc_bringup build --build-base /home/ubuntu/ros_ws/build/wc_bringup/build install --record /home/ubuntu/ros_ws/build/wc_bringup/install.log --single-version-externally-managed install_data
[2.391s] Level 1:colcon.colcon_core.environment:checking '/home/ubuntu/ros_ws/install/wc_bringup' for CMake module files
[2.391s] Level 1:colcon.colcon_core.environment:checking '/home/ubuntu/ros_ws/install/wc_bringup' for CMake config files
[2.392s] Level 1:colcon.colcon_core.environment:checking '/home/ubuntu/ros_ws/install/wc_bringup/lib'
[2.393s] Level 1:colcon.colcon_core.environment:checking '/home/ubuntu/ros_ws/install/wc_bringup/bin'
[2.393s] Level 1:colcon.colcon_core.environment:checking '/home/ubuntu/ros_ws/install/wc_bringup/lib/pkgconfig/wc_bringup.pc'
[2.393s] Level 1:colcon.colcon_core.environment:checking '/home/ubuntu/ros_ws/install/wc_bringup/lib/python3.10/site-packages'
[2.393s] Level 1:colcon.colcon_core.shell:create_environment_hook('wc_bringup', 'pythonpath')
[2.393s] INFO:colcon.colcon_core.shell:Creating environment hook '/home/ubuntu/ros_ws/install/wc_bringup/share/wc_bringup/hook/pythonpath.ps1'
[2.394s] INFO:colcon.colcon_core.shell:Creating environment descriptor '/home/ubuntu/ros_ws/install/wc_bringup/share/wc_bringup/hook/pythonpath.dsv'
[2.394s] INFO:colcon.colcon_core.shell:Creating environment hook '/home/ubuntu/ros_ws/install/wc_bringup/share/wc_bringup/hook/pythonpath.sh'
[2.395s] Level 1:colcon.colcon_core.environment:checking '/home/ubuntu/ros_ws/install/wc_bringup/bin'
[2.395s] Level 1:colcon.colcon_core.environment:create_environment_scripts_only(wc_bringup)
[2.395s] INFO:colcon.colcon_core.shell:Creating package script '/home/ubuntu/ros_ws/install/wc_bringup/share/wc_bringup/package.ps1'
[2.396s] INFO:colcon.colcon_core.shell:Creating package descriptor '/home/ubuntu/ros_ws/install/wc_bringup/share/wc_bringup/package.dsv'
[2.401s] INFO:colcon.colcon_core.shell:Creating package script '/home/ubuntu/ros_ws/install/wc_bringup/share/wc_bringup/package.sh'
[2.402s] INFO:colcon.colcon_core.shell:Creating package script '/home/ubuntu/ros_ws/install/wc_bringup/share/wc_bringup/package.bash'
[2.403s] INFO:colcon.colcon_core.shell:Creating package script '/home/ubuntu/ros_ws/install/wc_bringup/share/wc_bringup/package.zsh'
[2.403s] Level 1:colcon.colcon_core.environment:create_file_with_runtime_dependencies(/home/ubuntu/ros_ws/install/wc_bringup/share/colcon-core/packages/wc_bringup)
[2.460s] Level 1:colcon.colcon_core.environment:checking '/home/ubuntu/ros_ws/install/wc_mission_manager' for CMake module files
[2.461s] DEBUG:colcon.colcon_core.event_handler.log_command:Invoked command in '/home/ubuntu/ros_ws/src/wc_mission_manager' returned '0': PYTHONPATH=/home/ubuntu/ros_ws/build/wc_mission_manager/prefix_override:/usr/lib/python3/dist-packages/colcon_core/task/python/colcon_distutils_commands:/home/ubuntu/ros_ws/install/wc_mission_manager/lib/python3.10/site-packages:${PYTHONPATH} /usr/bin/python3 -W ignore:setup.py install is deprecated -W ignore:easy_install command is deprecated setup.py egg_info --egg-base ../../build/wc_mission_manager build --build-base /home/ubuntu/ros_ws/build/wc_mission_manager/build install --record /home/ubuntu/ros_ws/build/wc_mission_manager/install.log --single-version-externally-managed install_data
[2.462s] Level 1:colcon.colcon_core.environment:checking '/home/ubuntu/ros_ws/install/wc_mission_manager' for CMake config files
[2.462s] Level 1:colcon.colcon_core.environment:checking '/home/ubuntu/ros_ws/install/wc_mission_manager/lib'
[2.462s] Level 1:colcon.colcon_core.environment:checking '/home/ubuntu/ros_ws/install/wc_mission_manager/bin'
[2.462s] Level 1:colcon.colcon_core.environment:checking '/home/ubuntu/ros_ws/install/wc_mission_manager/lib/pkgconfig/wc_mission_manager.pc'
[2.462s] Level 1:colcon.colcon_core.environment:checking '/home/ubuntu/ros_ws/install/wc_mission_manager/lib/python3.10/site-packages'
[2.462s] Level 1:colcon.colcon_core.shell:create_environment_hook('wc_mission_manager', 'pythonpath')
[2.463s] INFO:colcon.colcon_core.shell:Creating environment hook '/home/ubuntu/ros_ws/install/wc_mission_manager/share/wc_mission_manager/hook/pythonpath.ps1'
[2.463s] INFO:colcon.colcon_core.shell:Creating environment descriptor '/home/ubuntu/ros_ws/install/wc_mission_manager/share/wc_mission_manager/hook/pythonpath.dsv'
[2.464s] INFO:colcon.colcon_core.shell:Creating environment hook '/home/ubuntu/ros_ws/install/wc_mission_manager/share/wc_mission_manager/hook/pythonpath.sh'
[2.465s] Level 1:colcon.colcon_core.environment:checking '/home/ubuntu/ros_ws/install/wc_mission_manager/bin'
[2.465s] Level 1:colcon.colcon_core.environment:create_environment_scripts_only(wc_mission_manager)
[2.465s] INFO:colcon.colcon_core.shell:Creating package script '/home/ubuntu/ros_ws/install/wc_mission_manager/share/wc_mission_manager/package.ps1'
[2.466s] INFO:colcon.colcon_core.shell:Creating package descriptor '/home/ubuntu/ros_ws/install/wc_mission_manager/share/wc_mission_manager/package.dsv'
[2.466s] INFO:colcon.colcon_core.shell:Creating package script '/home/ubuntu/ros_ws/install/wc_mission_manager/share/wc_mission_manager/package.sh'
[2.467s] INFO:colcon.colcon_core.shell:Creating package script '/home/ubuntu/ros_ws/install/wc_mission_manager/share/wc_mission_manager/package.bash'
[2.471s] INFO:colcon.colcon_core.shell:Creating package script '/home/ubuntu/ros_ws/install/wc_mission_manager/share/wc_mission_manager/package.zsh'
[2.471s] Level 1:colcon.colcon_core.environment:create_file_with_runtime_dependencies(/home/ubuntu/ros_ws/install/wc_mission_manager/share/colcon-core/packages/wc_mission_manager)
[2.507s] Level 1:colcon.colcon_core.environment:checking '/home/ubuntu/ros_ws/install/wc_server_bridge' for CMake module files
[2.507s] DEBUG:colcon.colcon_core.event_handler.log_command:Invoked command in '/home/ubuntu/ros_ws/src/wc_server_bridge' returned '0': PYTHONPATH=/home/ubuntu/ros_ws/build/wc_server_bridge/prefix_override:/usr/lib/python3/dist-packages/colcon_core/task/python/colcon_distutils_commands:/home/ubuntu/ros_ws/install/wc_server_bridge/lib/python3.10/site-packages:${PYTHONPATH} /usr/bin/python3 -W ignore:setup.py install is deprecated -W ignore:easy_install command is deprecated setup.py egg_info --egg-base ../../build/wc_server_bridge build --build-base /home/ubuntu/ros_ws/build/wc_server_bridge/build install --record /home/ubuntu/ros_ws/build/wc_server_bridge/install.log --single-version-externally-managed install_data
[2.508s] Level 1:colcon.colcon_core.environment:checking '/home/ubuntu/ros_ws/install/wc_server_bridge' for CMake config files
[2.508s] Level 1:colcon.colcon_core.environment:checking '/home/ubuntu/ros_ws/install/wc_server_bridge/lib'
[2.508s] Level 1:colcon.colcon_core.environment:checking '/home/ubuntu/ros_ws/install/wc_server_bridge/bin'
[2.509s] Level 1:colcon.colcon_core.environment:checking '/home/ubuntu/ros_ws/install/wc_server_bridge/lib/pkgconfig/wc_server_bridge.pc'
[2.509s] Level 1:colcon.colcon_core.environment:checking '/home/ubuntu/ros_ws/install/wc_server_bridge/lib/python3.10/site-packages'
[2.509s] Level 1:colcon.colcon_core.shell:create_environment_hook('wc_server_bridge', 'pythonpath')
[2.509s] INFO:colcon.colcon_core.shell:Creating environment hook '/home/ubuntu/ros_ws/install/wc_server_bridge/share/wc_server_bridge/hook/pythonpath.ps1'
[2.511s] INFO:colcon.colcon_core.shell:Creating environment descriptor '/home/ubuntu/ros_ws/install/wc_server_bridge/share/wc_server_bridge/hook/pythonpath.dsv'
[2.511s] INFO:colcon.colcon_core.shell:Creating environment hook '/home/ubuntu/ros_ws/install/wc_server_bridge/share/wc_server_bridge/hook/pythonpath.sh'
[2.512s] Level 1:colcon.colcon_core.environment:checking '/home/ubuntu/ros_ws/install/wc_server_bridge/bin'
[2.512s] Level 1:colcon.colcon_core.environment:create_environment_scripts_only(wc_server_bridge)
[2.512s] INFO:colcon.colcon_core.shell:Creating package script '/home/ubuntu/ros_ws/install/wc_server_bridge/share/wc_server_bridge/package.ps1'
[2.513s] INFO:colcon.colcon_core.shell:Creating package descriptor '/home/ubuntu/ros_ws/install/wc_server_bridge/share/wc_server_bridge/package.dsv'
[2.513s] INFO:colcon.colcon_core.shell:Creating package script '/home/ubuntu/ros_ws/install/wc_server_bridge/share/wc_server_bridge/package.sh'
[2.514s] INFO:colcon.colcon_core.shell:Creating package script '/home/ubuntu/ros_ws/install/wc_server_bridge/share/wc_server_bridge/package.bash'
[2.514s] INFO:colcon.colcon_core.shell:Creating package script '/home/ubuntu/ros_ws/install/wc_server_bridge/share/wc_server_bridge/package.zsh'
[2.515s] Level 1:colcon.colcon_core.environment:create_file_with_runtime_dependencies(/home/ubuntu/ros_ws/install/wc_server_bridge/share/colcon-core/packages/wc_server_bridge)
[2.536s] Level 1:colcon.colcon_core.environment:checking '/home/ubuntu/ros_ws/install/wc_stm_driver' for CMake module files
[2.537s] Level 1:colcon.colcon_core.environment:checking '/home/ubuntu/ros_ws/install/wc_stm_driver' for CMake config files
[2.537s] Level 1:colcon.colcon_core.environment:checking '/home/ubuntu/ros_ws/install/wc_stm_driver/lib'
[2.537s] Level 1:colcon.colcon_core.environment:checking '/home/ubuntu/ros_ws/install/wc_stm_driver/bin'
[2.537s] Level 1:colcon.colcon_core.environment:checking '/home/ubuntu/ros_ws/install/wc_stm_driver/lib/pkgconfig/wc_stm_driver.pc'
[2.536s] DEBUG:colcon.colcon_core.event_handler.log_command:Invoked command in '/home/ubuntu/ros_ws/src/wc_stm_driver' returned '0': PYTHONPATH=/home/ubuntu/ros_ws/build/wc_stm_driver/prefix_override:/usr/lib/python3/dist-packages/colcon_core/task/python/colcon_distutils_commands:/home/ubuntu/ros_ws/install/wc_stm_driver/lib/python3.10/site-packages:${PYTHONPATH} /usr/bin/python3 -W ignore:setup.py install is deprecated -W ignore:easy_install command is deprecated setup.py egg_info --egg-base ../../build/wc_stm_driver build --build-base /home/ubuntu/ros_ws/build/wc_stm_driver/build install --record /home/ubuntu/ros_ws/build/wc_stm_driver/install.log --single-version-externally-managed install_data
[2.537s] Level 1:colcon.colcon_core.environment:checking '/home/ubuntu/ros_ws/install/wc_stm_driver/lib/python3.10/site-packages'
[2.537s] Level 1:colcon.colcon_core.shell:create_environment_hook('wc_stm_driver', 'pythonpath')
[2.538s] INFO:colcon.colcon_core.shell:Creating environment hook '/home/ubuntu/ros_ws/install/wc_stm_driver/share/wc_stm_driver/hook/pythonpath.ps1'
[2.538s] INFO:colcon.colcon_core.shell:Creating environment descriptor '/home/ubuntu/ros_ws/install/wc_stm_driver/share/wc_stm_driver/hook/pythonpath.dsv'
[2.539s] INFO:colcon.colcon_core.shell:Creating environment hook '/home/ubuntu/ros_ws/install/wc_stm_driver/share/wc_stm_driver/hook/pythonpath.sh'
[2.542s] Level 1:colcon.colcon_core.environment:checking '/home/ubuntu/ros_ws/install/wc_stm_driver/bin'
[2.542s] Level 1:colcon.colcon_core.environment:create_environment_scripts_only(wc_stm_driver)
[2.542s] INFO:colcon.colcon_core.shell:Creating package script '/home/ubuntu/ros_ws/install/wc_stm_driver/share/wc_stm_driver/package.ps1'
[2.542s] INFO:colcon.colcon_core.shell:Creating package descriptor '/home/ubuntu/ros_ws/install/wc_stm_driver/share/wc_stm_driver/package.dsv'
[2.543s] INFO:colcon.colcon_core.shell:Creating package script '/home/ubuntu/ros_ws/install/wc_stm_driver/share/wc_stm_driver/package.sh'
[2.543s] INFO:colcon.colcon_core.shell:Creating package script '/home/ubuntu/ros_ws/install/wc_stm_driver/share/wc_stm_driver/package.bash'
[2.543s] INFO:colcon.colcon_core.shell:Creating package script '/home/ubuntu/ros_ws/install/wc_stm_driver/share/wc_stm_driver/package.zsh'
[2.543s] Level 1:colcon.colcon_core.environment:create_file_with_runtime_dependencies(/home/ubuntu/ros_ws/install/wc_stm_driver/share/colcon-core/packages/wc_stm_driver)
[2.543s] DEBUG:colcon.colcon_parallel_executor.executor.parallel:closing loop
[2.543s] DEBUG:colcon.colcon_parallel_executor.executor.parallel:loop closed
[2.543s] DEBUG:colcon.colcon_parallel_executor.executor.parallel:run_until_complete finished with '0'
[2.544s] DEBUG:colcon.colcon_core.event_reactor:joining thread
[2.557s] INFO:colcon.colcon_core.plugin_system:Skipping extension 'colcon_notification.desktop_notification.terminal_notifier': Not used on non-Darwin systems
[2.557s] INFO:colcon.colcon_core.plugin_system:Skipping extension 'colcon_notification.desktop_notification.win32': Not used on non-Windows systems
[2.557s] INFO:colcon.colcon_notification.desktop_notification:Sending desktop notification using 'notify2'
[2.579s] DEBUG:colcon.colcon_core.event_reactor:joined thread
[2.579s] INFO:colcon.colcon_core.shell:Creating prefix script '/home/ubuntu/ros_ws/install/local_setup.ps1'
[2.581s] INFO:colcon.colcon_core.shell:Creating prefix util module '/home/ubuntu/ros_ws/install/_local_setup_util_ps1.py'
[2.582s] INFO:colcon.colcon_core.shell:Creating prefix chain script '/home/ubuntu/ros_ws/install/setup.ps1'
[2.583s] INFO:colcon.colcon_core.shell:Creating prefix script '/home/ubuntu/ros_ws/install/local_setup.sh'
[2.584s] INFO:colcon.colcon_core.shell:Creating prefix util module '/home/ubuntu/ros_ws/install/_local_setup_util_sh.py'
[2.584s] INFO:colcon.colcon_core.shell:Creating prefix chain script '/home/ubuntu/ros_ws/install/setup.sh'
[2.587s] INFO:colcon.colcon_core.shell:Creating prefix script '/home/ubuntu/ros_ws/install/local_setup.bash'
[2.589s] INFO:colcon.colcon_core.shell:Creating prefix chain script '/home/ubuntu/ros_ws/install/setup.bash'
[2.592s] INFO:colcon.colcon_core.shell:Creating prefix script '/home/ubuntu/ros_ws/install/local_setup.zsh'
[2.593s] INFO:colcon.colcon_core.shell:Creating prefix chain script '/home/ubuntu/ros_ws/install/setup.zsh'
