[2.792s] Invoking command in '/home/ubuntu/ros_ws/src/wc_mission_manager': PYTHONPATH=/home/ubuntu/ros_ws/build/wc_mission_manager/prefix_override:/usr/lib/python3/dist-packages/colcon_core/task/python/colcon_distutils_commands:/home/ubuntu/ros_ws/install/wc_mission_manager/lib/python3.10/site-packages:${PYTHONPATH} /usr/bin/python3 -W ignore:setup.py install is deprecated -W ignore:easy_install command is deprecated setup.py egg_info --egg-base ../../build/wc_mission_manager build --build-base /home/ubuntu/ros_ws/build/wc_mission_manager/build install --record /home/ubuntu/ros_ws/build/wc_mission_manager/install.log --single-version-externally-managed install_data
[3.912s] running egg_info
[3.912s] writing ../../build/wc_mission_manager/wc_mission_manager.egg-info/PKG-INFO
[3.912s] writing dependency_links to ../../build/wc_mission_manager/wc_mission_manager.egg-info/dependency_links.txt
[3.912s] writing entry points to ../../build/wc_mission_manager/wc_mission_manager.egg-info/entry_points.txt
[3.912s] writing requirements to ../../build/wc_mission_manager/wc_mission_manager.egg-info/requires.txt
[3.922s] writing top-level names to ../../build/wc_mission_manager/wc_mission_manager.egg-info/top_level.txt
[3.923s] reading manifest file '../../build/wc_mission_manager/wc_mission_manager.egg-info/SOURCES.txt'
[3.924s] writing manifest file '../../build/wc_mission_manager/wc_mission_manager.egg-info/SOURCES.txt'
[3.924s] running build
[3.924s] running build_py
[3.925s] running install
[3.926s] running install_lib
[3.927s] running install_data
[3.927s] running install_egg_info
[3.929s] removing '/home/ubuntu/ros_ws/install/wc_mission_manager/lib/python3.10/site-packages/wc_mission_manager-0.0.0-py3.10.egg-info' (and everything under it)
[3.931s] Copying ../../build/wc_mission_manager/wc_mission_manager.egg-info to /home/ubuntu/ros_ws/install/wc_mission_manager/lib/python3.10/site-packages/wc_mission_manager-0.0.0-py3.10.egg-info
[3.931s] running install_scripts
[3.996s] Installing mission_manager script to /home/ubuntu/ros_ws/install/wc_mission_manager/lib/wc_mission_manager
[3.996s] writing list of installed files to '/home/ubuntu/ros_ws/build/wc_mission_manager/install.log'
[4.044s] Invoked command in '/home/ubuntu/ros_ws/src/wc_mission_manager' returned '0': PYTHONPATH=/home/ubuntu/ros_ws/build/wc_mission_manager/prefix_override:/usr/lib/python3/dist-packages/colcon_core/task/python/colcon_distutils_commands:/home/ubuntu/ros_ws/install/wc_mission_manager/lib/python3.10/site-packages:${PYTHONPATH} /usr/bin/python3 -W ignore:setup.py install is deprecated -W ignore:easy_install command is deprecated setup.py egg_info --egg-base ../../build/wc_mission_manager build --build-base /home/ubuntu/ros_ws/build/wc_mission_manager/build install --record /home/ubuntu/ros_ws/build/wc_mission_manager/install.log --single-version-externally-managed install_data
