running egg_info
creating ../../build/wc_stm_driver/wc_stm_driver.egg-info
writing ../../build/wc_stm_driver/wc_stm_driver.egg-info/PKG-INFO
writing dependency_links to ../../build/wc_stm_driver/wc_stm_driver.egg-info/dependency_links.txt
writing entry points to ../../build/wc_stm_driver/wc_stm_driver.egg-info/entry_points.txt
writing requirements to ../../build/wc_stm_driver/wc_stm_driver.egg-info/requires.txt
writing top-level names to ../../build/wc_stm_driver/wc_stm_driver.egg-info/top_level.txt
writing manifest file '../../build/wc_stm_driver/wc_stm_driver.egg-info/SOURCES.txt'
reading manifest file '../../build/wc_stm_driver/wc_stm_driver.egg-info/SOURCES.txt'
writing manifest file '../../build/wc_stm_driver/wc_stm_driver.egg-info/SOURCES.txt'
running build
running build_py
creating /home/ubuntu/ros_ws/build/wc_stm_driver/build
creating /home/ubuntu/ros_ws/build/wc_stm_driver/build/lib
creating /home/ubuntu/ros_ws/build/wc_stm_driver/build/lib/wc_stm_driver
copying wc_stm_driver/__init__.py -> /home/ubuntu/ros_ws/build/wc_stm_driver/build/lib/wc_stm_driver
copying wc_stm_driver/stm_driver.py -> /home/ubuntu/ros_ws/build/wc_stm_driver/build/lib/wc_stm_driver
running install
running install_lib
creating /home/ubuntu/ros_ws/install/wc_stm_driver/lib/python3.10/site-packages/wc_stm_driver
copying /home/ubuntu/ros_ws/build/wc_stm_driver/build/lib/wc_stm_driver/__init__.py -> /home/ubuntu/ros_ws/install/wc_stm_driver/lib/python3.10/site-packages/wc_stm_driver
copying /home/ubuntu/ros_ws/build/wc_stm_driver/build/lib/wc_stm_driver/stm_driver.py -> /home/ubuntu/ros_ws/install/wc_stm_driver/lib/python3.10/site-packages/wc_stm_driver
byte-compiling /home/ubuntu/ros_ws/install/wc_stm_driver/lib/python3.10/site-packages/wc_stm_driver/__init__.py to __init__.cpython-310.pyc
byte-compiling /home/ubuntu/ros_ws/install/wc_stm_driver/lib/python3.10/site-packages/wc_stm_driver/stm_driver.py to stm_driver.cpython-310.pyc
running install_data
creating /home/ubuntu/ros_ws/install/wc_stm_driver/share/ament_index
creating /home/ubuntu/ros_ws/install/wc_stm_driver/share/ament_index/resource_index
creating /home/ubuntu/ros_ws/install/wc_stm_driver/share/ament_index/resource_index/packages
copying resource/wc_stm_driver -> /home/ubuntu/ros_ws/install/wc_stm_driver/share/ament_index/resource_index/packages
copying package.xml -> /home/ubuntu/ros_ws/install/wc_stm_driver/share/wc_stm_driver
running install_egg_info
Copying ../../build/wc_stm_driver/wc_stm_driver.egg-info to /home/ubuntu/ros_ws/install/wc_stm_driver/lib/python3.10/site-packages/wc_stm_driver-0.0.0-py3.10.egg-info
running install_scripts
writing list of installed files to '/home/ubuntu/ros_ws/build/wc_stm_driver/install.log'
