[1.062s] Invoking command in '/home/ubuntu/ros_ws/src/wc_bringup': PYTHONPATH=/home/ubuntu/ros_ws/build/wc_bringup/prefix_override:/usr/lib/python3/dist-packages/colcon_core/task/python/colcon_distutils_commands:/home/ubuntu/ros_ws/install/wc_bringup/lib/python3.10/site-packages:${PYTHONPATH} /usr/bin/python3 -W ignore:setup.py install is deprecated -W ignore:easy_install command is deprecated setup.py egg_info --egg-base ../../build/wc_bringup build --build-base /home/ubuntu/ros_ws/build/wc_bringup/build install --record /home/ubuntu/ros_ws/build/wc_bringup/install.log --single-version-externally-managed install_data
[1.327s] running egg_info
[1.328s] writing ../../build/wc_bringup/wc_bringup.egg-info/PKG-INFO
[1.328s] writing dependency_links to ../../build/wc_bringup/wc_bringup.egg-info/dependency_links.txt
[1.328s] writing entry points to ../../build/wc_bringup/wc_bringup.egg-info/entry_points.txt
[1.328s] writing requirements to ../../build/wc_bringup/wc_bringup.egg-info/requires.txt
[1.328s] writing top-level names to ../../build/wc_bringup/wc_bringup.egg-info/top_level.txt
[1.330s] reading manifest file '../../build/wc_bringup/wc_bringup.egg-info/SOURCES.txt'
[1.330s] writing manifest file '../../build/wc_bringup/wc_bringup.egg-info/SOURCES.txt'
[1.330s] running build
[1.330s] running build_py
[1.332s] running install
[1.332s] running install_lib
[1.333s] running install_data
[1.333s] copying resource/wc_bringup -> /home/ubuntu/ros_ws/install/wc_bringup/share/ament_index/resource_index/packages
[1.333s] copying package.xml -> /home/ubuntu/ros_ws/install/wc_bringup/share/wc_bringup
[1.333s] copying launch/bringup.launch.py -> /home/ubuntu/ros_ws/install/wc_bringup/share/wc_bringup/launch
[1.333s] copying config/robots.yaml -> /home/ubuntu/ros_ws/install/wc_bringup/share/wc_bringup/config
[1.334s] copying config/nav2_params.yaml -> /home/ubuntu/ros_ws/install/wc_bringup/share/wc_bringup/config
[1.334s] copying config/map_Hospital.yaml -> /home/ubuntu/ros_ws/install/wc_bringup/share/wc_bringup/config
[1.334s] running install_egg_info
[1.334s] removing '/home/ubuntu/ros_ws/install/wc_bringup/lib/python3.10/site-packages/wc_bringup-0.0.0-py3.10.egg-info' (and everything under it)
[1.334s] Copying ../../build/wc_bringup/wc_bringup.egg-info to /home/ubuntu/ros_ws/install/wc_bringup/lib/python3.10/site-packages/wc_bringup-0.0.0-py3.10.egg-info
[1.335s] running install_scripts
[1.349s] writing list of installed files to '/home/ubuntu/ros_ws/build/wc_bringup/install.log'
[1.371s] Invoked command in '/home/ubuntu/ros_ws/src/wc_bringup' returned '0': PYTHONPATH=/home/ubuntu/ros_ws/build/wc_bringup/prefix_override:/usr/lib/python3/dist-packages/colcon_core/task/python/colcon_distutils_commands:/home/ubuntu/ros_ws/install/wc_bringup/lib/python3.10/site-packages:${PYTHONPATH} /usr/bin/python3 -W ignore:setup.py install is deprecated -W ignore:easy_install command is deprecated setup.py egg_info --egg-base ../../build/wc_bringup build --build-base /home/ubuntu/ros_ws/build/wc_bringup/build install --record /home/ubuntu/ros_ws/build/wc_bringup/install.log --single-version-externally-managed install_data
