[1.149s] Invoking command in '/home/ubuntu/ros_ws/src/wc_mission_manager': PYTHONPATH=/home/ubuntu/ros_ws/build/wc_mission_manager/prefix_override:/usr/lib/python3/dist-packages/colcon_core/task/python/colcon_distutils_commands:/home/ubuntu/ros_ws/install/wc_mission_manager/lib/python3.10/site-packages:${PYTHONPATH} /usr/bin/python3 -W ignore:setup.py install is deprecated -W ignore:easy_install command is deprecated setup.py egg_info --egg-base ../../build/wc_mission_manager build --build-base /home/ubuntu/ros_ws/build/wc_mission_manager/build install --record /home/ubuntu/ros_ws/build/wc_mission_manager/install.log --single-version-externally-managed install_data
[1.566s] running egg_info
[1.567s] writing ../../build/wc_mission_manager/wc_mission_manager.egg-info/PKG-INFO
[1.567s] writing dependency_links to ../../build/wc_mission_manager/wc_mission_manager.egg-info/dependency_links.txt
[1.572s] writing entry points to ../../build/wc_mission_manager/wc_mission_manager.egg-info/entry_points.txt
[1.572s] writing requirements to ../../build/wc_mission_manager/wc_mission_manager.egg-info/requires.txt
[1.572s] writing top-level names to ../../build/wc_mission_manager/wc_mission_manager.egg-info/top_level.txt
[1.572s] reading manifest file '../../build/wc_mission_manager/wc_mission_manager.egg-info/SOURCES.txt'
[1.577s] writing manifest file '../../build/wc_mission_manager/wc_mission_manager.egg-info/SOURCES.txt'
[1.577s] running build
[1.577s] running build_py
[1.578s] copying wc_mission_manager/mission_manager.py -> /home/ubuntu/ros_ws/build/wc_mission_manager/build/lib/wc_mission_manager
[1.578s] running install
[1.578s] running install_lib
[1.578s] copying /home/ubuntu/ros_ws/build/wc_mission_manager/build/lib/wc_mission_manager/mission_manager.py -> /home/ubuntu/ros_ws/install/wc_mission_manager/lib/python3.10/site-packages/wc_mission_manager
[1.584s] byte-compiling /home/ubuntu/ros_ws/install/wc_mission_manager/lib/python3.10/site-packages/wc_mission_manager/mission_manager.py to mission_manager.cpython-310.pyc
[1.584s] running install_data
[1.584s] running install_egg_info
[1.587s] removing '/home/ubuntu/ros_ws/install/wc_mission_manager/lib/python3.10/site-packages/wc_mission_manager-0.0.0-py3.10.egg-info' (and everything under it)
[1.588s] Copying ../../build/wc_mission_manager/wc_mission_manager.egg-info to /home/ubuntu/ros_ws/install/wc_mission_manager/lib/python3.10/site-packages/wc_mission_manager-0.0.0-py3.10.egg-info
[1.589s] running install_scripts
[1.636s] Installing mission_manager script to /home/ubuntu/ros_ws/install/wc_mission_manager/lib/wc_mission_manager
[1.638s] writing list of installed files to '/home/ubuntu/ros_ws/build/wc_mission_manager/install.log'
[1.700s] Invoked command in '/home/ubuntu/ros_ws/src/wc_mission_manager' returned '0': PYTHONPATH=/home/ubuntu/ros_ws/build/wc_mission_manager/prefix_override:/usr/lib/python3/dist-packages/colcon_core/task/python/colcon_distutils_commands:/home/ubuntu/ros_ws/install/wc_mission_manager/lib/python3.10/site-packages:${PYTHONPATH} /usr/bin/python3 -W ignore:setup.py install is deprecated -W ignore:easy_install command is deprecated setup.py egg_info --egg-base ../../build/wc_mission_manager build --build-base /home/ubuntu/ros_ws/build/wc_mission_manager/build install --record /home/ubuntu/ros_ws/build/wc_mission_manager/install.log --single-version-externally-managed install_data
