running develop
Removing /home/ubuntu/ros_ws/install/wc_server_bridge/lib/python3.10/site-packages/wc-server-bridge.egg-link (link to .)
running egg_info
writing ../../build/wc_server_bridge/wc_server_bridge.egg-info/PKG-INFO
writing dependency_links to ../../build/wc_server_bridge/wc_server_bridge.egg-info/dependency_links.txt
writing entry points to ../../build/wc_server_bridge/wc_server_bridge.egg-info/entry_points.txt
writing requirements to ../../build/wc_server_bridge/wc_server_bridge.egg-info/requires.txt
writing top-level names to ../../build/wc_server_bridge/wc_server_bridge.egg-info/top_level.txt
reading manifest file '../../build/wc_server_bridge/wc_server_bridge.egg-info/SOURCES.txt'
writing manifest file '../../build/wc_server_bridge/wc_server_bridge.egg-info/SOURCES.txt'
running build
running build_py
running install
running install_lib
creating /home/ubuntu/ros_ws/install/wc_server_bridge/lib/python3.10/site-packages/wc_server_bridge
copying /home/ubuntu/ros_ws/build/wc_server_bridge/build/lib/wc_server_bridge/__init__.py -> /home/ubuntu/ros_ws/install/wc_server_bridge/lib/python3.10/site-packages/wc_server_bridge
copying /home/ubuntu/ros_ws/build/wc_server_bridge/build/lib/wc_server_bridge/tcp_bridge.py -> /home/ubuntu/ros_ws/install/wc_server_bridge/lib/python3.10/site-packages/wc_server_bridge
byte-compiling /home/ubuntu/ros_ws/install/wc_server_bridge/lib/python3.10/site-packages/wc_server_bridge/__init__.py to __init__.cpython-310.pyc
byte-compiling /home/ubuntu/ros_ws/install/wc_server_bridge/lib/python3.10/site-packages/wc_server_bridge/tcp_bridge.py to tcp_bridge.cpython-310.pyc
running install_data
copying resource/wc_server_bridge -> /home/ubuntu/ros_ws/install/wc_server_bridge/share/ament_index/resource_index/packages
copying package.xml -> /home/ubuntu/ros_ws/install/wc_server_bridge/share/wc_server_bridge
running install_egg_info
Copying ../../build/wc_server_bridge/wc_server_bridge.egg-info to /home/ubuntu/ros_ws/install/wc_server_bridge/lib/python3.10/site-packages/wc_server_bridge-0.0.0-py3.10.egg-info
running install_scripts
Installing tcp_bridge script to /home/ubuntu/ros_ws/install/wc_server_bridge/lib/wc_server_bridge
writing list of installed files to '/home/ubuntu/ros_ws/build/wc_server_bridge/install.log'
