[2.718s] Invoking command in '/home/ubuntu/ros_ws/build/wc_bringup': PYTHONPATH=/home/ubuntu/ros_ws/build/wc_bringup/prefix_override:/usr/lib/python3/dist-packages/colcon_core/task/python/colcon_distutils_commands:/home/ubuntu/ros_ws/install/wc_bringup/lib/python3.10/site-packages:${PYTHONPATH} /usr/bin/python3 -W ignore:setup.py install is deprecated -W ignore:easy_install command is deprecated setup.py develop --editable --build-directory /home/ubuntu/ros_ws/build/wc_bringup/build --no-deps symlink_data --force
[3.531s] running develop
[3.861s] running egg_info
[3.864s] writing wc_bringup.egg-info/PKG-INFO
[3.866s] writing dependency_links to wc_bringup.egg-info/dependency_links.txt
[3.866s] writing entry points to wc_bringup.egg-info/entry_points.txt
[3.866s] writing requirements to wc_bringup.egg-info/requires.txt
[3.866s] writing top-level names to wc_bringup.egg-info/top_level.txt
[3.868s] reading manifest file 'wc_bringup.egg-info/SOURCES.txt'
[3.869s] writing manifest file 'wc_bringup.egg-info/SOURCES.txt'
[3.871s] running build_ext
[3.871s] Creating /home/ubuntu/ros_ws/install/wc_bringup/lib/python3.10/site-packages/wc-bringup.egg-link (link to .)
[3.871s] 
[3.871s] Installed /home/ubuntu/ros_ws/build/wc_bringup
[3.872s] running symlink_data
[3.872s] symbolically linking /home/ubuntu/ros_ws/build/wc_bringup/resource/wc_bringup -> /home/ubuntu/ros_ws/install/wc_bringup/share/ament_index/resource_index/packages
[3.872s] symbolically linking /home/ubuntu/ros_ws/build/wc_bringup/package.xml -> /home/ubuntu/ros_ws/install/wc_bringup/share/wc_bringup
[3.876s] symbolically linking /home/ubuntu/ros_ws/build/wc_bringup/launch/bringup.launch.py -> /home/ubuntu/ros_ws/install/wc_bringup/share/wc_bringup/launch
[3.876s] symbolically linking /home/ubuntu/ros_ws/build/wc_bringup/config/robots.yaml -> /home/ubuntu/ros_ws/install/wc_bringup/share/wc_bringup/config
[3.876s] symbolically linking /home/ubuntu/ros_ws/build/wc_bringup/config/nav2_params.yaml -> /home/ubuntu/ros_ws/install/wc_bringup/share/wc_bringup/config
[3.876s] symbolically linking /home/ubuntu/ros_ws/build/wc_bringup/config/map_Hospital.yaml -> /home/ubuntu/ros_ws/install/wc_bringup/share/wc_bringup/config
[3.923s] Invoked command in '/home/ubuntu/ros_ws/build/wc_bringup' returned '0': PYTHONPATH=/home/ubuntu/ros_ws/build/wc_bringup/prefix_override:/usr/lib/python3/dist-packages/colcon_core/task/python/colcon_distutils_commands:/home/ubuntu/ros_ws/install/wc_bringup/lib/python3.10/site-packages:${PYTHONPATH} /usr/bin/python3 -W ignore:setup.py install is deprecated -W ignore:easy_install command is deprecated setup.py develop --editable --build-directory /home/ubuntu/ros_ws/build/wc_bringup/build --no-deps symlink_data --force
