[1.301s] Invoking command in '/home/ubuntu/ros_ws/build/wc_bringup': PYTHONPATH=/home/ubuntu/ros_ws/build/wc_bringup/prefix_override:/usr/lib/python3/dist-packages/colcon_core/task/python/colcon_distutils_commands:/home/ubuntu/ros_ws/install/wc_bringup/lib/python3.10/site-packages:${PYTHONPATH} /usr/bin/python3 -W ignore:setup.py install is deprecated -W ignore:easy_install command is deprecated setup.py develop --uninstall --editable --build-directory /home/ubuntu/ros_ws/build/wc_bringup/build
[1.750s] running develop
[2.020s] Removing /home/ubuntu/ros_ws/install/wc_bringup/lib/python3.10/site-packages/wc-bringup.egg-link (link to .)
[2.090s] Invoked command in '/home/ubuntu/ros_ws/build/wc_bringup' returned '0': PYTHONPATH=/home/ubuntu/ros_ws/build/wc_bringup/prefix_override:/usr/lib/python3/dist-packages/colcon_core/task/python/colcon_distutils_commands:/home/ubuntu/ros_ws/install/wc_bringup/lib/python3.10/site-packages:${PYTHONPATH} /usr/bin/python3 -W ignore:setup.py install is deprecated -W ignore:easy_install command is deprecated setup.py develop --uninstall --editable --build-directory /home/ubuntu/ros_ws/build/wc_bringup/build
[2.094s] Invoking command in '/home/ubuntu/ros_ws/src/wc_bringup': PYTHONPATH=/home/ubuntu/ros_ws/build/wc_bringup/prefix_override:/usr/lib/python3/dist-packages/colcon_core/task/python/colcon_distutils_commands:/home/ubuntu/ros_ws/install/wc_bringup/lib/python3.10/site-packages:${PYTHONPATH} /usr/bin/python3 -W ignore:setup.py install is deprecated -W ignore:easy_install command is deprecated setup.py egg_info --egg-base ../../build/wc_bringup build --build-base /home/ubuntu/ros_ws/build/wc_bringup/build install --record /home/ubuntu/ros_ws/build/wc_bringup/install.log --single-version-externally-managed install_data --force
[2.540s] running egg_info
[2.543s] writing ../../build/wc_bringup/wc_bringup.egg-info/PKG-INFO
[2.549s] writing dependency_links to ../../build/wc_bringup/wc_bringup.egg-info/dependency_links.txt
[2.550s] writing entry points to ../../build/wc_bringup/wc_bringup.egg-info/entry_points.txt
[2.550s] writing requirements to ../../build/wc_bringup/wc_bringup.egg-info/requires.txt
[2.550s] writing top-level names to ../../build/wc_bringup/wc_bringup.egg-info/top_level.txt
[2.550s] reading manifest file '../../build/wc_bringup/wc_bringup.egg-info/SOURCES.txt'
[2.550s] writing manifest file '../../build/wc_bringup/wc_bringup.egg-info/SOURCES.txt'
[2.550s] running build
[2.550s] running build_py
[2.550s] running install
[2.550s] running install_lib
[2.550s] creating /home/ubuntu/ros_ws/install/wc_bringup/lib/python3.10/site-packages/wc_bringup
[2.550s] copying /home/ubuntu/ros_ws/build/wc_bringup/build/lib/wc_bringup/__init__.py -> /home/ubuntu/ros_ws/install/wc_bringup/lib/python3.10/site-packages/wc_bringup
[2.552s] byte-compiling /home/ubuntu/ros_ws/install/wc_bringup/lib/python3.10/site-packages/wc_bringup/__init__.py to __init__.cpython-310.pyc
[2.552s] running install_data
[2.552s] copying resource/wc_bringup -> /home/ubuntu/ros_ws/install/wc_bringup/share/ament_index/resource_index/packages
[2.552s] copying package.xml -> /home/ubuntu/ros_ws/install/wc_bringup/share/wc_bringup
[2.552s] copying launch/bringup.launch.py -> /home/ubuntu/ros_ws/install/wc_bringup/share/wc_bringup/launch
[2.552s] copying config/robots.yaml -> /home/ubuntu/ros_ws/install/wc_bringup/share/wc_bringup/config
[2.552s] running install_egg_info
[2.552s] Copying ../../build/wc_bringup/wc_bringup.egg-info to /home/ubuntu/ros_ws/install/wc_bringup/lib/python3.10/site-packages/wc_bringup-0.0.0-py3.10.egg-info
[2.552s] running install_scripts
[2.593s] writing list of installed files to '/home/ubuntu/ros_ws/build/wc_bringup/install.log'
[2.638s] Invoked command in '/home/ubuntu/ros_ws/src/wc_bringup' returned '0': PYTHONPATH=/home/ubuntu/ros_ws/build/wc_bringup/prefix_override:/usr/lib/python3/dist-packages/colcon_core/task/python/colcon_distutils_commands:/home/ubuntu/ros_ws/install/wc_bringup/lib/python3.10/site-packages:${PYTHONPATH} /usr/bin/python3 -W ignore:setup.py install is deprecated -W ignore:easy_install command is deprecated setup.py egg_info --egg-base ../../build/wc_bringup build --build-base /home/ubuntu/ros_ws/build/wc_bringup/build install --record /home/ubuntu/ros_ws/build/wc_bringup/install.log --single-version-externally-managed install_data --force
