[1.301s] Invoking command in '/home/ubuntu/ros_ws/src/wc_mission_manager': PYTHONPATH=/home/ubuntu/ros_ws/build/wc_mission_manager/prefix_override:/usr/lib/python3/dist-packages/colcon_core/task/python/colcon_distutils_commands:/home/ubuntu/ros_ws/install/wc_mission_manager/lib/python3.10/site-packages:${PYTHONPATH} /usr/bin/python3 -W ignore:setup.py install is deprecated -W ignore:easy_install command is deprecated setup.py egg_info --egg-base ../../build/wc_mission_manager build --build-base /home/ubuntu/ros_ws/build/wc_mission_manager/build install --record /home/ubuntu/ros_ws/build/wc_mission_manager/install.log --single-version-externally-managed install_data
[1.723s] running egg_info
[1.724s] writing ../../build/wc_mission_manager/wc_mission_manager.egg-info/PKG-INFO
[1.725s] writing dependency_links to ../../build/wc_mission_manager/wc_mission_manager.egg-info/dependency_links.txt
[1.725s] writing entry points to ../../build/wc_mission_manager/wc_mission_manager.egg-info/entry_points.txt
[1.725s] writing requirements to ../../build/wc_mission_manager/wc_mission_manager.egg-info/requires.txt
[1.725s] writing top-level names to ../../build/wc_mission_manager/wc_mission_manager.egg-info/top_level.txt
[1.732s] reading manifest file '../../build/wc_mission_manager/wc_mission_manager.egg-info/SOURCES.txt'
[1.732s] writing manifest file '../../build/wc_mission_manager/wc_mission_manager.egg-info/SOURCES.txt'
[1.732s] running build
[1.733s] running build_py
[1.733s] running install
[1.733s] running install_lib
[1.733s] running install_data
[1.733s] running install_egg_info
[1.735s] removing '/home/ubuntu/ros_ws/install/wc_mission_manager/lib/python3.10/site-packages/wc_mission_manager-0.0.0-py3.10.egg-info' (and everything under it)
[1.736s] Copying ../../build/wc_mission_manager/wc_mission_manager.egg-info to /home/ubuntu/ros_ws/install/wc_mission_manager/lib/python3.10/site-packages/wc_mission_manager-0.0.0-py3.10.egg-info
[1.738s] running install_scripts
[1.761s] Installing mission_manager script to /home/ubuntu/ros_ws/install/wc_mission_manager/lib/wc_mission_manager
[1.761s] writing list of installed files to '/home/ubuntu/ros_ws/build/wc_mission_manager/install.log'
[1.785s] Invoked command in '/home/ubuntu/ros_ws/src/wc_mission_manager' returned '0': PYTHONPATH=/home/ubuntu/ros_ws/build/wc_mission_manager/prefix_override:/usr/lib/python3/dist-packages/colcon_core/task/python/colcon_distutils_commands:/home/ubuntu/ros_ws/install/wc_mission_manager/lib/python3.10/site-packages:${PYTHONPATH} /usr/bin/python3 -W ignore:setup.py install is deprecated -W ignore:easy_install command is deprecated setup.py egg_info --egg-base ../../build/wc_mission_manager build --build-base /home/ubuntu/ros_ws/build/wc_mission_manager/build install --record /home/ubuntu/ros_ws/build/wc_mission_manager/install.log --single-version-externally-managed install_data
