[0.861s] Invoking command in '/home/ubuntu/ros_ws/build/wc_server_bridge': PYTHONPATH=/home/ubuntu/ros_ws/build/wc_server_bridge/prefix_override:/usr/lib/python3/dist-packages/colcon_core/task/python/colcon_distutils_commands:/home/ubuntu/ros_ws/install/wc_server_bridge/lib/python3.10/site-packages:${PYTHONPATH} /usr/bin/python3 -W ignore:setup.py install is deprecated -W ignore:easy_install command is deprecated setup.py develop --editable --build-directory /home/ubuntu/ros_ws/build/wc_server_bridge/build --no-deps symlink_data
[1.108s] running develop
[1.322s] running egg_info
[1.322s] creating wc_server_bridge.egg-info
[1.322s] writing wc_server_bridge.egg-info/PKG-INFO
[1.322s] writing dependency_links to wc_server_bridge.egg-info/dependency_links.txt
[1.322s] writing entry points to wc_server_bridge.egg-info/entry_points.txt
[1.322s] writing requirements to wc_server_bridge.egg-info/requires.txt
[1.322s] writing top-level names to wc_server_bridge.egg-info/top_level.txt
[1.323s] writing manifest file 'wc_server_bridge.egg-info/SOURCES.txt'
[1.324s] reading manifest file 'wc_server_bridge.egg-info/SOURCES.txt'
[1.325s] writing manifest file 'wc_server_bridge.egg-info/SOURCES.txt'
[1.325s] running build_ext
[1.326s] Creating /home/ubuntu/ros_ws/install/wc_server_bridge/lib/python3.10/site-packages/wc-server-bridge.egg-link (link to .)
[1.326s] Installing tcp_bridge script to /home/ubuntu/ros_ws/install/wc_server_bridge/lib/wc_server_bridge
[1.326s] 
[1.326s] Installed /home/ubuntu/ros_ws/build/wc_server_bridge
[1.327s] running symlink_data
[1.327s] creating /home/ubuntu/ros_ws/install/wc_server_bridge/share/ament_index
[1.327s] creating /home/ubuntu/ros_ws/install/wc_server_bridge/share/ament_index/resource_index
[1.327s] creating /home/ubuntu/ros_ws/install/wc_server_bridge/share/ament_index/resource_index/packages
[1.327s] symbolically linking /home/ubuntu/ros_ws/build/wc_server_bridge/resource/wc_server_bridge -> /home/ubuntu/ros_ws/install/wc_server_bridge/share/ament_index/resource_index/packages
[1.327s] symbolically linking /home/ubuntu/ros_ws/build/wc_server_bridge/package.xml -> /home/ubuntu/ros_ws/install/wc_server_bridge/share/wc_server_bridge
[1.351s] Invoked command in '/home/ubuntu/ros_ws/build/wc_server_bridge' returned '0': PYTHONPATH=/home/ubuntu/ros_ws/build/wc_server_bridge/prefix_override:/usr/lib/python3/dist-packages/colcon_core/task/python/colcon_distutils_commands:/home/ubuntu/ros_ws/install/wc_server_bridge/lib/python3.10/site-packages:${PYTHONPATH} /usr/bin/python3 -W ignore:setup.py install is deprecated -W ignore:easy_install command is deprecated setup.py develop --editable --build-directory /home/ubuntu/ros_ws/build/wc_server_bridge/build --no-deps symlink_data
