[0.819s] Invoking command in '/home/ubuntu/ros_ws/build/wc_mission_manager': PYTHONPATH=/home/ubuntu/ros_ws/build/wc_mission_manager/prefix_override:/usr/lib/python3/dist-packages/colcon_core/task/python/colcon_distutils_commands:/home/ubuntu/ros_ws/install/wc_mission_manager/lib/python3.10/site-packages:${PYTHONPATH} /usr/bin/python3 -W ignore:setup.py install is deprecated -W ignore:easy_install command is deprecated setup.py develop --editable --build-directory /home/ubuntu/ros_ws/build/wc_mission_manager/build --no-deps symlink_data
[1.044s] running develop
[1.257s] running egg_info
[1.257s] creating wc_mission_manager.egg-info
[1.257s] writing wc_mission_manager.egg-info/PKG-INFO
[1.257s] writing dependency_links to wc_mission_manager.egg-info/dependency_links.txt
[1.257s] writing entry points to wc_mission_manager.egg-info/entry_points.txt
[1.257s] writing requirements to wc_mission_manager.egg-info/requires.txt
[1.257s] writing top-level names to wc_mission_manager.egg-info/top_level.txt
[1.257s] writing manifest file 'wc_mission_manager.egg-info/SOURCES.txt'
[1.257s] reading manifest file 'wc_mission_manager.egg-info/SOURCES.txt'
[1.257s] writing manifest file 'wc_mission_manager.egg-info/SOURCES.txt'
[1.257s] running build_ext
[1.257s] Creating /home/ubuntu/ros_ws/install/wc_mission_manager/lib/python3.10/site-packages/wc-mission-manager.egg-link (link to .)
[1.257s] Installing mission_manager_node script to /home/ubuntu/ros_ws/install/wc_mission_manager/lib/wc_mission_manager
[1.257s] 
[1.257s] Installed /home/ubuntu/ros_ws/build/wc_mission_manager
[1.257s] running symlink_data
[1.257s] creating /home/ubuntu/ros_ws/install/wc_mission_manager/share/ament_index
[1.257s] creating /home/ubuntu/ros_ws/install/wc_mission_manager/share/ament_index/resource_index
[1.257s] creating /home/ubuntu/ros_ws/install/wc_mission_manager/share/ament_index/resource_index/packages
[1.258s] symbolically linking /home/ubuntu/ros_ws/build/wc_mission_manager/resource/wc_mission_manager -> /home/ubuntu/ros_ws/install/wc_mission_manager/share/ament_index/resource_index/packages
[1.258s] symbolically linking /home/ubuntu/ros_ws/build/wc_mission_manager/package.xml -> /home/ubuntu/ros_ws/install/wc_mission_manager/share/wc_mission_manager
[1.290s] Invoked command in '/home/ubuntu/ros_ws/build/wc_mission_manager' returned '0': PYTHONPATH=/home/ubuntu/ros_ws/build/wc_mission_manager/prefix_override:/usr/lib/python3/dist-packages/colcon_core/task/python/colcon_distutils_commands:/home/ubuntu/ros_ws/install/wc_mission_manager/lib/python3.10/site-packages:${PYTHONPATH} /usr/bin/python3 -W ignore:setup.py install is deprecated -W ignore:easy_install command is deprecated setup.py develop --editable --build-directory /home/ubuntu/ros_ws/build/wc_mission_manager/build --no-deps symlink_data
