[1.565s] Invoking command in '/home/ubuntu/ros_ws/src/wc_bringup': PYTHONPATH=/home/ubuntu/ros_ws/build/wc_bringup/prefix_override:/usr/lib/python3/dist-packages/colcon_core/task/python/colcon_distutils_commands:/home/ubuntu/ros_ws/install/wc_bringup/lib/python3.10/site-packages:${PYTHONPATH} /usr/bin/python3 -W ignore:setup.py install is deprecated -W ignore:easy_install command is deprecated setup.py egg_info --egg-base ../../build/wc_bringup build --build-base /home/ubuntu/ros_ws/build/wc_bringup/build install --record /home/ubuntu/ros_ws/build/wc_bringup/install.log --single-version-externally-managed install_data
[2.072s] running egg_info
[2.072s] writing ../../build/wc_bringup/wc_bringup.egg-info/PKG-INFO
[2.073s] writing dependency_links to ../../build/wc_bringup/wc_bringup.egg-info/dependency_links.txt
[2.073s] writing entry points to ../../build/wc_bringup/wc_bringup.egg-info/entry_points.txt
[2.073s] writing requirements to ../../build/wc_bringup/wc_bringup.egg-info/requires.txt
[2.073s] writing top-level names to ../../build/wc_bringup/wc_bringup.egg-info/top_level.txt
[2.076s] reading manifest file '../../build/wc_bringup/wc_bringup.egg-info/SOURCES.txt'
[2.076s] writing manifest file '../../build/wc_bringup/wc_bringup.egg-info/SOURCES.txt'
[2.076s] running build
[2.076s] running build_py
[2.076s] running install
[2.077s] running install_lib
[2.078s] running install_data
[2.078s] running install_egg_info
[2.080s] removing '/home/ubuntu/ros_ws/install/wc_bringup/lib/python3.10/site-packages/wc_bringup-0.0.0-py3.10.egg-info' (and everything under it)
[2.081s] Copying ../../build/wc_bringup/wc_bringup.egg-info to /home/ubuntu/ros_ws/install/wc_bringup/lib/python3.10/site-packages/wc_bringup-0.0.0-py3.10.egg-info
[2.081s] running install_scripts
[2.104s] writing list of installed files to '/home/ubuntu/ros_ws/build/wc_bringup/install.log'
[2.127s] Invoked command in '/home/ubuntu/ros_ws/src/wc_bringup' returned '0': PYTHONPATH=/home/ubuntu/ros_ws/build/wc_bringup/prefix_override:/usr/lib/python3/dist-packages/colcon_core/task/python/colcon_distutils_commands:/home/ubuntu/ros_ws/install/wc_bringup/lib/python3.10/site-packages:${PYTHONPATH} /usr/bin/python3 -W ignore:setup.py install is deprecated -W ignore:easy_install command is deprecated setup.py egg_info --egg-base ../../build/wc_bringup build --build-base /home/ubuntu/ros_ws/build/wc_bringup/build install --record /home/ubuntu/ros_ws/build/wc_bringup/install.log --single-version-externally-managed install_data
