[0.907s] Invoking command in '/home/ubuntu/ros_ws/build/wc_bringup': PYTHONPATH=/home/ubuntu/ros_ws/build/wc_bringup/prefix_override:/usr/lib/python3/dist-packages/colcon_core/task/python/colcon_distutils_commands:/home/ubuntu/ros_ws/install/wc_bringup/lib/python3.10/site-packages:${PYTHONPATH} /usr/bin/python3 -W ignore:setup.py install is deprecated -W ignore:easy_install command is deprecated setup.py develop --editable --build-directory /home/ubuntu/ros_ws/build/wc_bringup/build --no-deps symlink_data
[1.156s] running develop
[1.364s] running egg_info
[1.364s] creating wc_bringup.egg-info
[1.364s] writing wc_bringup.egg-info/PKG-INFO
[1.364s] writing dependency_links to wc_bringup.egg-info/dependency_links.txt
[1.364s] writing entry points to wc_bringup.egg-info/entry_points.txt
[1.364s] writing requirements to wc_bringup.egg-info/requires.txt
[1.364s] writing top-level names to wc_bringup.egg-info/top_level.txt
[1.364s] writing manifest file 'wc_bringup.egg-info/SOURCES.txt'
[1.364s] reading manifest file 'wc_bringup.egg-info/SOURCES.txt'
[1.365s] writing manifest file 'wc_bringup.egg-info/SOURCES.txt'
[1.368s] running build_ext
[1.368s] Creating /home/ubuntu/ros_ws/install/wc_bringup/lib/python3.10/site-packages/wc-bringup.egg-link (link to .)
[1.368s] 
[1.368s] Installed /home/ubuntu/ros_ws/build/wc_bringup
[1.368s] running symlink_data
[1.368s] creating /home/ubuntu/ros_ws/install/wc_bringup/share/ament_index
[1.368s] creating /home/ubuntu/ros_ws/install/wc_bringup/share/ament_index/resource_index
[1.368s] creating /home/ubuntu/ros_ws/install/wc_bringup/share/ament_index/resource_index/packages
[1.368s] symbolically linking /home/ubuntu/ros_ws/build/wc_bringup/resource/wc_bringup -> /home/ubuntu/ros_ws/install/wc_bringup/share/ament_index/resource_index/packages
[1.368s] symbolically linking /home/ubuntu/ros_ws/build/wc_bringup/package.xml -> /home/ubuntu/ros_ws/install/wc_bringup/share/wc_bringup
[1.368s] creating /home/ubuntu/ros_ws/install/wc_bringup/share/wc_bringup/launch
[1.368s] symbolically linking /home/ubuntu/ros_ws/build/wc_bringup/launch/bringup.launch.py -> /home/ubuntu/ros_ws/install/wc_bringup/share/wc_bringup/launch
[1.368s] creating /home/ubuntu/ros_ws/install/wc_bringup/share/wc_bringup/config
[1.368s] symbolically linking /home/ubuntu/ros_ws/build/wc_bringup/config/robots.yaml -> /home/ubuntu/ros_ws/install/wc_bringup/share/wc_bringup/config
[1.386s] Invoked command in '/home/ubuntu/ros_ws/build/wc_bringup' returned '0': PYTHONPATH=/home/ubuntu/ros_ws/build/wc_bringup/prefix_override:/usr/lib/python3/dist-packages/colcon_core/task/python/colcon_distutils_commands:/home/ubuntu/ros_ws/install/wc_bringup/lib/python3.10/site-packages:${PYTHONPATH} /usr/bin/python3 -W ignore:setup.py install is deprecated -W ignore:easy_install command is deprecated setup.py develop --editable --build-directory /home/ubuntu/ros_ws/build/wc_bringup/build --no-deps symlink_data
