-- Install configuration: ""
-- Execute custom install script
-- Up-to-date symlink: /home/ubuntu/project/Project-Hospital-Autonomous-Wheelchair/Hospital_WheelChair/hospital_ws/install/hospital_description/share/hospital_description/meshes/bases/burger_1.stl
-- Up-to-date symlink: /home/ubuntu/project/Project-Hospital-Autonomous-Wheelchair/Hospital_WheelChair/hospital_ws/install/hospital_description/share/hospital_description/meshes/bases/burger_5.stl
-- Up-to-date symlink: /home/ubuntu/project/Project-Hospital-Autonomous-Wheelchair/Hospital_WheelChair/hospital_ws/install/hospital_description/share/hospital_description/meshes/bases/burger_base.stl
-- Up-to-date symlink: /home/ubuntu/project/Project-Hospital-Autonomous-Wheelchair/Hospital_WheelChair/hospital_ws/install/hospital_description/share/hospital_description/meshes/bases/top_plate.stl
-- Up-to-date symlink: /home/ubuntu/project/Project-Hospital-Autonomous-Wheelchair/Hospital_WheelChair/hospital_ws/install/hospital_description/share/hospital_description/meshes/bases/waffle_base.stl
-- Up-to-date symlink: /home/ubuntu/project/Project-Hospital-Autonomous-Wheelchair/Hospital_WheelChair/hospital_ws/install/hospital_description/share/hospital_description/meshes/bases/waffle_pi_base.stl
-- Up-to-date symlink: /home/ubuntu/project/Project-Hospital-Autonomous-Wheelchair/Hospital_WheelChair/hospital_ws/install/hospital_description/share/hospital_description/meshes/chair/chair.stl
-- Up-to-date symlink: /home/ubuntu/project/Project-Hospital-Autonomous-Wheelchair/Hospital_WheelChair/hospital_ws/install/hospital_description/share/hospital_description/meshes/sensors/astra.dae
-- Up-to-date symlink: /home/ubuntu/project/Project-Hospital-Autonomous-Wheelchair/Hospital_WheelChair/hospital_ws/install/hospital_description/share/hospital_description/meshes/sensors/astra.jpg
-- Up-to-date symlink: /home/ubuntu/project/Project-Hospital-Autonomous-Wheelchair/Hospital_WheelChair/hospital_ws/install/hospital_description/share/hospital_description/meshes/sensors/lds.stl
-- Up-to-date symlink: /home/ubuntu/project/Project-Hospital-Autonomous-Wheelchair/Hospital_WheelChair/hospital_ws/install/hospital_description/share/hospital_description/meshes/sensors/r200.dae
-- Up-to-date symlink: /home/ubuntu/project/Project-Hospital-Autonomous-Wheelchair/Hospital_WheelChair/hospital_ws/install/hospital_description/share/hospital_description/meshes/sensors/r200.jpg
-- Up-to-date symlink: /home/ubuntu/project/Project-Hospital-Autonomous-Wheelchair/Hospital_WheelChair/hospital_ws/install/hospital_description/share/hospital_description/meshes/wheels/left_tire.stl
-- Up-to-date symlink: /home/ubuntu/project/Project-Hospital-Autonomous-Wheelchair/Hospital_WheelChair/hospital_ws/install/hospital_description/share/hospital_description/meshes/wheels/right_tire.stl
-- Up-to-date symlink: /home/ubuntu/project/Project-Hospital-Autonomous-Wheelchair/Hospital_WheelChair/hospital_ws/install/hospital_description/share/hospital_description/urdf/turtlebot3_burger_Hospital_fixed.urdf
-- Up-to-date symlink: /home/ubuntu/project/Project-Hospital-Autonomous-Wheelchair/Hospital_WheelChair/hospital_ws/install/hospital_description/share/ament_index/resource_index/package_run_dependencies/hospital_description
-- Up-to-date symlink: /home/ubuntu/project/Project-Hospital-Autonomous-Wheelchair/Hospital_WheelChair/hospital_ws/install/hospital_description/share/ament_index/resource_index/parent_prefix_path/hospital_description
-- Up-to-date symlink: /home/ubuntu/project/Project-Hospital-Autonomous-Wheelchair/Hospital_WheelChair/hospital_ws/install/hospital_description/share/hospital_description/environment/ament_prefix_path.sh
-- Up-to-date symlink: /home/ubuntu/project/Project-Hospital-Autonomous-Wheelchair/Hospital_WheelChair/hospital_ws/install/hospital_description/share/hospital_description/environment/ament_prefix_path.dsv
-- Up-to-date symlink: /home/ubuntu/project/Project-Hospital-Autonomous-Wheelchair/Hospital_WheelChair/hospital_ws/install/hospital_description/share/hospital_description/environment/path.sh
-- Up-to-date symlink: /home/ubuntu/project/Project-Hospital-Autonomous-Wheelchair/Hospital_WheelChair/hospital_ws/install/hospital_description/share/hospital_description/environment/path.dsv
-- Up-to-date symlink: /home/ubuntu/project/Project-Hospital-Autonomous-Wheelchair/Hospital_WheelChair/hospital_ws/install/hospital_description/share/hospital_description/local_setup.bash
-- Up-to-date symlink: /home/ubuntu/project/Project-Hospital-Autonomous-Wheelchair/Hospital_WheelChair/hospital_ws/install/hospital_description/share/hospital_description/local_setup.sh
-- Up-to-date symlink: /home/ubuntu/project/Project-Hospital-Autonomous-Wheelchair/Hospital_WheelChair/hospital_ws/install/hospital_description/share/hospital_description/local_setup.zsh
-- Up-to-date symlink: /home/ubuntu/project/Project-Hospital-Autonomous-Wheelchair/Hospital_WheelChair/hospital_ws/install/hospital_description/share/hospital_description/local_setup.dsv
-- Symlinking: /home/ubuntu/project/Project-Hospital-Autonomous-Wheelchair/Hospital_WheelChair/hospital_ws/install/hospital_description/share/hospital_description/package.dsv
-- Up-to-date symlink: /home/ubuntu/project/Project-Hospital-Autonomous-Wheelchair/Hospital_WheelChair/hospital_ws/install/hospital_description/share/ament_index/resource_index/packages/hospital_description
-- Up-to-date symlink: /home/ubuntu/project/Project-Hospital-Autonomous-Wheelchair/Hospital_WheelChair/hospital_ws/install/hospital_description/share/hospital_description/cmake/hospital_descriptionConfig.cmake
-- Up-to-date symlink: /home/ubuntu/project/Project-Hospital-Autonomous-Wheelchair/Hospital_WheelChair/hospital_ws/install/hospital_description/share/hospital_description/cmake/hospital_descriptionConfig-version.cmake
-- Up-to-date symlink: /home/ubuntu/project/Project-Hospital-Autonomous-Wheelchair/Hospital_WheelChair/hospital_ws/install/hospital_description/share/hospital_description/package.xml
